[2021-04-16 21:04:12] local.ERROR: SQLSTATE[HY000] [2002] Nenhuma ligação pôde ser feita porque o computador de destino
as recusou ativamente (SQL: select * from `alojamento` limit 9) {"exception":"[object] (Illuminate\\Database\\QueryException(code: 2002): SQLSTATE[HY000] [2002] Nenhuma ligação pôde ser feita porque o computador de destino
as recusou ativamente (SQL: select * from `alojamento` limit 9) at C:\\Users\\costa\\Desktop\\Lumen Projeto\\pti-ptr-lumen\\ApiAlojamento\\vendor\\illuminate\\database\\Connection.php:678)
[stacktrace]
#0 C:\\Users\\costa\\Desktop\\Lumen Projeto\\pti-ptr-lumen\\ApiAlojamento\\vendor\\illuminate\\database\\Connection.php(638): Illuminate\\Database\\Connection->runQueryCallback('select * from `...', Array, Object(Closure))
#1 C:\\Users\\costa\\Desktop\\Lumen Projeto\\pti-ptr-lumen\\ApiAlojamento\\vendor\\illuminate\\database\\Connection.php(346): Illuminate\\Database\\Connection->run('select * from `...', Array, Object(Closure))
#2 C:\\Users\\costa\\Desktop\\Lumen Projeto\\pti-ptr-lumen\\ApiAlojamento\\vendor\\illuminate\\database\\Query\\Builder.php(2313): Illuminate\\Database\\Connection->select('select * from `...', Array, true)
#3 C:\\Users\\costa\\Desktop\\Lumen Projeto\\pti-ptr-lumen\\ApiAlojamento\\vendor\\illuminate\\database\\Query\\Builder.php(2301): Illuminate\\Database\\Query\\Builder->runSelect()
#4 C:\\Users\\costa\\Desktop\\Lumen Projeto\\pti-ptr-lumen\\ApiAlojamento\\vendor\\illuminate\\database\\Query\\Builder.php(2796): Illuminate\\Database\\Query\\Builder->Illuminate\\Database\\Query\\{closure}()
#5 C:\\Users\\costa\\Desktop\\Lumen Projeto\\pti-ptr-lumen\\ApiAlojamento\\vendor\\illuminate\\database\\Query\\Builder.php(2302): Illuminate\\Database\\Query\\Builder->onceWithColumns(Array, Object(Closure))
#6 C:\\Users\\costa\\Desktop\\Lumen Projeto\\pti-ptr-lumen\\ApiAlojamento\\vendor\\illuminate\\database\\Eloquent\\Builder.php(588): Illuminate\\Database\\Query\\Builder->get(Array)
#7 C:\\Users\\costa\\Desktop\\Lumen Projeto\\pti-ptr-lumen\\ApiAlojamento\\vendor\\illuminate\\database\\Eloquent\\Builder.php(572): Illuminate\\Database\\Eloquent\\Builder->getModels(Array)
#8 C:\\Users\\costa\\Desktop\\Lumen Projeto\\pti-ptr-lumen\\ApiAlojamento\\app\\Http\\Controllers\\AlojamentoController.php(27): Illuminate\\Database\\Eloquent\\Builder->get()
#9 C:\\Users\\costa\\Desktop\\Lumen Projeto\\pti-ptr-lumen\\ApiAlojamento\\vendor\\illuminate\\container\\BoundMethod.php(36): App\\Http\\Controllers\\AlojamentoController->index()
#10 C:\\Users\\costa\\Desktop\\Lumen Projeto\\pti-ptr-lumen\\ApiAlojamento\\vendor\\illuminate\\container\\Util.php(40): Illuminate\\Container\\BoundMethod::Illuminate\\Container\\{closure}()
#11 C:\\Users\\costa\\Desktop\\Lumen Projeto\\pti-ptr-lumen\\ApiAlojamento\\vendor\\illuminate\\container\\BoundMethod.php(93): Illuminate\\Container\\Util::unwrapIfClosure(Object(Closure))
#12 C:\\Users\\costa\\Desktop\\Lumen Projeto\\pti-ptr-lumen\\ApiAlojamento\\vendor\\illuminate\\container\\BoundMethod.php(37): Illuminate\\Container\\BoundMethod::callBoundMethod(Object(Laravel\\Lumen\\Application), Array, Object(Closure))
#13 C:\\Users\\costa\\Desktop\\Lumen Projeto\\pti-ptr-lumen\\ApiAlojamento\\vendor\\illuminate\\container\\Container.php(610): Illuminate\\Container\\BoundMethod::call(Object(Laravel\\Lumen\\Application), Array, Array, NULL)
#14 C:\\Users\\costa\\Desktop\\Lumen Projeto\\pti-ptr-lumen\\ApiAlojamento\\vendor\\laravel\\lumen-framework\\src\\Concerns\\RoutesRequests.php(386): Illuminate\\Container\\Container->call(Array, Array)
#15 C:\\Users\\costa\\Desktop\\Lumen Projeto\\pti-ptr-lumen\\ApiAlojamento\\vendor\\laravel\\lumen-framework\\src\\Concerns\\RoutesRequests.php(352): Laravel\\Lumen\\Application->callControllerCallable(Array, Array)
#16 C:\\Users\\costa\\Desktop\\Lumen Projeto\\pti-ptr-lumen\\ApiAlojamento\\vendor\\laravel\\lumen-framework\\src\\Concerns\\RoutesRequests.php(326): Laravel\\Lumen\\Application->callLumenController(Object(App\\Http\\Controllers\\AlojamentoController), 'index', Array)
#17 C:\\Users\\costa\\Desktop\\Lumen Projeto\\pti-ptr-lumen\\ApiAlojamento\\vendor\\laravel\\lumen-framework\\src\\Concerns\\RoutesRequests.php(279): Laravel\\Lumen\\Application->callControllerAction(Array)
#18 C:\\Users\\costa\\Desktop\\Lumen Projeto\\pti-ptr-lumen\\ApiAlojamento\\vendor\\laravel\\lumen-framework\\src\\Concerns\\RoutesRequests.php(264): Laravel\\Lumen\\Application->callActionOnArrayBasedRoute(Array)
#19 C:\\Users\\costa\\Desktop\\Lumen Projeto\\pti-ptr-lumen\\ApiAlojamento\\vendor\\laravel\\lumen-framework\\src\\Concerns\\RoutesRequests.php(166): Laravel\\Lumen\\Application->handleFoundRoute(Array)
#20 C:\\Users\\costa\\Desktop\\Lumen Projeto\\pti-ptr-lumen\\ApiAlojamento\\vendor\\laravel\\lumen-framework\\src\\Concerns\\RoutesRequests.php(426): Laravel\\Lumen\\Application->Laravel\\Lumen\\Concerns\\{closure}(Object(Laravel\\Lumen\\Http\\Request))
#21 C:\\Users\\costa\\Desktop\\Lumen Projeto\\pti-ptr-lumen\\ApiAlojamento\\vendor\\laravel\\lumen-framework\\src\\Concerns\\RoutesRequests.php(172): Laravel\\Lumen\\Application->sendThroughPipeline(Array, Object(Closure))
#22 C:\\Users\\costa\\Desktop\\Lumen Projeto\\pti-ptr-lumen\\ApiAlojamento\\vendor\\laravel\\lumen-framework\\src\\Concerns\\RoutesRequests.php(109): Laravel\\Lumen\\Application->dispatch(NULL)
#23 C:\\Users\\costa\\Desktop\\Lumen Projeto\\pti-ptr-lumen\\ApiAlojamento\\public\\index.php(28): Laravel\\Lumen\\Application->run()
#24 {main}

[previous exception] [object] (PDOException(code: 2002): SQLSTATE[HY000] [2002] Nenhuma ligação pôde ser feita porque o computador de destino
as recusou ativamente at C:\\Users\\costa\\Desktop\\Lumen Projeto\\pti-ptr-lumen\\ApiAlojamento\\vendor\\illuminate\\database\\Connectors\\Connector.php:70)
[stacktrace]
#0 C:\\Users\\costa\\Desktop\\Lumen Projeto\\pti-ptr-lumen\\ApiAlojamento\\vendor\\illuminate\\database\\Connectors\\Connector.php(70): PDO->__construct('mysql:host=127....', 'root', '', Array)
#1 C:\\Users\\costa\\Desktop\\Lumen Projeto\\pti-ptr-lumen\\ApiAlojamento\\vendor\\illuminate\\database\\Connectors\\Connector.php(46): Illuminate\\Database\\Connectors\\Connector->createPdoConnection('mysql:host=127....', 'root', '', Array)
#2 C:\\Users\\costa\\Desktop\\Lumen Projeto\\pti-ptr-lumen\\ApiAlojamento\\vendor\\illuminate\\database\\Connectors\\MySqlConnector.php(24): Illuminate\\Database\\Connectors\\Connector->createConnection('mysql:host=127....', Array, Array)
#3 C:\\Users\\costa\\Desktop\\Lumen Projeto\\pti-ptr-lumen\\ApiAlojamento\\vendor\\illuminate\\database\\Connectors\\ConnectionFactory.php(184): Illuminate\\Database\\Connectors\\MySqlConnector->connect(Array)
#4 [internal function]: Illuminate\\Database\\Connectors\\ConnectionFactory->Illuminate\\Database\\Connectors\\{closure}()
#5 C:\\Users\\costa\\Desktop\\Lumen Projeto\\pti-ptr-lumen\\ApiAlojamento\\vendor\\illuminate\\database\\Connection.php(939): call_user_func(Object(Closure))
#6 C:\\Users\\costa\\Desktop\\Lumen Projeto\\pti-ptr-lumen\\ApiAlojamento\\vendor\\illuminate\\database\\Connection.php(974): Illuminate\\Database\\Connection->getPdo()
#7 C:\\Users\\costa\\Desktop\\Lumen Projeto\\pti-ptr-lumen\\ApiAlojamento\\vendor\\illuminate\\database\\Connection.php(412): Illuminate\\Database\\Connection->getReadPdo()
#8 C:\\Users\\costa\\Desktop\\Lumen Projeto\\pti-ptr-lumen\\ApiAlojamento\\vendor\\illuminate\\database\\Connection.php(338): Illuminate\\Database\\Connection->getPdoForSelect(true)
#9 C:\\Users\\costa\\Desktop\\Lumen Projeto\\pti-ptr-lumen\\ApiAlojamento\\vendor\\illuminate\\database\\Connection.php(671): Illuminate\\Database\\Connection->Illuminate\\Database\\{closure}('select * from `...', Array)
#10 C:\\Users\\costa\\Desktop\\Lumen Projeto\\pti-ptr-lumen\\ApiAlojamento\\vendor\\illuminate\\database\\Connection.php(638): Illuminate\\Database\\Connection->runQueryCallback('select * from `...', Array, Object(Closure))
#11 C:\\Users\\costa\\Desktop\\Lumen Projeto\\pti-ptr-lumen\\ApiAlojamento\\vendor\\illuminate\\database\\Connection.php(346): Illuminate\\Database\\Connection->run('select * from `...', Array, Object(Closure))
#12 C:\\Users\\costa\\Desktop\\Lumen Projeto\\pti-ptr-lumen\\ApiAlojamento\\vendor\\illuminate\\database\\Query\\Builder.php(2313): Illuminate\\Database\\Connection->select('select * from `...', Array, true)
#13 C:\\Users\\costa\\Desktop\\Lumen Projeto\\pti-ptr-lumen\\ApiAlojamento\\vendor\\illuminate\\database\\Query\\Builder.php(2301): Illuminate\\Database\\Query\\Builder->runSelect()
#14 C:\\Users\\costa\\Desktop\\Lumen Projeto\\pti-ptr-lumen\\ApiAlojamento\\vendor\\illuminate\\database\\Query\\Builder.php(2796): Illuminate\\Database\\Query\\Builder->Illuminate\\Database\\Query\\{closure}()
#15 C:\\Users\\costa\\Desktop\\Lumen Projeto\\pti-ptr-lumen\\ApiAlojamento\\vendor\\illuminate\\database\\Query\\Builder.php(2302): Illuminate\\Database\\Query\\Builder->onceWithColumns(Array, Object(Closure))
#16 C:\\Users\\costa\\Desktop\\Lumen Projeto\\pti-ptr-lumen\\ApiAlojamento\\vendor\\illuminate\\database\\Eloquent\\Builder.php(588): Illuminate\\Database\\Query\\Builder->get(Array)
#17 C:\\Users\\costa\\Desktop\\Lumen Projeto\\pti-ptr-lumen\\ApiAlojamento\\vendor\\illuminate\\database\\Eloquent\\Builder.php(572): Illuminate\\Database\\Eloquent\\Builder->getModels(Array)
#18 C:\\Users\\costa\\Desktop\\Lumen Projeto\\pti-ptr-lumen\\ApiAlojamento\\app\\Http\\Controllers\\AlojamentoController.php(27): Illuminate\\Database\\Eloquent\\Builder->get()
#19 C:\\Users\\costa\\Desktop\\Lumen Projeto\\pti-ptr-lumen\\ApiAlojamento\\vendor\\illuminate\\container\\BoundMethod.php(36): App\\Http\\Controllers\\AlojamentoController->index()
#20 C:\\Users\\costa\\Desktop\\Lumen Projeto\\pti-ptr-lumen\\ApiAlojamento\\vendor\\illuminate\\container\\Util.php(40): Illuminate\\Container\\BoundMethod::Illuminate\\Container\\{closure}()
#21 C:\\Users\\costa\\Desktop\\Lumen Projeto\\pti-ptr-lumen\\ApiAlojamento\\vendor\\illuminate\\container\\BoundMethod.php(93): Illuminate\\Container\\Util::unwrapIfClosure(Object(Closure))
#22 C:\\Users\\costa\\Desktop\\Lumen Projeto\\pti-ptr-lumen\\ApiAlojamento\\vendor\\illuminate\\container\\BoundMethod.php(37): Illuminate\\Container\\BoundMethod::callBoundMethod(Object(Laravel\\Lumen\\Application), Array, Object(Closure))
#23 C:\\Users\\costa\\Desktop\\Lumen Projeto\\pti-ptr-lumen\\ApiAlojamento\\vendor\\illuminate\\container\\Container.php(610): Illuminate\\Container\\BoundMethod::call(Object(Laravel\\Lumen\\Application), Array, Array, NULL)
#24 C:\\Users\\costa\\Desktop\\Lumen Projeto\\pti-ptr-lumen\\ApiAlojamento\\vendor\\laravel\\lumen-framework\\src\\Concerns\\RoutesRequests.php(386): Illuminate\\Container\\Container->call(Array, Array)
#25 C:\\Users\\costa\\Desktop\\Lumen Projeto\\pti-ptr-lumen\\ApiAlojamento\\vendor\\laravel\\lumen-framework\\src\\Concerns\\RoutesRequests.php(352): Laravel\\Lumen\\Application->callControllerCallable(Array, Array)
#26 C:\\Users\\costa\\Desktop\\Lumen Projeto\\pti-ptr-lumen\\ApiAlojamento\\vendor\\laravel\\lumen-framework\\src\\Concerns\\RoutesRequests.php(326): Laravel\\Lumen\\Application->callLumenController(Object(App\\Http\\Controllers\\AlojamentoController), 'index', Array)
#27 C:\\Users\\costa\\Desktop\\Lumen Projeto\\pti-ptr-lumen\\ApiAlojamento\\vendor\\laravel\\lumen-framework\\src\\Concerns\\RoutesRequests.php(279): Laravel\\Lumen\\Application->callControllerAction(Array)
#28 C:\\Users\\costa\\Desktop\\Lumen Projeto\\pti-ptr-lumen\\ApiAlojamento\\vendor\\laravel\\lumen-framework\\src\\Concerns\\RoutesRequests.php(264): Laravel\\Lumen\\Application->callActionOnArrayBasedRoute(Array)
#29 C:\\Users\\costa\\Desktop\\Lumen Projeto\\pti-ptr-lumen\\ApiAlojamento\\vendor\\laravel\\lumen-framework\\src\\Concerns\\RoutesRequests.php(166): Laravel\\Lumen\\Application->handleFoundRoute(Array)
#30 C:\\Users\\costa\\Desktop\\Lumen Projeto\\pti-ptr-lumen\\ApiAlojamento\\vendor\\laravel\\lumen-framework\\src\\Concerns\\RoutesRequests.php(426): Laravel\\Lumen\\Application->Laravel\\Lumen\\Concerns\\{closure}(Object(Laravel\\Lumen\\Http\\Request))
#31 C:\\Users\\costa\\Desktop\\Lumen Projeto\\pti-ptr-lumen\\ApiAlojamento\\vendor\\laravel\\lumen-framework\\src\\Concerns\\RoutesRequests.php(172): Laravel\\Lumen\\Application->sendThroughPipeline(Array, Object(Closure))
#32 C:\\Users\\costa\\Desktop\\Lumen Projeto\\pti-ptr-lumen\\ApiAlojamento\\vendor\\laravel\\lumen-framework\\src\\Concerns\\RoutesRequests.php(109): Laravel\\Lumen\\Application->dispatch(NULL)
#33 C:\\Users\\costa\\Desktop\\Lumen Projeto\\pti-ptr-lumen\\ApiAlojamento\\public\\index.php(28): Laravel\\Lumen\\Application->run()
#34 {main}
"} 
[2021-04-16 21:04:33] local.ERROR: SQLSTATE[HY000] [2002] Nenhuma ligação pôde ser feita porque o computador de destino
as recusou ativamente (SQL: select * from `alojamento` limit 9) {"exception":"[object] (Illuminate\\Database\\QueryException(code: 2002): SQLSTATE[HY000] [2002] Nenhuma ligação pôde ser feita porque o computador de destino
as recusou ativamente (SQL: select * from `alojamento` limit 9) at C:\\Users\\costa\\Desktop\\Lumen Projeto\\pti-ptr-lumen\\ApiAlojamento\\vendor\\illuminate\\database\\Connection.php:678)
[stacktrace]
#0 C:\\Users\\costa\\Desktop\\Lumen Projeto\\pti-ptr-lumen\\ApiAlojamento\\vendor\\illuminate\\database\\Connection.php(638): Illuminate\\Database\\Connection->runQueryCallback('select * from `...', Array, Object(Closure))
#1 C:\\Users\\costa\\Desktop\\Lumen Projeto\\pti-ptr-lumen\\ApiAlojamento\\vendor\\illuminate\\database\\Connection.php(346): Illuminate\\Database\\Connection->run('select * from `...', Array, Object(Closure))
#2 C:\\Users\\costa\\Desktop\\Lumen Projeto\\pti-ptr-lumen\\ApiAlojamento\\vendor\\illuminate\\database\\Query\\Builder.php(2313): Illuminate\\Database\\Connection->select('select * from `...', Array, true)
#3 C:\\Users\\costa\\Desktop\\Lumen Projeto\\pti-ptr-lumen\\ApiAlojamento\\vendor\\illuminate\\database\\Query\\Builder.php(2301): Illuminate\\Database\\Query\\Builder->runSelect()
#4 C:\\Users\\costa\\Desktop\\Lumen Projeto\\pti-ptr-lumen\\ApiAlojamento\\vendor\\illuminate\\database\\Query\\Builder.php(2796): Illuminate\\Database\\Query\\Builder->Illuminate\\Database\\Query\\{closure}()
#5 C:\\Users\\costa\\Desktop\\Lumen Projeto\\pti-ptr-lumen\\ApiAlojamento\\vendor\\illuminate\\database\\Query\\Builder.php(2302): Illuminate\\Database\\Query\\Builder->onceWithColumns(Array, Object(Closure))
#6 C:\\Users\\costa\\Desktop\\Lumen Projeto\\pti-ptr-lumen\\ApiAlojamento\\vendor\\illuminate\\database\\Eloquent\\Builder.php(588): Illuminate\\Database\\Query\\Builder->get(Array)
#7 C:\\Users\\costa\\Desktop\\Lumen Projeto\\pti-ptr-lumen\\ApiAlojamento\\vendor\\illuminate\\database\\Eloquent\\Builder.php(572): Illuminate\\Database\\Eloquent\\Builder->getModels(Array)
#8 C:\\Users\\costa\\Desktop\\Lumen Projeto\\pti-ptr-lumen\\ApiAlojamento\\app\\Http\\Controllers\\AlojamentoController.php(27): Illuminate\\Database\\Eloquent\\Builder->get()
#9 C:\\Users\\costa\\Desktop\\Lumen Projeto\\pti-ptr-lumen\\ApiAlojamento\\vendor\\illuminate\\container\\BoundMethod.php(36): App\\Http\\Controllers\\AlojamentoController->index()
#10 C:\\Users\\costa\\Desktop\\Lumen Projeto\\pti-ptr-lumen\\ApiAlojamento\\vendor\\illuminate\\container\\Util.php(40): Illuminate\\Container\\BoundMethod::Illuminate\\Container\\{closure}()
#11 C:\\Users\\costa\\Desktop\\Lumen Projeto\\pti-ptr-lumen\\ApiAlojamento\\vendor\\illuminate\\container\\BoundMethod.php(93): Illuminate\\Container\\Util::unwrapIfClosure(Object(Closure))
#12 C:\\Users\\costa\\Desktop\\Lumen Projeto\\pti-ptr-lumen\\ApiAlojamento\\vendor\\illuminate\\container\\BoundMethod.php(37): Illuminate\\Container\\BoundMethod::callBoundMethod(Object(Laravel\\Lumen\\Application), Array, Object(Closure))
#13 C:\\Users\\costa\\Desktop\\Lumen Projeto\\pti-ptr-lumen\\ApiAlojamento\\vendor\\illuminate\\container\\Container.php(610): Illuminate\\Container\\BoundMethod::call(Object(Laravel\\Lumen\\Application), Array, Array, NULL)
#14 C:\\Users\\costa\\Desktop\\Lumen Projeto\\pti-ptr-lumen\\ApiAlojamento\\vendor\\laravel\\lumen-framework\\src\\Concerns\\RoutesRequests.php(386): Illuminate\\Container\\Container->call(Array, Array)
#15 C:\\Users\\costa\\Desktop\\Lumen Projeto\\pti-ptr-lumen\\ApiAlojamento\\vendor\\laravel\\lumen-framework\\src\\Concerns\\RoutesRequests.php(352): Laravel\\Lumen\\Application->callControllerCallable(Array, Array)
#16 C:\\Users\\costa\\Desktop\\Lumen Projeto\\pti-ptr-lumen\\ApiAlojamento\\vendor\\laravel\\lumen-framework\\src\\Concerns\\RoutesRequests.php(326): Laravel\\Lumen\\Application->callLumenController(Object(App\\Http\\Controllers\\AlojamentoController), 'index', Array)
#17 C:\\Users\\costa\\Desktop\\Lumen Projeto\\pti-ptr-lumen\\ApiAlojamento\\vendor\\laravel\\lumen-framework\\src\\Concerns\\RoutesRequests.php(279): Laravel\\Lumen\\Application->callControllerAction(Array)
#18 C:\\Users\\costa\\Desktop\\Lumen Projeto\\pti-ptr-lumen\\ApiAlojamento\\vendor\\laravel\\lumen-framework\\src\\Concerns\\RoutesRequests.php(264): Laravel\\Lumen\\Application->callActionOnArrayBasedRoute(Array)
#19 C:\\Users\\costa\\Desktop\\Lumen Projeto\\pti-ptr-lumen\\ApiAlojamento\\vendor\\laravel\\lumen-framework\\src\\Concerns\\RoutesRequests.php(166): Laravel\\Lumen\\Application->handleFoundRoute(Array)
#20 C:\\Users\\costa\\Desktop\\Lumen Projeto\\pti-ptr-lumen\\ApiAlojamento\\vendor\\laravel\\lumen-framework\\src\\Concerns\\RoutesRequests.php(426): Laravel\\Lumen\\Application->Laravel\\Lumen\\Concerns\\{closure}(Object(Laravel\\Lumen\\Http\\Request))
#21 C:\\Users\\costa\\Desktop\\Lumen Projeto\\pti-ptr-lumen\\ApiAlojamento\\vendor\\laravel\\lumen-framework\\src\\Concerns\\RoutesRequests.php(172): Laravel\\Lumen\\Application->sendThroughPipeline(Array, Object(Closure))
#22 C:\\Users\\costa\\Desktop\\Lumen Projeto\\pti-ptr-lumen\\ApiAlojamento\\vendor\\laravel\\lumen-framework\\src\\Concerns\\RoutesRequests.php(109): Laravel\\Lumen\\Application->dispatch(NULL)
#23 C:\\Users\\costa\\Desktop\\Lumen Projeto\\pti-ptr-lumen\\ApiAlojamento\\public\\index.php(28): Laravel\\Lumen\\Application->run()
#24 {main}

[previous exception] [object] (PDOException(code: 2002): SQLSTATE[HY000] [2002] Nenhuma ligação pôde ser feita porque o computador de destino
as recusou ativamente at C:\\Users\\costa\\Desktop\\Lumen Projeto\\pti-ptr-lumen\\ApiAlojamento\\vendor\\illuminate\\database\\Connectors\\Connector.php:70)
[stacktrace]
#0 C:\\Users\\costa\\Desktop\\Lumen Projeto\\pti-ptr-lumen\\ApiAlojamento\\vendor\\illuminate\\database\\Connectors\\Connector.php(70): PDO->__construct('mysql:host=127....', 'root', '', Array)
#1 C:\\Users\\costa\\Desktop\\Lumen Projeto\\pti-ptr-lumen\\ApiAlojamento\\vendor\\illuminate\\database\\Connectors\\Connector.php(46): Illuminate\\Database\\Connectors\\Connector->createPdoConnection('mysql:host=127....', 'root', '', Array)
#2 C:\\Users\\costa\\Desktop\\Lumen Projeto\\pti-ptr-lumen\\ApiAlojamento\\vendor\\illuminate\\database\\Connectors\\MySqlConnector.php(24): Illuminate\\Database\\Connectors\\Connector->createConnection('mysql:host=127....', Array, Array)
#3 C:\\Users\\costa\\Desktop\\Lumen Projeto\\pti-ptr-lumen\\ApiAlojamento\\vendor\\illuminate\\database\\Connectors\\ConnectionFactory.php(184): Illuminate\\Database\\Connectors\\MySqlConnector->connect(Array)
#4 [internal function]: Illuminate\\Database\\Connectors\\ConnectionFactory->Illuminate\\Database\\Connectors\\{closure}()
#5 C:\\Users\\costa\\Desktop\\Lumen Projeto\\pti-ptr-lumen\\ApiAlojamento\\vendor\\illuminate\\database\\Connection.php(939): call_user_func(Object(Closure))
#6 C:\\Users\\costa\\Desktop\\Lumen Projeto\\pti-ptr-lumen\\ApiAlojamento\\vendor\\illuminate\\database\\Connection.php(974): Illuminate\\Database\\Connection->getPdo()
#7 C:\\Users\\costa\\Desktop\\Lumen Projeto\\pti-ptr-lumen\\ApiAlojamento\\vendor\\illuminate\\database\\Connection.php(412): Illuminate\\Database\\Connection->getReadPdo()
#8 C:\\Users\\costa\\Desktop\\Lumen Projeto\\pti-ptr-lumen\\ApiAlojamento\\vendor\\illuminate\\database\\Connection.php(338): Illuminate\\Database\\Connection->getPdoForSelect(true)
#9 C:\\Users\\costa\\Desktop\\Lumen Projeto\\pti-ptr-lumen\\ApiAlojamento\\vendor\\illuminate\\database\\Connection.php(671): Illuminate\\Database\\Connection->Illuminate\\Database\\{closure}('select * from `...', Array)
#10 C:\\Users\\costa\\Desktop\\Lumen Projeto\\pti-ptr-lumen\\ApiAlojamento\\vendor\\illuminate\\database\\Connection.php(638): Illuminate\\Database\\Connection->runQueryCallback('select * from `...', Array, Object(Closure))
#11 C:\\Users\\costa\\Desktop\\Lumen Projeto\\pti-ptr-lumen\\ApiAlojamento\\vendor\\illuminate\\database\\Connection.php(346): Illuminate\\Database\\Connection->run('select * from `...', Array, Object(Closure))
#12 C:\\Users\\costa\\Desktop\\Lumen Projeto\\pti-ptr-lumen\\ApiAlojamento\\vendor\\illuminate\\database\\Query\\Builder.php(2313): Illuminate\\Database\\Connection->select('select * from `...', Array, true)
#13 C:\\Users\\costa\\Desktop\\Lumen Projeto\\pti-ptr-lumen\\ApiAlojamento\\vendor\\illuminate\\database\\Query\\Builder.php(2301): Illuminate\\Database\\Query\\Builder->runSelect()
#14 C:\\Users\\costa\\Desktop\\Lumen Projeto\\pti-ptr-lumen\\ApiAlojamento\\vendor\\illuminate\\database\\Query\\Builder.php(2796): Illuminate\\Database\\Query\\Builder->Illuminate\\Database\\Query\\{closure}()
#15 C:\\Users\\costa\\Desktop\\Lumen Projeto\\pti-ptr-lumen\\ApiAlojamento\\vendor\\illuminate\\database\\Query\\Builder.php(2302): Illuminate\\Database\\Query\\Builder->onceWithColumns(Array, Object(Closure))
#16 C:\\Users\\costa\\Desktop\\Lumen Projeto\\pti-ptr-lumen\\ApiAlojamento\\vendor\\illuminate\\database\\Eloquent\\Builder.php(588): Illuminate\\Database\\Query\\Builder->get(Array)
#17 C:\\Users\\costa\\Desktop\\Lumen Projeto\\pti-ptr-lumen\\ApiAlojamento\\vendor\\illuminate\\database\\Eloquent\\Builder.php(572): Illuminate\\Database\\Eloquent\\Builder->getModels(Array)
#18 C:\\Users\\costa\\Desktop\\Lumen Projeto\\pti-ptr-lumen\\ApiAlojamento\\app\\Http\\Controllers\\AlojamentoController.php(27): Illuminate\\Database\\Eloquent\\Builder->get()
#19 C:\\Users\\costa\\Desktop\\Lumen Projeto\\pti-ptr-lumen\\ApiAlojamento\\vendor\\illuminate\\container\\BoundMethod.php(36): App\\Http\\Controllers\\AlojamentoController->index()
#20 C:\\Users\\costa\\Desktop\\Lumen Projeto\\pti-ptr-lumen\\ApiAlojamento\\vendor\\illuminate\\container\\Util.php(40): Illuminate\\Container\\BoundMethod::Illuminate\\Container\\{closure}()
#21 C:\\Users\\costa\\Desktop\\Lumen Projeto\\pti-ptr-lumen\\ApiAlojamento\\vendor\\illuminate\\container\\BoundMethod.php(93): Illuminate\\Container\\Util::unwrapIfClosure(Object(Closure))
#22 C:\\Users\\costa\\Desktop\\Lumen Projeto\\pti-ptr-lumen\\ApiAlojamento\\vendor\\illuminate\\container\\BoundMethod.php(37): Illuminate\\Container\\BoundMethod::callBoundMethod(Object(Laravel\\Lumen\\Application), Array, Object(Closure))
#23 C:\\Users\\costa\\Desktop\\Lumen Projeto\\pti-ptr-lumen\\ApiAlojamento\\vendor\\illuminate\\container\\Container.php(610): Illuminate\\Container\\BoundMethod::call(Object(Laravel\\Lumen\\Application), Array, Array, NULL)
#24 C:\\Users\\costa\\Desktop\\Lumen Projeto\\pti-ptr-lumen\\ApiAlojamento\\vendor\\laravel\\lumen-framework\\src\\Concerns\\RoutesRequests.php(386): Illuminate\\Container\\Container->call(Array, Array)
#25 C:\\Users\\costa\\Desktop\\Lumen Projeto\\pti-ptr-lumen\\ApiAlojamento\\vendor\\laravel\\lumen-framework\\src\\Concerns\\RoutesRequests.php(352): Laravel\\Lumen\\Application->callControllerCallable(Array, Array)
#26 C:\\Users\\costa\\Desktop\\Lumen Projeto\\pti-ptr-lumen\\ApiAlojamento\\vendor\\laravel\\lumen-framework\\src\\Concerns\\RoutesRequests.php(326): Laravel\\Lumen\\Application->callLumenController(Object(App\\Http\\Controllers\\AlojamentoController), 'index', Array)
#27 C:\\Users\\costa\\Desktop\\Lumen Projeto\\pti-ptr-lumen\\ApiAlojamento\\vendor\\laravel\\lumen-framework\\src\\Concerns\\RoutesRequests.php(279): Laravel\\Lumen\\Application->callControllerAction(Array)
#28 C:\\Users\\costa\\Desktop\\Lumen Projeto\\pti-ptr-lumen\\ApiAlojamento\\vendor\\laravel\\lumen-framework\\src\\Concerns\\RoutesRequests.php(264): Laravel\\Lumen\\Application->callActionOnArrayBasedRoute(Array)
#29 C:\\Users\\costa\\Desktop\\Lumen Projeto\\pti-ptr-lumen\\ApiAlojamento\\vendor\\laravel\\lumen-framework\\src\\Concerns\\RoutesRequests.php(166): Laravel\\Lumen\\Application->handleFoundRoute(Array)
#30 C:\\Users\\costa\\Desktop\\Lumen Projeto\\pti-ptr-lumen\\ApiAlojamento\\vendor\\laravel\\lumen-framework\\src\\Concerns\\RoutesRequests.php(426): Laravel\\Lumen\\Application->Laravel\\Lumen\\Concerns\\{closure}(Object(Laravel\\Lumen\\Http\\Request))
#31 C:\\Users\\costa\\Desktop\\Lumen Projeto\\pti-ptr-lumen\\ApiAlojamento\\vendor\\laravel\\lumen-framework\\src\\Concerns\\RoutesRequests.php(172): Laravel\\Lumen\\Application->sendThroughPipeline(Array, Object(Closure))
#32 C:\\Users\\costa\\Desktop\\Lumen Projeto\\pti-ptr-lumen\\ApiAlojamento\\vendor\\laravel\\lumen-framework\\src\\Concerns\\RoutesRequests.php(109): Laravel\\Lumen\\Application->dispatch(NULL)
#33 C:\\Users\\costa\\Desktop\\Lumen Projeto\\pti-ptr-lumen\\ApiAlojamento\\public\\index.php(28): Laravel\\Lumen\\Application->run()
#34 {main}
"} 
