[2021-04-10 10:21:16] local.ERROR: View [login] not found. {"exception":"[object] (InvalidArgumentException(code: 0): View [login] not found. at C:\\Users\\ASUS\\Documents\\GitHub\\pti-ptr-lumen\\client\\vendor\\illuminate\\view\\FileViewFinder.php:137)
[stacktrace]
#0 C:\\Users\\ASUS\\Documents\\GitHub\\pti-ptr-lumen\\client\\vendor\\illuminate\\view\\FileViewFinder.php(79): Illuminate\\View\\FileViewFinder->findInPaths('login', Array)
#1 C:\\Users\\ASUS\\Documents\\GitHub\\pti-ptr-lumen\\client\\vendor\\illuminate\\view\\Factory.php(138): Illuminate\\View\\FileViewFinder->find('login')
#2 C:\\Users\\ASUS\\Documents\\GitHub\\pti-ptr-lumen\\client\\vendor\\laravel\\lumen-framework\\src\\helpers.php(433): Illuminate\\View\\Factory->make('login', Array, Array)
#3 C:\\Users\\ASUS\\Documents\\GitHub\\pti-ptr-lumen\\client\\app\\Http\\Controllers\\LoginController.php(23): view('login')
#4 C:\\Users\\ASUS\\Documents\\GitHub\\pti-ptr-lumen\\client\\vendor\\illuminate\\container\\BoundMethod.php(36): App\\Http\\Controllers\\LoginController->showPage()
#5 C:\\Users\\ASUS\\Documents\\GitHub\\pti-ptr-lumen\\client\\vendor\\illuminate\\container\\Util.php(40): Illuminate\\Container\\BoundMethod::Illuminate\\Container\\{closure}()
#6 C:\\Users\\ASUS\\Documents\\GitHub\\pti-ptr-lumen\\client\\vendor\\illuminate\\container\\BoundMethod.php(93): Illuminate\\Container\\Util::unwrapIfClosure(Object(Closure))
#7 C:\\Users\\ASUS\\Documents\\GitHub\\pti-ptr-lumen\\client\\vendor\\illuminate\\container\\BoundMethod.php(37): Illuminate\\Container\\BoundMethod::callBoundMethod(Object(Laravel\\Lumen\\Application), Array, Object(Closure))
#8 C:\\Users\\ASUS\\Documents\\GitHub\\pti-ptr-lumen\\client\\vendor\\illuminate\\container\\Container.php(611): Illuminate\\Container\\BoundMethod::call(Object(Laravel\\Lumen\\Application), Array, Array, NULL)
#9 C:\\Users\\ASUS\\Documents\\GitHub\\pti-ptr-lumen\\client\\vendor\\laravel\\lumen-framework\\src\\Concerns\\RoutesRequests.php(386): Illuminate\\Container\\Container->call(Array, Array)
#10 C:\\Users\\ASUS\\Documents\\GitHub\\pti-ptr-lumen\\client\\vendor\\laravel\\lumen-framework\\src\\Concerns\\RoutesRequests.php(352): Laravel\\Lumen\\Application->callControllerCallable(Array, Array)
#11 C:\\Users\\ASUS\\Documents\\GitHub\\pti-ptr-lumen\\client\\vendor\\laravel\\lumen-framework\\src\\Concerns\\RoutesRequests.php(326): Laravel\\Lumen\\Application->callLumenController(Object(App\\Http\\Controllers\\LoginController), 'showPage', Array)
#12 C:\\Users\\ASUS\\Documents\\GitHub\\pti-ptr-lumen\\client\\vendor\\laravel\\lumen-framework\\src\\Concerns\\RoutesRequests.php(279): Laravel\\Lumen\\Application->callControllerAction(Array)
#13 C:\\Users\\ASUS\\Documents\\GitHub\\pti-ptr-lumen\\client\\vendor\\laravel\\lumen-framework\\src\\Concerns\\RoutesRequests.php(264): Laravel\\Lumen\\Application->callActionOnArrayBasedRoute(Array)
#14 C:\\Users\\ASUS\\Documents\\GitHub\\pti-ptr-lumen\\client\\vendor\\laravel\\lumen-framework\\src\\Concerns\\RoutesRequests.php(166): Laravel\\Lumen\\Application->handleFoundRoute(Array)
#15 C:\\Users\\ASUS\\Documents\\GitHub\\pti-ptr-lumen\\client\\vendor\\laravel\\lumen-framework\\src\\Concerns\\RoutesRequests.php(426): Laravel\\Lumen\\Application->Laravel\\Lumen\\Concerns\\{closure}(Object(Laravel\\Lumen\\Http\\Request))
#16 C:\\Users\\ASUS\\Documents\\GitHub\\pti-ptr-lumen\\client\\vendor\\laravel\\lumen-framework\\src\\Concerns\\RoutesRequests.php(172): Laravel\\Lumen\\Application->sendThroughPipeline(Array, Object(Closure))
#17 C:\\Users\\ASUS\\Documents\\GitHub\\pti-ptr-lumen\\client\\vendor\\laravel\\lumen-framework\\src\\Concerns\\RoutesRequests.php(109): Laravel\\Lumen\\Application->dispatch(NULL)
#18 C:\\Users\\ASUS\\Documents\\GitHub\\pti-ptr-lumen\\client\\public\\index.php(28): Laravel\\Lumen\\Application->run()
#19 {main}
"} 
[2021-04-10 10:29:53] local.ERROR: Class "GuzzleHttp\Client" not found {"exception":"[object] (Error(code: 0): Class \"GuzzleHttp\\Client\" not found at C:\\Users\\ASUS\\Documents\\GitHub\\pti-ptr-lumen\\client\\vendor\\illuminate\\http\\Client\\PendingRequest.php:674)
[stacktrace]
#0 C:\\Users\\ASUS\\Documents\\GitHub\\pti-ptr-lumen\\client\\vendor\\illuminate\\http\\Client\\PendingRequest.php(608): Illuminate\\Http\\Client\\PendingRequest->buildClient()
#1 C:\\Users\\ASUS\\Documents\\GitHub\\pti-ptr-lumen\\client\\vendor\\illuminate\\support\\helpers.php(234): Illuminate\\Http\\Client\\PendingRequest->Illuminate\\Http\\Client\\{closure}(1)
#2 C:\\Users\\ASUS\\Documents\\GitHub\\pti-ptr-lumen\\client\\vendor\\illuminate\\http\\Client\\PendingRequest.php(624): retry(0, Object(Closure), 100)
#3 C:\\Users\\ASUS\\Documents\\GitHub\\pti-ptr-lumen\\client\\vendor\\illuminate\\http\\Client\\PendingRequest.php(528): Illuminate\\Http\\Client\\PendingRequest->send('POST', 'login', Array)
#4 C:\\Users\\ASUS\\Documents\\GitHub\\pti-ptr-lumen\\client\\vendor\\illuminate\\http\\Client\\Factory.php(350): Illuminate\\Http\\Client\\PendingRequest->post('login', Array)
#5 C:\\Users\\ASUS\\Documents\\GitHub\\pti-ptr-lumen\\client\\vendor\\illuminate\\support\\Facades\\Facade.php(261): Illuminate\\Http\\Client\\Factory->__call('post', Array)
#6 C:\\Users\\ASUS\\Documents\\GitHub\\pti-ptr-lumen\\client\\app\\Http\\Controllers\\LoginController.php(29): Illuminate\\Support\\Facades\\Facade::__callStatic('post', Array)
#7 C:\\Users\\ASUS\\Documents\\GitHub\\pti-ptr-lumen\\client\\vendor\\illuminate\\container\\BoundMethod.php(36): App\\Http\\Controllers\\LoginController->attemptLogin(Object(Laravel\\Lumen\\Http\\Request))
#8 C:\\Users\\ASUS\\Documents\\GitHub\\pti-ptr-lumen\\client\\vendor\\illuminate\\container\\Util.php(40): Illuminate\\Container\\BoundMethod::Illuminate\\Container\\{closure}()
#9 C:\\Users\\ASUS\\Documents\\GitHub\\pti-ptr-lumen\\client\\vendor\\illuminate\\container\\BoundMethod.php(93): Illuminate\\Container\\Util::unwrapIfClosure(Object(Closure))
#10 C:\\Users\\ASUS\\Documents\\GitHub\\pti-ptr-lumen\\client\\vendor\\illuminate\\container\\BoundMethod.php(37): Illuminate\\Container\\BoundMethod::callBoundMethod(Object(Laravel\\Lumen\\Application), Array, Object(Closure))
#11 C:\\Users\\ASUS\\Documents\\GitHub\\pti-ptr-lumen\\client\\vendor\\illuminate\\container\\Container.php(611): Illuminate\\Container\\BoundMethod::call(Object(Laravel\\Lumen\\Application), Array, Array, NULL)
#12 C:\\Users\\ASUS\\Documents\\GitHub\\pti-ptr-lumen\\client\\vendor\\laravel\\lumen-framework\\src\\Concerns\\RoutesRequests.php(386): Illuminate\\Container\\Container->call(Array, Array)
#13 C:\\Users\\ASUS\\Documents\\GitHub\\pti-ptr-lumen\\client\\vendor\\laravel\\lumen-framework\\src\\Concerns\\RoutesRequests.php(352): Laravel\\Lumen\\Application->callControllerCallable(Array, Array)
#14 C:\\Users\\ASUS\\Documents\\GitHub\\pti-ptr-lumen\\client\\vendor\\laravel\\lumen-framework\\src\\Concerns\\RoutesRequests.php(326): Laravel\\Lumen\\Application->callLumenController(Object(App\\Http\\Controllers\\LoginController), 'attemptLogin', Array)
#15 C:\\Users\\ASUS\\Documents\\GitHub\\pti-ptr-lumen\\client\\vendor\\laravel\\lumen-framework\\src\\Concerns\\RoutesRequests.php(279): Laravel\\Lumen\\Application->callControllerAction(Array)
#16 C:\\Users\\ASUS\\Documents\\GitHub\\pti-ptr-lumen\\client\\vendor\\laravel\\lumen-framework\\src\\Concerns\\RoutesRequests.php(264): Laravel\\Lumen\\Application->callActionOnArrayBasedRoute(Array)
#17 C:\\Users\\ASUS\\Documents\\GitHub\\pti-ptr-lumen\\client\\vendor\\laravel\\lumen-framework\\src\\Concerns\\RoutesRequests.php(166): Laravel\\Lumen\\Application->handleFoundRoute(Array)
#18 C:\\Users\\ASUS\\Documents\\GitHub\\pti-ptr-lumen\\client\\vendor\\laravel\\lumen-framework\\src\\Concerns\\RoutesRequests.php(426): Laravel\\Lumen\\Application->Laravel\\Lumen\\Concerns\\{closure}(Object(Laravel\\Lumen\\Http\\Request))
#19 C:\\Users\\ASUS\\Documents\\GitHub\\pti-ptr-lumen\\client\\vendor\\laravel\\lumen-framework\\src\\Concerns\\RoutesRequests.php(172): Laravel\\Lumen\\Application->sendThroughPipeline(Array, Object(Closure))
#20 C:\\Users\\ASUS\\Documents\\GitHub\\pti-ptr-lumen\\client\\vendor\\laravel\\lumen-framework\\src\\Concerns\\RoutesRequests.php(109): Laravel\\Lumen\\Application->dispatch(NULL)
#21 C:\\Users\\ASUS\\Documents\\GitHub\\pti-ptr-lumen\\client\\public\\index.php(28): Laravel\\Lumen\\Application->run()
#22 {main}
"} 
[2021-04-10 10:32:04] local.ERROR: View [register] not found. {"exception":"[object] (InvalidArgumentException(code: 0): View [register] not found. at C:\\Users\\ASUS\\Documents\\GitHub\\pti-ptr-lumen\\client\\vendor\\illuminate\\view\\FileViewFinder.php:137)
[stacktrace]
#0 C:\\Users\\ASUS\\Documents\\GitHub\\pti-ptr-lumen\\client\\vendor\\illuminate\\view\\FileViewFinder.php(79): Illuminate\\View\\FileViewFinder->findInPaths('register', Array)
#1 C:\\Users\\ASUS\\Documents\\GitHub\\pti-ptr-lumen\\client\\vendor\\illuminate\\view\\Factory.php(138): Illuminate\\View\\FileViewFinder->find('register')
#2 C:\\Users\\ASUS\\Documents\\GitHub\\pti-ptr-lumen\\client\\vendor\\laravel\\lumen-framework\\src\\helpers.php(433): Illuminate\\View\\Factory->make('register', Array, Array)
#3 C:\\Users\\ASUS\\Documents\\GitHub\\pti-ptr-lumen\\client\outes\\web.php(25): view('register')
#4 C:\\Users\\ASUS\\Documents\\GitHub\\pti-ptr-lumen\\client\\vendor\\illuminate\\container\\BoundMethod.php(36): Closure->{closure}()
#5 C:\\Users\\ASUS\\Documents\\GitHub\\pti-ptr-lumen\\client\\vendor\\illuminate\\container\\Util.php(40): Illuminate\\Container\\BoundMethod::Illuminate\\Container\\{closure}()
#6 C:\\Users\\ASUS\\Documents\\GitHub\\pti-ptr-lumen\\client\\vendor\\illuminate\\container\\BoundMethod.php(81): Illuminate\\Container\\Util::unwrapIfClosure(Object(Closure))
#7 C:\\Users\\ASUS\\Documents\\GitHub\\pti-ptr-lumen\\client\\vendor\\illuminate\\container\\BoundMethod.php(37): Illuminate\\Container\\BoundMethod::callBoundMethod(Object(Laravel\\Lumen\\Application), Object(Closure), Object(Closure))
#8 C:\\Users\\ASUS\\Documents\\GitHub\\pti-ptr-lumen\\client\\vendor\\illuminate\\container\\Container.php(611): Illuminate\\Container\\BoundMethod::call(Object(Laravel\\Lumen\\Application), Object(Closure), Array, NULL)
#9 C:\\Users\\ASUS\\Documents\\GitHub\\pti-ptr-lumen\\client\\vendor\\laravel\\lumen-framework\\src\\Concerns\\RoutesRequests.php(299): Illuminate\\Container\\Container->call(Object(Closure), Array)
#10 C:\\Users\\ASUS\\Documents\\GitHub\\pti-ptr-lumen\\client\\vendor\\laravel\\lumen-framework\\src\\Concerns\\RoutesRequests.php(264): Laravel\\Lumen\\Application->callActionOnArrayBasedRoute(Array)
#11 C:\\Users\\ASUS\\Documents\\GitHub\\pti-ptr-lumen\\client\\vendor\\laravel\\lumen-framework\\src\\Concerns\\RoutesRequests.php(166): Laravel\\Lumen\\Application->handleFoundRoute(Array)
#12 C:\\Users\\ASUS\\Documents\\GitHub\\pti-ptr-lumen\\client\\vendor\\laravel\\lumen-framework\\src\\Concerns\\RoutesRequests.php(426): Laravel\\Lumen\\Application->Laravel\\Lumen\\Concerns\\{closure}(Object(Laravel\\Lumen\\Http\\Request))
#13 C:\\Users\\ASUS\\Documents\\GitHub\\pti-ptr-lumen\\client\\vendor\\laravel\\lumen-framework\\src\\Concerns\\RoutesRequests.php(172): Laravel\\Lumen\\Application->sendThroughPipeline(Array, Object(Closure))
#14 C:\\Users\\ASUS\\Documents\\GitHub\\pti-ptr-lumen\\client\\vendor\\laravel\\lumen-framework\\src\\Concerns\\RoutesRequests.php(109): Laravel\\Lumen\\Application->dispatch(NULL)
#15 C:\\Users\\ASUS\\Documents\\GitHub\\pti-ptr-lumen\\client\\public\\index.php(28): Laravel\\Lumen\\Application->run()
#16 {main}
"} 
[2021-04-10 10:53:19] local.ERROR: View [resources.layouts.app] not found. (View: C:\Users\ASUS\Documents\GitHub\pti-ptr-lumen\client\resources\views\auth\login.blade.php) {"exception":"[object] (ErrorException(code: 0): View [resources.layouts.app] not found. (View: C:\\Users\\ASUS\\Documents\\GitHub\\pti-ptr-lumen\\client\esources\\views\\auth\\login.blade.php) at C:\\Users\\ASUS\\Documents\\GitHub\\pti-ptr-lumen\\client\\vendor\\illuminate\\view\\FileViewFinder.php:137)
[stacktrace]
#0 C:\\Users\\ASUS\\Documents\\GitHub\\pti-ptr-lumen\\client\\vendor\\illuminate\\view\\Engines\\PhpEngine.php(60): Illuminate\\View\\Engines\\CompilerEngine->handleViewException(Object(InvalidArgumentException), 1)
#1 C:\\Users\\ASUS\\Documents\\GitHub\\pti-ptr-lumen\\client\\vendor\\illuminate\\view\\Engines\\CompilerEngine.php(61): Illuminate\\View\\Engines\\PhpEngine->evaluatePath('C:\\\\Users\\\\ASUS\\\\D...', Array)
#2 C:\\Users\\ASUS\\Documents\\GitHub\\pti-ptr-lumen\\client\\vendor\\illuminate\\view\\View.php(139): Illuminate\\View\\Engines\\CompilerEngine->get('C:\\\\Users\\\\ASUS\\\\D...', Array)
#3 C:\\Users\\ASUS\\Documents\\GitHub\\pti-ptr-lumen\\client\\vendor\\illuminate\\view\\View.php(122): Illuminate\\View\\View->getContents()
#4 C:\\Users\\ASUS\\Documents\\GitHub\\pti-ptr-lumen\\client\\vendor\\illuminate\\view\\View.php(91): Illuminate\\View\\View->renderContents()
#5 C:\\Users\\ASUS\\Documents\\GitHub\\pti-ptr-lumen\\client\\vendor\\illuminate\\http\\Response.php(62): Illuminate\\View\\View->render()
#6 C:\\Users\\ASUS\\Documents\\GitHub\\pti-ptr-lumen\\client\\vendor\\illuminate\\http\\Response.php(34): Illuminate\\Http\\Response->setContent(Object(Illuminate\\View\\View))
#7 C:\\Users\\ASUS\\Documents\\GitHub\\pti-ptr-lumen\\client\\vendor\\laravel\\lumen-framework\\src\\Concerns\\RoutesRequests.php(446): Illuminate\\Http\\Response->__construct(Object(Illuminate\\View\\View))
#8 C:\\Users\\ASUS\\Documents\\GitHub\\pti-ptr-lumen\\client\\vendor\\laravel\\lumen-framework\\src\\Concerns\\RoutesRequests.php(386): Laravel\\Lumen\\Application->prepareResponse(Object(Illuminate\\View\\View))
#9 C:\\Users\\ASUS\\Documents\\GitHub\\pti-ptr-lumen\\client\\vendor\\laravel\\lumen-framework\\src\\Concerns\\RoutesRequests.php(352): Laravel\\Lumen\\Application->callControllerCallable(Array, Array)
#10 C:\\Users\\ASUS\\Documents\\GitHub\\pti-ptr-lumen\\client\\vendor\\laravel\\lumen-framework\\src\\Concerns\\RoutesRequests.php(326): Laravel\\Lumen\\Application->callLumenController(Object(App\\Http\\Controllers\\LoginController), 'showPage', Array)
#11 C:\\Users\\ASUS\\Documents\\GitHub\\pti-ptr-lumen\\client\\vendor\\laravel\\lumen-framework\\src\\Concerns\\RoutesRequests.php(279): Laravel\\Lumen\\Application->callControllerAction(Array)
#12 C:\\Users\\ASUS\\Documents\\GitHub\\pti-ptr-lumen\\client\\vendor\\laravel\\lumen-framework\\src\\Concerns\\RoutesRequests.php(264): Laravel\\Lumen\\Application->callActionOnArrayBasedRoute(Array)
#13 C:\\Users\\ASUS\\Documents\\GitHub\\pti-ptr-lumen\\client\\vendor\\laravel\\lumen-framework\\src\\Concerns\\RoutesRequests.php(166): Laravel\\Lumen\\Application->handleFoundRoute(Array)
#14 C:\\Users\\ASUS\\Documents\\GitHub\\pti-ptr-lumen\\client\\vendor\\laravel\\lumen-framework\\src\\Concerns\\RoutesRequests.php(426): Laravel\\Lumen\\Application->Laravel\\Lumen\\Concerns\\{closure}(Object(Laravel\\Lumen\\Http\\Request))
#15 C:\\Users\\ASUS\\Documents\\GitHub\\pti-ptr-lumen\\client\\vendor\\laravel\\lumen-framework\\src\\Concerns\\RoutesRequests.php(172): Laravel\\Lumen\\Application->sendThroughPipeline(Array, Object(Closure))
#16 C:\\Users\\ASUS\\Documents\\GitHub\\pti-ptr-lumen\\client\\vendor\\laravel\\lumen-framework\\src\\Concerns\\RoutesRequests.php(109): Laravel\\Lumen\\Application->dispatch(NULL)
#17 C:\\Users\\ASUS\\Documents\\GitHub\\pti-ptr-lumen\\client\\public\\index.php(28): Laravel\\Lumen\\Application->run()
#18 {main}

[previous exception] [object] (InvalidArgumentException(code: 0): View [resources.layouts.app] not found. at C:\\Users\\ASUS\\Documents\\GitHub\\pti-ptr-lumen\\client\\vendor\\illuminate\\view\\FileViewFinder.php:137)
[stacktrace]
#0 C:\\Users\\ASUS\\Documents\\GitHub\\pti-ptr-lumen\\client\\vendor\\illuminate\\view\\FileViewFinder.php(79): Illuminate\\View\\FileViewFinder->findInPaths('resources.layou...', Array)
#1 C:\\Users\\ASUS\\Documents\\GitHub\\pti-ptr-lumen\\client\\vendor\\illuminate\\view\\Factory.php(138): Illuminate\\View\\FileViewFinder->find('resources.layou...')
#2 C:\\Users\\ASUS\\Documents\\GitHub\\pti-ptr-lumen\\client\\storage\\framework\\views\\ba76c0146b16f378750f5ed3109ded739bebe653.php(24): Illuminate\\View\\Factory->make('resources.layou...', Array)
#3 C:\\Users\\ASUS\\Documents\\GitHub\\pti-ptr-lumen\\client\\vendor\\illuminate\\filesystem\\Filesystem.php(107): require('C:\\\\Users\\\\ASUS\\\\D...')
#4 C:\\Users\\ASUS\\Documents\\GitHub\\pti-ptr-lumen\\client\\vendor\\illuminate\\filesystem\\Filesystem.php(108): Illuminate\\Filesystem\\Filesystem::Illuminate\\Filesystem\\{closure}()
#5 C:\\Users\\ASUS\\Documents\\GitHub\\pti-ptr-lumen\\client\\vendor\\illuminate\\view\\Engines\\PhpEngine.php(58): Illuminate\\Filesystem\\Filesystem->getRequire('C:\\\\Users\\\\ASUS\\\\D...', Array)
#6 C:\\Users\\ASUS\\Documents\\GitHub\\pti-ptr-lumen\\client\\vendor\\illuminate\\view\\Engines\\CompilerEngine.php(61): Illuminate\\View\\Engines\\PhpEngine->evaluatePath('C:\\\\Users\\\\ASUS\\\\D...', Array)
#7 C:\\Users\\ASUS\\Documents\\GitHub\\pti-ptr-lumen\\client\\vendor\\illuminate\\view\\View.php(139): Illuminate\\View\\Engines\\CompilerEngine->get('C:\\\\Users\\\\ASUS\\\\D...', Array)
#8 C:\\Users\\ASUS\\Documents\\GitHub\\pti-ptr-lumen\\client\\vendor\\illuminate\\view\\View.php(122): Illuminate\\View\\View->getContents()
#9 C:\\Users\\ASUS\\Documents\\GitHub\\pti-ptr-lumen\\client\\vendor\\illuminate\\view\\View.php(91): Illuminate\\View\\View->renderContents()
#10 C:\\Users\\ASUS\\Documents\\GitHub\\pti-ptr-lumen\\client\\vendor\\illuminate\\http\\Response.php(62): Illuminate\\View\\View->render()
#11 C:\\Users\\ASUS\\Documents\\GitHub\\pti-ptr-lumen\\client\\vendor\\illuminate\\http\\Response.php(34): Illuminate\\Http\\Response->setContent(Object(Illuminate\\View\\View))
#12 C:\\Users\\ASUS\\Documents\\GitHub\\pti-ptr-lumen\\client\\vendor\\laravel\\lumen-framework\\src\\Concerns\\RoutesRequests.php(446): Illuminate\\Http\\Response->__construct(Object(Illuminate\\View\\View))
#13 C:\\Users\\ASUS\\Documents\\GitHub\\pti-ptr-lumen\\client\\vendor\\laravel\\lumen-framework\\src\\Concerns\\RoutesRequests.php(386): Laravel\\Lumen\\Application->prepareResponse(Object(Illuminate\\View\\View))
#14 C:\\Users\\ASUS\\Documents\\GitHub\\pti-ptr-lumen\\client\\vendor\\laravel\\lumen-framework\\src\\Concerns\\RoutesRequests.php(352): Laravel\\Lumen\\Application->callControllerCallable(Array, Array)
#15 C:\\Users\\ASUS\\Documents\\GitHub\\pti-ptr-lumen\\client\\vendor\\laravel\\lumen-framework\\src\\Concerns\\RoutesRequests.php(326): Laravel\\Lumen\\Application->callLumenController(Object(App\\Http\\Controllers\\LoginController), 'showPage', Array)
#16 C:\\Users\\ASUS\\Documents\\GitHub\\pti-ptr-lumen\\client\\vendor\\laravel\\lumen-framework\\src\\Concerns\\RoutesRequests.php(279): Laravel\\Lumen\\Application->callControllerAction(Array)
#17 C:\\Users\\ASUS\\Documents\\GitHub\\pti-ptr-lumen\\client\\vendor\\laravel\\lumen-framework\\src\\Concerns\\RoutesRequests.php(264): Laravel\\Lumen\\Application->callActionOnArrayBasedRoute(Array)
#18 C:\\Users\\ASUS\\Documents\\GitHub\\pti-ptr-lumen\\client\\vendor\\laravel\\lumen-framework\\src\\Concerns\\RoutesRequests.php(166): Laravel\\Lumen\\Application->handleFoundRoute(Array)
#19 C:\\Users\\ASUS\\Documents\\GitHub\\pti-ptr-lumen\\client\\vendor\\laravel\\lumen-framework\\src\\Concerns\\RoutesRequests.php(426): Laravel\\Lumen\\Application->Laravel\\Lumen\\Concerns\\{closure}(Object(Laravel\\Lumen\\Http\\Request))
#20 C:\\Users\\ASUS\\Documents\\GitHub\\pti-ptr-lumen\\client\\vendor\\laravel\\lumen-framework\\src\\Concerns\\RoutesRequests.php(172): Laravel\\Lumen\\Application->sendThroughPipeline(Array, Object(Closure))
#21 C:\\Users\\ASUS\\Documents\\GitHub\\pti-ptr-lumen\\client\\vendor\\laravel\\lumen-framework\\src\\Concerns\\RoutesRequests.php(109): Laravel\\Lumen\\Application->dispatch(NULL)
#22 C:\\Users\\ASUS\\Documents\\GitHub\\pti-ptr-lumen\\client\\public\\index.php(28): Laravel\\Lumen\\Application->run()
#23 {main}
"} 
[2021-04-10 11:29:57] local.ERROR: View [reg] not found. {"exception":"[object] (InvalidArgumentException(code: 0): View [reg] not found. at C:\\Users\\ASUS\\Documents\\GitHub\\pti-ptr-lumen\\client\\vendor\\illuminate\\view\\FileViewFinder.php:137)
[stacktrace]
#0 C:\\Users\\ASUS\\Documents\\GitHub\\pti-ptr-lumen\\client\\vendor\\illuminate\\view\\FileViewFinder.php(79): Illuminate\\View\\FileViewFinder->findInPaths('reg', Array)
#1 C:\\Users\\ASUS\\Documents\\GitHub\\pti-ptr-lumen\\client\\vendor\\illuminate\\view\\Factory.php(138): Illuminate\\View\\FileViewFinder->find('reg')
#2 C:\\Users\\ASUS\\Documents\\GitHub\\pti-ptr-lumen\\client\\vendor\\laravel\\lumen-framework\\src\\helpers.php(433): Illuminate\\View\\Factory->make('reg', Array, Array)
#3 C:\\Users\\ASUS\\Documents\\GitHub\\pti-ptr-lumen\\client\outes\\web.php(44): view('reg')
#4 C:\\Users\\ASUS\\Documents\\GitHub\\pti-ptr-lumen\\client\\vendor\\illuminate\\container\\BoundMethod.php(36): Closure->{closure}()
#5 C:\\Users\\ASUS\\Documents\\GitHub\\pti-ptr-lumen\\client\\vendor\\illuminate\\container\\Util.php(40): Illuminate\\Container\\BoundMethod::Illuminate\\Container\\{closure}()
#6 C:\\Users\\ASUS\\Documents\\GitHub\\pti-ptr-lumen\\client\\vendor\\illuminate\\container\\BoundMethod.php(81): Illuminate\\Container\\Util::unwrapIfClosure(Object(Closure))
#7 C:\\Users\\ASUS\\Documents\\GitHub\\pti-ptr-lumen\\client\\vendor\\illuminate\\container\\BoundMethod.php(37): Illuminate\\Container\\BoundMethod::callBoundMethod(Object(Laravel\\Lumen\\Application), Object(Closure), Object(Closure))
#8 C:\\Users\\ASUS\\Documents\\GitHub\\pti-ptr-lumen\\client\\vendor\\illuminate\\container\\Container.php(611): Illuminate\\Container\\BoundMethod::call(Object(Laravel\\Lumen\\Application), Object(Closure), Array, NULL)
#9 C:\\Users\\ASUS\\Documents\\GitHub\\pti-ptr-lumen\\client\\vendor\\laravel\\lumen-framework\\src\\Concerns\\RoutesRequests.php(299): Illuminate\\Container\\Container->call(Object(Closure), Array)
#10 C:\\Users\\ASUS\\Documents\\GitHub\\pti-ptr-lumen\\client\\vendor\\laravel\\lumen-framework\\src\\Concerns\\RoutesRequests.php(264): Laravel\\Lumen\\Application->callActionOnArrayBasedRoute(Array)
#11 C:\\Users\\ASUS\\Documents\\GitHub\\pti-ptr-lumen\\client\\vendor\\laravel\\lumen-framework\\src\\Concerns\\RoutesRequests.php(166): Laravel\\Lumen\\Application->handleFoundRoute(Array)
#12 C:\\Users\\ASUS\\Documents\\GitHub\\pti-ptr-lumen\\client\\vendor\\laravel\\lumen-framework\\src\\Concerns\\RoutesRequests.php(426): Laravel\\Lumen\\Application->Laravel\\Lumen\\Concerns\\{closure}(Object(Laravel\\Lumen\\Http\\Request))
#13 C:\\Users\\ASUS\\Documents\\GitHub\\pti-ptr-lumen\\client\\vendor\\laravel\\lumen-framework\\src\\Concerns\\RoutesRequests.php(172): Laravel\\Lumen\\Application->sendThroughPipeline(Array, Object(Closure))
#14 C:\\Users\\ASUS\\Documents\\GitHub\\pti-ptr-lumen\\client\\vendor\\laravel\\lumen-framework\\src\\Concerns\\RoutesRequests.php(109): Laravel\\Lumen\\Application->dispatch(NULL)
#15 C:\\Users\\ASUS\\Documents\\GitHub\\pti-ptr-lumen\\client\\public\\index.php(28): Laravel\\Lumen\\Application->run()
#16 {main}
"} 
[2021-04-10 11:30:25] local.ERROR: View [reg] not found. {"exception":"[object] (InvalidArgumentException(code: 0): View [reg] not found. at C:\\Users\\ASUS\\Documents\\GitHub\\pti-ptr-lumen\\client\\vendor\\illuminate\\view\\FileViewFinder.php:137)
[stacktrace]
#0 C:\\Users\\ASUS\\Documents\\GitHub\\pti-ptr-lumen\\client\\vendor\\illuminate\\view\\FileViewFinder.php(79): Illuminate\\View\\FileViewFinder->findInPaths('reg', Array)
#1 C:\\Users\\ASUS\\Documents\\GitHub\\pti-ptr-lumen\\client\\vendor\\illuminate\\view\\Factory.php(138): Illuminate\\View\\FileViewFinder->find('reg')
#2 C:\\Users\\ASUS\\Documents\\GitHub\\pti-ptr-lumen\\client\\vendor\\laravel\\lumen-framework\\src\\helpers.php(433): Illuminate\\View\\Factory->make('reg', Array, Array)
#3 C:\\Users\\ASUS\\Documents\\GitHub\\pti-ptr-lumen\\client\outes\\web.php(44): view('reg')
#4 C:\\Users\\ASUS\\Documents\\GitHub\\pti-ptr-lumen\\client\\vendor\\illuminate\\container\\BoundMethod.php(36): Closure->{closure}()
#5 C:\\Users\\ASUS\\Documents\\GitHub\\pti-ptr-lumen\\client\\vendor\\illuminate\\container\\Util.php(40): Illuminate\\Container\\BoundMethod::Illuminate\\Container\\{closure}()
#6 C:\\Users\\ASUS\\Documents\\GitHub\\pti-ptr-lumen\\client\\vendor\\illuminate\\container\\BoundMethod.php(81): Illuminate\\Container\\Util::unwrapIfClosure(Object(Closure))
#7 C:\\Users\\ASUS\\Documents\\GitHub\\pti-ptr-lumen\\client\\vendor\\illuminate\\container\\BoundMethod.php(37): Illuminate\\Container\\BoundMethod::callBoundMethod(Object(Laravel\\Lumen\\Application), Object(Closure), Object(Closure))
#8 C:\\Users\\ASUS\\Documents\\GitHub\\pti-ptr-lumen\\client\\vendor\\illuminate\\container\\Container.php(611): Illuminate\\Container\\BoundMethod::call(Object(Laravel\\Lumen\\Application), Object(Closure), Array, NULL)
#9 C:\\Users\\ASUS\\Documents\\GitHub\\pti-ptr-lumen\\client\\vendor\\laravel\\lumen-framework\\src\\Concerns\\RoutesRequests.php(299): Illuminate\\Container\\Container->call(Object(Closure), Array)
#10 C:\\Users\\ASUS\\Documents\\GitHub\\pti-ptr-lumen\\client\\vendor\\laravel\\lumen-framework\\src\\Concerns\\RoutesRequests.php(264): Laravel\\Lumen\\Application->callActionOnArrayBasedRoute(Array)
#11 C:\\Users\\ASUS\\Documents\\GitHub\\pti-ptr-lumen\\client\\vendor\\laravel\\lumen-framework\\src\\Concerns\\RoutesRequests.php(166): Laravel\\Lumen\\Application->handleFoundRoute(Array)
#12 C:\\Users\\ASUS\\Documents\\GitHub\\pti-ptr-lumen\\client\\vendor\\laravel\\lumen-framework\\src\\Concerns\\RoutesRequests.php(426): Laravel\\Lumen\\Application->Laravel\\Lumen\\Concerns\\{closure}(Object(Laravel\\Lumen\\Http\\Request))
#13 C:\\Users\\ASUS\\Documents\\GitHub\\pti-ptr-lumen\\client\\vendor\\laravel\\lumen-framework\\src\\Concerns\\RoutesRequests.php(172): Laravel\\Lumen\\Application->sendThroughPipeline(Array, Object(Closure))
#14 C:\\Users\\ASUS\\Documents\\GitHub\\pti-ptr-lumen\\client\\vendor\\laravel\\lumen-framework\\src\\Concerns\\RoutesRequests.php(109): Laravel\\Lumen\\Application->dispatch(NULL)
#15 C:\\Users\\ASUS\\Documents\\GitHub\\pti-ptr-lumen\\client\\public\\index.php(28): Laravel\\Lumen\\Application->run()
#16 {main}
"} 
[2021-04-10 11:31:37] local.ERROR: Call to undefined function csrf_field() (View: C:\Users\ASUS\Documents\GitHub\pti-ptr-lumen\client\resources\views\reg.blade.php) {"exception":"[object] (ErrorException(code: 0): Call to undefined function csrf_field() (View: C:\\Users\\ASUS\\Documents\\GitHub\\pti-ptr-lumen\\client\esources\\views\eg.blade.php) at C:\\Users\\ASUS\\Documents\\GitHub\\pti-ptr-lumen\\client\\storage\\framework\\views\\79ec47290a5106bf9c0454052695175c47ddcef4.php:7)
[stacktrace]
#0 C:\\Users\\ASUS\\Documents\\GitHub\\pti-ptr-lumen\\client\\vendor\\illuminate\\view\\Engines\\PhpEngine.php(60): Illuminate\\View\\Engines\\CompilerEngine->handleViewException(Object(Error), 1)
#1 C:\\Users\\ASUS\\Documents\\GitHub\\pti-ptr-lumen\\client\\vendor\\illuminate\\view\\Engines\\CompilerEngine.php(61): Illuminate\\View\\Engines\\PhpEngine->evaluatePath('C:\\\\Users\\\\ASUS\\\\D...', Array)
#2 C:\\Users\\ASUS\\Documents\\GitHub\\pti-ptr-lumen\\client\\vendor\\illuminate\\view\\View.php(139): Illuminate\\View\\Engines\\CompilerEngine->get('C:\\\\Users\\\\ASUS\\\\D...', Array)
#3 C:\\Users\\ASUS\\Documents\\GitHub\\pti-ptr-lumen\\client\\vendor\\illuminate\\view\\View.php(122): Illuminate\\View\\View->getContents()
#4 C:\\Users\\ASUS\\Documents\\GitHub\\pti-ptr-lumen\\client\\vendor\\illuminate\\view\\View.php(91): Illuminate\\View\\View->renderContents()
#5 C:\\Users\\ASUS\\Documents\\GitHub\\pti-ptr-lumen\\client\\vendor\\illuminate\\http\\Response.php(62): Illuminate\\View\\View->render()
#6 C:\\Users\\ASUS\\Documents\\GitHub\\pti-ptr-lumen\\client\\vendor\\illuminate\\http\\Response.php(34): Illuminate\\Http\\Response->setContent(Object(Illuminate\\View\\View))
#7 C:\\Users\\ASUS\\Documents\\GitHub\\pti-ptr-lumen\\client\\vendor\\laravel\\lumen-framework\\src\\Concerns\\RoutesRequests.php(446): Illuminate\\Http\\Response->__construct(Object(Illuminate\\View\\View))
#8 C:\\Users\\ASUS\\Documents\\GitHub\\pti-ptr-lumen\\client\\vendor\\laravel\\lumen-framework\\src\\Concerns\\RoutesRequests.php(299): Laravel\\Lumen\\Application->prepareResponse(Object(Illuminate\\View\\View))
#9 C:\\Users\\ASUS\\Documents\\GitHub\\pti-ptr-lumen\\client\\vendor\\laravel\\lumen-framework\\src\\Concerns\\RoutesRequests.php(264): Laravel\\Lumen\\Application->callActionOnArrayBasedRoute(Array)
#10 C:\\Users\\ASUS\\Documents\\GitHub\\pti-ptr-lumen\\client\\vendor\\laravel\\lumen-framework\\src\\Concerns\\RoutesRequests.php(166): Laravel\\Lumen\\Application->handleFoundRoute(Array)
#11 C:\\Users\\ASUS\\Documents\\GitHub\\pti-ptr-lumen\\client\\vendor\\laravel\\lumen-framework\\src\\Concerns\\RoutesRequests.php(426): Laravel\\Lumen\\Application->Laravel\\Lumen\\Concerns\\{closure}(Object(Laravel\\Lumen\\Http\\Request))
#12 C:\\Users\\ASUS\\Documents\\GitHub\\pti-ptr-lumen\\client\\vendor\\laravel\\lumen-framework\\src\\Concerns\\RoutesRequests.php(172): Laravel\\Lumen\\Application->sendThroughPipeline(Array, Object(Closure))
#13 C:\\Users\\ASUS\\Documents\\GitHub\\pti-ptr-lumen\\client\\vendor\\laravel\\lumen-framework\\src\\Concerns\\RoutesRequests.php(109): Laravel\\Lumen\\Application->dispatch(NULL)
#14 C:\\Users\\ASUS\\Documents\\GitHub\\pti-ptr-lumen\\client\\public\\index.php(28): Laravel\\Lumen\\Application->run()
#15 {main}

[previous exception] [object] (Error(code: 0): Call to undefined function csrf_field() at C:\\Users\\ASUS\\Documents\\GitHub\\pti-ptr-lumen\\client\\storage\\framework\\views\\79ec47290a5106bf9c0454052695175c47ddcef4.php:7)
[stacktrace]
#0 C:\\Users\\ASUS\\Documents\\GitHub\\pti-ptr-lumen\\client\\vendor\\illuminate\\filesystem\\Filesystem.php(107): require()
#1 C:\\Users\\ASUS\\Documents\\GitHub\\pti-ptr-lumen\\client\\vendor\\illuminate\\filesystem\\Filesystem.php(108): Illuminate\\Filesystem\\Filesystem::Illuminate\\Filesystem\\{closure}()
#2 C:\\Users\\ASUS\\Documents\\GitHub\\pti-ptr-lumen\\client\\vendor\\illuminate\\view\\Engines\\PhpEngine.php(58): Illuminate\\Filesystem\\Filesystem->getRequire('C:\\\\Users\\\\ASUS\\\\D...', Array)
#3 C:\\Users\\ASUS\\Documents\\GitHub\\pti-ptr-lumen\\client\\vendor\\illuminate\\view\\Engines\\CompilerEngine.php(61): Illuminate\\View\\Engines\\PhpEngine->evaluatePath('C:\\\\Users\\\\ASUS\\\\D...', Array)
#4 C:\\Users\\ASUS\\Documents\\GitHub\\pti-ptr-lumen\\client\\vendor\\illuminate\\view\\View.php(139): Illuminate\\View\\Engines\\CompilerEngine->get('C:\\\\Users\\\\ASUS\\\\D...', Array)
#5 C:\\Users\\ASUS\\Documents\\GitHub\\pti-ptr-lumen\\client\\vendor\\illuminate\\view\\View.php(122): Illuminate\\View\\View->getContents()
#6 C:\\Users\\ASUS\\Documents\\GitHub\\pti-ptr-lumen\\client\\vendor\\illuminate\\view\\View.php(91): Illuminate\\View\\View->renderContents()
#7 C:\\Users\\ASUS\\Documents\\GitHub\\pti-ptr-lumen\\client\\vendor\\illuminate\\http\\Response.php(62): Illuminate\\View\\View->render()
#8 C:\\Users\\ASUS\\Documents\\GitHub\\pti-ptr-lumen\\client\\vendor\\illuminate\\http\\Response.php(34): Illuminate\\Http\\Response->setContent(Object(Illuminate\\View\\View))
#9 C:\\Users\\ASUS\\Documents\\GitHub\\pti-ptr-lumen\\client\\vendor\\laravel\\lumen-framework\\src\\Concerns\\RoutesRequests.php(446): Illuminate\\Http\\Response->__construct(Object(Illuminate\\View\\View))
#10 C:\\Users\\ASUS\\Documents\\GitHub\\pti-ptr-lumen\\client\\vendor\\laravel\\lumen-framework\\src\\Concerns\\RoutesRequests.php(299): Laravel\\Lumen\\Application->prepareResponse(Object(Illuminate\\View\\View))
#11 C:\\Users\\ASUS\\Documents\\GitHub\\pti-ptr-lumen\\client\\vendor\\laravel\\lumen-framework\\src\\Concerns\\RoutesRequests.php(264): Laravel\\Lumen\\Application->callActionOnArrayBasedRoute(Array)
#12 C:\\Users\\ASUS\\Documents\\GitHub\\pti-ptr-lumen\\client\\vendor\\laravel\\lumen-framework\\src\\Concerns\\RoutesRequests.php(166): Laravel\\Lumen\\Application->handleFoundRoute(Array)
#13 C:\\Users\\ASUS\\Documents\\GitHub\\pti-ptr-lumen\\client\\vendor\\laravel\\lumen-framework\\src\\Concerns\\RoutesRequests.php(426): Laravel\\Lumen\\Application->Laravel\\Lumen\\Concerns\\{closure}(Object(Laravel\\Lumen\\Http\\Request))
#14 C:\\Users\\ASUS\\Documents\\GitHub\\pti-ptr-lumen\\client\\vendor\\laravel\\lumen-framework\\src\\Concerns\\RoutesRequests.php(172): Laravel\\Lumen\\Application->sendThroughPipeline(Array, Object(Closure))
#15 C:\\Users\\ASUS\\Documents\\GitHub\\pti-ptr-lumen\\client\\vendor\\laravel\\lumen-framework\\src\\Concerns\\RoutesRequests.php(109): Laravel\\Lumen\\Application->dispatch(NULL)
#16 C:\\Users\\ASUS\\Documents\\GitHub\\pti-ptr-lumen\\client\\public\\index.php(28): Laravel\\Lumen\\Application->run()
#17 {main}
"} 
[2021-04-10 11:32:41] local.ERROR: Call to undefined function old() (View: C:\Users\ASUS\Documents\GitHub\pti-ptr-lumen\client\resources\views\reg.blade.php) {"exception":"[object] (ErrorException(code: 0): Call to undefined function old() (View: C:\\Users\\ASUS\\Documents\\GitHub\\pti-ptr-lumen\\client\esources\\views\eg.blade.php) at C:\\Users\\ASUS\\Documents\\GitHub\\pti-ptr-lumen\\client\\storage\\framework\\views\\79ec47290a5106bf9c0454052695175c47ddcef4.php:14)
[stacktrace]
#0 C:\\Users\\ASUS\\Documents\\GitHub\\pti-ptr-lumen\\client\\vendor\\illuminate\\view\\Engines\\PhpEngine.php(60): Illuminate\\View\\Engines\\CompilerEngine->handleViewException(Object(Error), 1)
#1 C:\\Users\\ASUS\\Documents\\GitHub\\pti-ptr-lumen\\client\\vendor\\illuminate\\view\\Engines\\CompilerEngine.php(61): Illuminate\\View\\Engines\\PhpEngine->evaluatePath('C:\\\\Users\\\\ASUS\\\\D...', Array)
#2 C:\\Users\\ASUS\\Documents\\GitHub\\pti-ptr-lumen\\client\\vendor\\illuminate\\view\\View.php(139): Illuminate\\View\\Engines\\CompilerEngine->get('C:\\\\Users\\\\ASUS\\\\D...', Array)
#3 C:\\Users\\ASUS\\Documents\\GitHub\\pti-ptr-lumen\\client\\vendor\\illuminate\\view\\View.php(122): Illuminate\\View\\View->getContents()
#4 C:\\Users\\ASUS\\Documents\\GitHub\\pti-ptr-lumen\\client\\vendor\\illuminate\\view\\View.php(91): Illuminate\\View\\View->renderContents()
#5 C:\\Users\\ASUS\\Documents\\GitHub\\pti-ptr-lumen\\client\\vendor\\illuminate\\http\\Response.php(62): Illuminate\\View\\View->render()
#6 C:\\Users\\ASUS\\Documents\\GitHub\\pti-ptr-lumen\\client\\vendor\\illuminate\\http\\Response.php(34): Illuminate\\Http\\Response->setContent(Object(Illuminate\\View\\View))
#7 C:\\Users\\ASUS\\Documents\\GitHub\\pti-ptr-lumen\\client\\vendor\\laravel\\lumen-framework\\src\\Concerns\\RoutesRequests.php(446): Illuminate\\Http\\Response->__construct(Object(Illuminate\\View\\View))
#8 C:\\Users\\ASUS\\Documents\\GitHub\\pti-ptr-lumen\\client\\vendor\\laravel\\lumen-framework\\src\\Concerns\\RoutesRequests.php(299): Laravel\\Lumen\\Application->prepareResponse(Object(Illuminate\\View\\View))
#9 C:\\Users\\ASUS\\Documents\\GitHub\\pti-ptr-lumen\\client\\vendor\\laravel\\lumen-framework\\src\\Concerns\\RoutesRequests.php(264): Laravel\\Lumen\\Application->callActionOnArrayBasedRoute(Array)
#10 C:\\Users\\ASUS\\Documents\\GitHub\\pti-ptr-lumen\\client\\vendor\\laravel\\lumen-framework\\src\\Concerns\\RoutesRequests.php(166): Laravel\\Lumen\\Application->handleFoundRoute(Array)
#11 C:\\Users\\ASUS\\Documents\\GitHub\\pti-ptr-lumen\\client\\vendor\\laravel\\lumen-framework\\src\\Concerns\\RoutesRequests.php(426): Laravel\\Lumen\\Application->Laravel\\Lumen\\Concerns\\{closure}(Object(Laravel\\Lumen\\Http\\Request))
#12 C:\\Users\\ASUS\\Documents\\GitHub\\pti-ptr-lumen\\client\\vendor\\laravel\\lumen-framework\\src\\Concerns\\RoutesRequests.php(172): Laravel\\Lumen\\Application->sendThroughPipeline(Array, Object(Closure))
#13 C:\\Users\\ASUS\\Documents\\GitHub\\pti-ptr-lumen\\client\\vendor\\laravel\\lumen-framework\\src\\Concerns\\RoutesRequests.php(109): Laravel\\Lumen\\Application->dispatch(NULL)
#14 C:\\Users\\ASUS\\Documents\\GitHub\\pti-ptr-lumen\\client\\public\\index.php(28): Laravel\\Lumen\\Application->run()
#15 {main}

[previous exception] [object] (Error(code: 0): Call to undefined function old() at C:\\Users\\ASUS\\Documents\\GitHub\\pti-ptr-lumen\\client\\storage\\framework\\views\\79ec47290a5106bf9c0454052695175c47ddcef4.php:14)
[stacktrace]
#0 C:\\Users\\ASUS\\Documents\\GitHub\\pti-ptr-lumen\\client\\vendor\\illuminate\\filesystem\\Filesystem.php(107): require()
#1 C:\\Users\\ASUS\\Documents\\GitHub\\pti-ptr-lumen\\client\\vendor\\illuminate\\filesystem\\Filesystem.php(108): Illuminate\\Filesystem\\Filesystem::Illuminate\\Filesystem\\{closure}()
#2 C:\\Users\\ASUS\\Documents\\GitHub\\pti-ptr-lumen\\client\\vendor\\illuminate\\view\\Engines\\PhpEngine.php(58): Illuminate\\Filesystem\\Filesystem->getRequire('C:\\\\Users\\\\ASUS\\\\D...', Array)
#3 C:\\Users\\ASUS\\Documents\\GitHub\\pti-ptr-lumen\\client\\vendor\\illuminate\\view\\Engines\\CompilerEngine.php(61): Illuminate\\View\\Engines\\PhpEngine->evaluatePath('C:\\\\Users\\\\ASUS\\\\D...', Array)
#4 C:\\Users\\ASUS\\Documents\\GitHub\\pti-ptr-lumen\\client\\vendor\\illuminate\\view\\View.php(139): Illuminate\\View\\Engines\\CompilerEngine->get('C:\\\\Users\\\\ASUS\\\\D...', Array)
#5 C:\\Users\\ASUS\\Documents\\GitHub\\pti-ptr-lumen\\client\\vendor\\illuminate\\view\\View.php(122): Illuminate\\View\\View->getContents()
#6 C:\\Users\\ASUS\\Documents\\GitHub\\pti-ptr-lumen\\client\\vendor\\illuminate\\view\\View.php(91): Illuminate\\View\\View->renderContents()
#7 C:\\Users\\ASUS\\Documents\\GitHub\\pti-ptr-lumen\\client\\vendor\\illuminate\\http\\Response.php(62): Illuminate\\View\\View->render()
#8 C:\\Users\\ASUS\\Documents\\GitHub\\pti-ptr-lumen\\client\\vendor\\illuminate\\http\\Response.php(34): Illuminate\\Http\\Response->setContent(Object(Illuminate\\View\\View))
#9 C:\\Users\\ASUS\\Documents\\GitHub\\pti-ptr-lumen\\client\\vendor\\laravel\\lumen-framework\\src\\Concerns\\RoutesRequests.php(446): Illuminate\\Http\\Response->__construct(Object(Illuminate\\View\\View))
#10 C:\\Users\\ASUS\\Documents\\GitHub\\pti-ptr-lumen\\client\\vendor\\laravel\\lumen-framework\\src\\Concerns\\RoutesRequests.php(299): Laravel\\Lumen\\Application->prepareResponse(Object(Illuminate\\View\\View))
#11 C:\\Users\\ASUS\\Documents\\GitHub\\pti-ptr-lumen\\client\\vendor\\laravel\\lumen-framework\\src\\Concerns\\RoutesRequests.php(264): Laravel\\Lumen\\Application->callActionOnArrayBasedRoute(Array)
#12 C:\\Users\\ASUS\\Documents\\GitHub\\pti-ptr-lumen\\client\\vendor\\laravel\\lumen-framework\\src\\Concerns\\RoutesRequests.php(166): Laravel\\Lumen\\Application->handleFoundRoute(Array)
#13 C:\\Users\\ASUS\\Documents\\GitHub\\pti-ptr-lumen\\client\\vendor\\laravel\\lumen-framework\\src\\Concerns\\RoutesRequests.php(426): Laravel\\Lumen\\Application->Laravel\\Lumen\\Concerns\\{closure}(Object(Laravel\\Lumen\\Http\\Request))
#14 C:\\Users\\ASUS\\Documents\\GitHub\\pti-ptr-lumen\\client\\vendor\\laravel\\lumen-framework\\src\\Concerns\\RoutesRequests.php(172): Laravel\\Lumen\\Application->sendThroughPipeline(Array, Object(Closure))
#15 C:\\Users\\ASUS\\Documents\\GitHub\\pti-ptr-lumen\\client\\vendor\\laravel\\lumen-framework\\src\\Concerns\\RoutesRequests.php(109): Laravel\\Lumen\\Application->dispatch(NULL)
#16 C:\\Users\\ASUS\\Documents\\GitHub\\pti-ptr-lumen\\client\\public\\index.php(28): Laravel\\Lumen\\Application->run()
#17 {main}
"} 
[2021-04-10 14:51:48] local.ERROR: cURL error 7: Failed to connect to localhost port 8010: Connection refused (see https://curl.haxx.se/libcurl/c/libcurl-errors.html) for http://localhost:8010/register {"exception":"[object] (Illuminate\\Http\\Client\\ConnectionException(code: 0): cURL error 7: Failed to connect to localhost port 8010: Connection refused (see https://curl.haxx.se/libcurl/c/libcurl-errors.html) for http://localhost:8010/register at C:\\Users\\ASUS\\Documents\\GitHub\\pti-ptr-lumen\\client\\vendor\\illuminate\\http\\Client\\PendingRequest.php:622)
[stacktrace]
#0 C:\\Users\\ASUS\\Documents\\GitHub\\pti-ptr-lumen\\client\\vendor\\illuminate\\support\\helpers.php(234): Illuminate\\Http\\Client\\PendingRequest->Illuminate\\Http\\Client\\{closure}(1)
#1 C:\\Users\\ASUS\\Documents\\GitHub\\pti-ptr-lumen\\client\\vendor\\illuminate\\http\\Client\\PendingRequest.php(624): retry(0, Object(Closure), 100)
#2 C:\\Users\\ASUS\\Documents\\GitHub\\pti-ptr-lumen\\client\\vendor\\illuminate\\http\\Client\\PendingRequest.php(528): Illuminate\\Http\\Client\\PendingRequest->send('POST', 'http://localhos...', Array)
#3 C:\\Users\\ASUS\\Documents\\GitHub\\pti-ptr-lumen\\client\\vendor\\illuminate\\http\\Client\\Factory.php(350): Illuminate\\Http\\Client\\PendingRequest->post('http://localhos...', Array)
#4 C:\\Users\\ASUS\\Documents\\GitHub\\pti-ptr-lumen\\client\\vendor\\illuminate\\support\\Facades\\Facade.php(261): Illuminate\\Http\\Client\\Factory->__call('post', Array)
#5 C:\\Users\\ASUS\\Documents\\GitHub\\pti-ptr-lumen\\client\\app\\Http\\Controllers\\RegisterController.php(29): Illuminate\\Support\\Facades\\Facade::__callStatic('post', Array)
#6 C:\\Users\\ASUS\\Documents\\GitHub\\pti-ptr-lumen\\client\\vendor\\illuminate\\container\\BoundMethod.php(36): App\\Http\\Controllers\\RegisterController->registeUser(Object(Laravel\\Lumen\\Http\\Request))
#7 C:\\Users\\ASUS\\Documents\\GitHub\\pti-ptr-lumen\\client\\vendor\\illuminate\\container\\Util.php(40): Illuminate\\Container\\BoundMethod::Illuminate\\Container\\{closure}()
#8 C:\\Users\\ASUS\\Documents\\GitHub\\pti-ptr-lumen\\client\\vendor\\illuminate\\container\\BoundMethod.php(93): Illuminate\\Container\\Util::unwrapIfClosure(Object(Closure))
#9 C:\\Users\\ASUS\\Documents\\GitHub\\pti-ptr-lumen\\client\\vendor\\illuminate\\container\\BoundMethod.php(37): Illuminate\\Container\\BoundMethod::callBoundMethod(Object(Laravel\\Lumen\\Application), Array, Object(Closure))
#10 C:\\Users\\ASUS\\Documents\\GitHub\\pti-ptr-lumen\\client\\vendor\\illuminate\\container\\Container.php(611): Illuminate\\Container\\BoundMethod::call(Object(Laravel\\Lumen\\Application), Array, Array, NULL)
#11 C:\\Users\\ASUS\\Documents\\GitHub\\pti-ptr-lumen\\client\\vendor\\laravel\\lumen-framework\\src\\Concerns\\RoutesRequests.php(386): Illuminate\\Container\\Container->call(Array, Array)
#12 C:\\Users\\ASUS\\Documents\\GitHub\\pti-ptr-lumen\\client\\vendor\\laravel\\lumen-framework\\src\\Concerns\\RoutesRequests.php(352): Laravel\\Lumen\\Application->callControllerCallable(Array, Array)
#13 C:\\Users\\ASUS\\Documents\\GitHub\\pti-ptr-lumen\\client\\vendor\\laravel\\lumen-framework\\src\\Concerns\\RoutesRequests.php(326): Laravel\\Lumen\\Application->callLumenController(Object(App\\Http\\Controllers\\RegisterController), 'registeUser', Array)
#14 C:\\Users\\ASUS\\Documents\\GitHub\\pti-ptr-lumen\\client\\vendor\\laravel\\lumen-framework\\src\\Concerns\\RoutesRequests.php(279): Laravel\\Lumen\\Application->callControllerAction(Array)
#15 C:\\Users\\ASUS\\Documents\\GitHub\\pti-ptr-lumen\\client\\vendor\\laravel\\lumen-framework\\src\\Concerns\\RoutesRequests.php(264): Laravel\\Lumen\\Application->callActionOnArrayBasedRoute(Array)
#16 C:\\Users\\ASUS\\Documents\\GitHub\\pti-ptr-lumen\\client\\vendor\\laravel\\lumen-framework\\src\\Concerns\\RoutesRequests.php(166): Laravel\\Lumen\\Application->handleFoundRoute(Array)
#17 C:\\Users\\ASUS\\Documents\\GitHub\\pti-ptr-lumen\\client\\vendor\\laravel\\lumen-framework\\src\\Routing\\Pipeline.php(48): Laravel\\Lumen\\Application->Laravel\\Lumen\\Concerns\\{closure}(Object(Laravel\\Lumen\\Http\\Request))
#18 C:\\Users\\ASUS\\Documents\\GitHub\\pti-ptr-lumen\\client\\vendor\\illuminate\\session\\Middleware\\StartSession.php(121): Laravel\\Lumen\\Routing\\Pipeline->Laravel\\Lumen\\Routing\\{closure}(Object(Laravel\\Lumen\\Http\\Request))
#19 C:\\Users\\ASUS\\Documents\\GitHub\\pti-ptr-lumen\\client\\vendor\\illuminate\\session\\Middleware\\StartSession.php(64): Illuminate\\Session\\Middleware\\StartSession->handleStatefulRequest(Object(Laravel\\Lumen\\Http\\Request), Object(Illuminate\\Session\\Store), Object(Closure))
#20 C:\\Users\\ASUS\\Documents\\GitHub\\pti-ptr-lumen\\client\\vendor\\illuminate\\pipeline\\Pipeline.php(167): Illuminate\\Session\\Middleware\\StartSession->handle(Object(Laravel\\Lumen\\Http\\Request), Object(Closure))
#21 C:\\Users\\ASUS\\Documents\\GitHub\\pti-ptr-lumen\\client\\vendor\\laravel\\lumen-framework\\src\\Routing\\Pipeline.php(30): Illuminate\\Pipeline\\Pipeline->Illuminate\\Pipeline\\{closure}(Object(Laravel\\Lumen\\Http\\Request))
#22 C:\\Users\\ASUS\\Documents\\GitHub\\pti-ptr-lumen\\client\\vendor\\illuminate\\pipeline\\Pipeline.php(103): Laravel\\Lumen\\Routing\\Pipeline->Laravel\\Lumen\\Routing\\{closure}(Object(Laravel\\Lumen\\Http\\Request))
#23 C:\\Users\\ASUS\\Documents\\GitHub\\pti-ptr-lumen\\client\\vendor\\laravel\\lumen-framework\\src\\Concerns\\RoutesRequests.php(423): Illuminate\\Pipeline\\Pipeline->then(Object(Closure))
#24 C:\\Users\\ASUS\\Documents\\GitHub\\pti-ptr-lumen\\client\\vendor\\laravel\\lumen-framework\\src\\Concerns\\RoutesRequests.php(172): Laravel\\Lumen\\Application->sendThroughPipeline(Array, Object(Closure))
#25 C:\\Users\\ASUS\\Documents\\GitHub\\pti-ptr-lumen\\client\\vendor\\laravel\\lumen-framework\\src\\Concerns\\RoutesRequests.php(109): Laravel\\Lumen\\Application->dispatch(NULL)
#26 C:\\Users\\ASUS\\Documents\\GitHub\\pti-ptr-lumen\\client\\public\\index.php(28): Laravel\\Lumen\\Application->run()
#27 {main}

[previous exception] [object] (GuzzleHttp\\Exception\\ConnectException(code: 0): cURL error 7: Failed to connect to localhost port 8010: Connection refused (see https://curl.haxx.se/libcurl/c/libcurl-errors.html) for http://localhost:8010/register at C:\\Users\\ASUS\\Documents\\GitHub\\pti-ptr-lumen\\client\\vendor\\guzzlehttp\\guzzle\\src\\Handler\\CurlFactory.php:210)
[stacktrace]
#0 C:\\Users\\ASUS\\Documents\\GitHub\\pti-ptr-lumen\\client\\vendor\\guzzlehttp\\guzzle\\src\\Handler\\CurlFactory.php(158): GuzzleHttp\\Handler\\CurlFactory::createRejection(Object(GuzzleHttp\\Handler\\EasyHandle), Array)
#1 C:\\Users\\ASUS\\Documents\\GitHub\\pti-ptr-lumen\\client\\vendor\\guzzlehttp\\guzzle\\src\\Handler\\CurlFactory.php(110): GuzzleHttp\\Handler\\CurlFactory::finishError(Object(GuzzleHttp\\Handler\\CurlHandler), Object(GuzzleHttp\\Handler\\EasyHandle), Object(GuzzleHttp\\Handler\\CurlFactory))
#2 C:\\Users\\ASUS\\Documents\\GitHub\\pti-ptr-lumen\\client\\vendor\\guzzlehttp\\guzzle\\src\\Handler\\CurlHandler.php(47): GuzzleHttp\\Handler\\CurlFactory::finish(Object(GuzzleHttp\\Handler\\CurlHandler), Object(GuzzleHttp\\Handler\\EasyHandle), Object(GuzzleHttp\\Handler\\CurlFactory))
#3 C:\\Users\\ASUS\\Documents\\GitHub\\pti-ptr-lumen\\client\\vendor\\guzzlehttp\\guzzle\\src\\Handler\\Proxy.php(28): GuzzleHttp\\Handler\\CurlHandler->__invoke(Object(GuzzleHttp\\Psr7\\Request), Array)
#4 C:\\Users\\ASUS\\Documents\\GitHub\\pti-ptr-lumen\\client\\vendor\\guzzlehttp\\guzzle\\src\\Handler\\Proxy.php(48): GuzzleHttp\\Handler\\Proxy::GuzzleHttp\\Handler\\{closure}(Object(GuzzleHttp\\Psr7\\Request), Array)
#5 C:\\Users\\ASUS\\Documents\\GitHub\\pti-ptr-lumen\\client\\vendor\\illuminate\\http\\Client\\PendingRequest.php(751): GuzzleHttp\\Handler\\Proxy::GuzzleHttp\\Handler\\{closure}(Object(GuzzleHttp\\Psr7\\Request), Array)
#6 C:\\Users\\ASUS\\Documents\\GitHub\\pti-ptr-lumen\\client\\vendor\\illuminate\\http\\Client\\PendingRequest.php(721): Illuminate\\Http\\Client\\PendingRequest->Illuminate\\Http\\Client\\{closure}(Object(GuzzleHttp\\Psr7\\Request), Array)
#7 C:\\Users\\ASUS\\Documents\\GitHub\\pti-ptr-lumen\\client\\vendor\\illuminate\\http\\Client\\PendingRequest.php(707): Illuminate\\Http\\Client\\PendingRequest->Illuminate\\Http\\Client\\{closure}(Object(GuzzleHttp\\Psr7\\Request), Array)
#8 C:\\Users\\ASUS\\Documents\\GitHub\\pti-ptr-lumen\\client\\vendor\\guzzlehttp\\guzzle\\src\\PrepareBodyMiddleware.php(64): Illuminate\\Http\\Client\\PendingRequest->Illuminate\\Http\\Client\\{closure}(Object(GuzzleHttp\\Psr7\\Request), Array)
#9 C:\\Users\\ASUS\\Documents\\GitHub\\pti-ptr-lumen\\client\\vendor\\guzzlehttp\\guzzle\\src\\Middleware.php(37): GuzzleHttp\\PrepareBodyMiddleware->__invoke(Object(GuzzleHttp\\Psr7\\Request), Array)
#10 C:\\Users\\ASUS\\Documents\\GitHub\\pti-ptr-lumen\\client\\vendor\\guzzlehttp\\guzzle\\src\\RedirectMiddleware.php(71): GuzzleHttp\\Middleware::GuzzleHttp\\{closure}(Object(GuzzleHttp\\Psr7\\Request), Array)
#11 C:\\Users\\ASUS\\Documents\\GitHub\\pti-ptr-lumen\\client\\vendor\\guzzlehttp\\guzzle\\src\\Middleware.php(61): GuzzleHttp\\RedirectMiddleware->__invoke(Object(GuzzleHttp\\Psr7\\Request), Array)
#12 C:\\Users\\ASUS\\Documents\\GitHub\\pti-ptr-lumen\\client\\vendor\\guzzlehttp\\guzzle\\src\\HandlerStack.php(75): GuzzleHttp\\Middleware::GuzzleHttp\\{closure}(Object(GuzzleHttp\\Psr7\\Request), Array)
#13 C:\\Users\\ASUS\\Documents\\GitHub\\pti-ptr-lumen\\client\\vendor\\guzzlehttp\\guzzle\\src\\Client.php(331): GuzzleHttp\\HandlerStack->__invoke(Object(GuzzleHttp\\Psr7\\Request), Array)
#14 C:\\Users\\ASUS\\Documents\\GitHub\\pti-ptr-lumen\\client\\vendor\\guzzlehttp\\guzzle\\src\\Client.php(168): GuzzleHttp\\Client->transfer(Object(GuzzleHttp\\Psr7\\Request), Array)
#15 C:\\Users\\ASUS\\Documents\\GitHub\\pti-ptr-lumen\\client\\vendor\\guzzlehttp\\guzzle\\src\\Client.php(187): GuzzleHttp\\Client->requestAsync('POST', Object(GuzzleHttp\\Psr7\\Uri), Array)
#16 C:\\Users\\ASUS\\Documents\\GitHub\\pti-ptr-lumen\\client\\vendor\\illuminate\\http\\Client\\PendingRequest.php(609): GuzzleHttp\\Client->request('POST', 'http://localhos...', Array)
#17 C:\\Users\\ASUS\\Documents\\GitHub\\pti-ptr-lumen\\client\\vendor\\illuminate\\support\\helpers.php(234): Illuminate\\Http\\Client\\PendingRequest->Illuminate\\Http\\Client\\{closure}(1)
#18 C:\\Users\\ASUS\\Documents\\GitHub\\pti-ptr-lumen\\client\\vendor\\illuminate\\http\\Client\\PendingRequest.php(624): retry(0, Object(Closure), 100)
#19 C:\\Users\\ASUS\\Documents\\GitHub\\pti-ptr-lumen\\client\\vendor\\illuminate\\http\\Client\\PendingRequest.php(528): Illuminate\\Http\\Client\\PendingRequest->send('POST', 'http://localhos...', Array)
#20 C:\\Users\\ASUS\\Documents\\GitHub\\pti-ptr-lumen\\client\\vendor\\illuminate\\http\\Client\\Factory.php(350): Illuminate\\Http\\Client\\PendingRequest->post('http://localhos...', Array)
#21 C:\\Users\\ASUS\\Documents\\GitHub\\pti-ptr-lumen\\client\\vendor\\illuminate\\support\\Facades\\Facade.php(261): Illuminate\\Http\\Client\\Factory->__call('post', Array)
#22 C:\\Users\\ASUS\\Documents\\GitHub\\pti-ptr-lumen\\client\\app\\Http\\Controllers\\RegisterController.php(29): Illuminate\\Support\\Facades\\Facade::__callStatic('post', Array)
#23 C:\\Users\\ASUS\\Documents\\GitHub\\pti-ptr-lumen\\client\\vendor\\illuminate\\container\\BoundMethod.php(36): App\\Http\\Controllers\\RegisterController->registeUser(Object(Laravel\\Lumen\\Http\\Request))
#24 C:\\Users\\ASUS\\Documents\\GitHub\\pti-ptr-lumen\\client\\vendor\\illuminate\\container\\Util.php(40): Illuminate\\Container\\BoundMethod::Illuminate\\Container\\{closure}()
#25 C:\\Users\\ASUS\\Documents\\GitHub\\pti-ptr-lumen\\client\\vendor\\illuminate\\container\\BoundMethod.php(93): Illuminate\\Container\\Util::unwrapIfClosure(Object(Closure))
#26 C:\\Users\\ASUS\\Documents\\GitHub\\pti-ptr-lumen\\client\\vendor\\illuminate\\container\\BoundMethod.php(37): Illuminate\\Container\\BoundMethod::callBoundMethod(Object(Laravel\\Lumen\\Application), Array, Object(Closure))
#27 C:\\Users\\ASUS\\Documents\\GitHub\\pti-ptr-lumen\\client\\vendor\\illuminate\\container\\Container.php(611): Illuminate\\Container\\BoundMethod::call(Object(Laravel\\Lumen\\Application), Array, Array, NULL)
#28 C:\\Users\\ASUS\\Documents\\GitHub\\pti-ptr-lumen\\client\\vendor\\laravel\\lumen-framework\\src\\Concerns\\RoutesRequests.php(386): Illuminate\\Container\\Container->call(Array, Array)
#29 C:\\Users\\ASUS\\Documents\\GitHub\\pti-ptr-lumen\\client\\vendor\\laravel\\lumen-framework\\src\\Concerns\\RoutesRequests.php(352): Laravel\\Lumen\\Application->callControllerCallable(Array, Array)
#30 C:\\Users\\ASUS\\Documents\\GitHub\\pti-ptr-lumen\\client\\vendor\\laravel\\lumen-framework\\src\\Concerns\\RoutesRequests.php(326): Laravel\\Lumen\\Application->callLumenController(Object(App\\Http\\Controllers\\RegisterController), 'registeUser', Array)
#31 C:\\Users\\ASUS\\Documents\\GitHub\\pti-ptr-lumen\\client\\vendor\\laravel\\lumen-framework\\src\\Concerns\\RoutesRequests.php(279): Laravel\\Lumen\\Application->callControllerAction(Array)
#32 C:\\Users\\ASUS\\Documents\\GitHub\\pti-ptr-lumen\\client\\vendor\\laravel\\lumen-framework\\src\\Concerns\\RoutesRequests.php(264): Laravel\\Lumen\\Application->callActionOnArrayBasedRoute(Array)
#33 C:\\Users\\ASUS\\Documents\\GitHub\\pti-ptr-lumen\\client\\vendor\\laravel\\lumen-framework\\src\\Concerns\\RoutesRequests.php(166): Laravel\\Lumen\\Application->handleFoundRoute(Array)
#34 C:\\Users\\ASUS\\Documents\\GitHub\\pti-ptr-lumen\\client\\vendor\\laravel\\lumen-framework\\src\\Routing\\Pipeline.php(48): Laravel\\Lumen\\Application->Laravel\\Lumen\\Concerns\\{closure}(Object(Laravel\\Lumen\\Http\\Request))
#35 C:\\Users\\ASUS\\Documents\\GitHub\\pti-ptr-lumen\\client\\vendor\\illuminate\\session\\Middleware\\StartSession.php(121): Laravel\\Lumen\\Routing\\Pipeline->Laravel\\Lumen\\Routing\\{closure}(Object(Laravel\\Lumen\\Http\\Request))
#36 C:\\Users\\ASUS\\Documents\\GitHub\\pti-ptr-lumen\\client\\vendor\\illuminate\\session\\Middleware\\StartSession.php(64): Illuminate\\Session\\Middleware\\StartSession->handleStatefulRequest(Object(Laravel\\Lumen\\Http\\Request), Object(Illuminate\\Session\\Store), Object(Closure))
#37 C:\\Users\\ASUS\\Documents\\GitHub\\pti-ptr-lumen\\client\\vendor\\illuminate\\pipeline\\Pipeline.php(167): Illuminate\\Session\\Middleware\\StartSession->handle(Object(Laravel\\Lumen\\Http\\Request), Object(Closure))
#38 C:\\Users\\ASUS\\Documents\\GitHub\\pti-ptr-lumen\\client\\vendor\\laravel\\lumen-framework\\src\\Routing\\Pipeline.php(30): Illuminate\\Pipeline\\Pipeline->Illuminate\\Pipeline\\{closure}(Object(Laravel\\Lumen\\Http\\Request))
#39 C:\\Users\\ASUS\\Documents\\GitHub\\pti-ptr-lumen\\client\\vendor\\illuminate\\pipeline\\Pipeline.php(103): Laravel\\Lumen\\Routing\\Pipeline->Laravel\\Lumen\\Routing\\{closure}(Object(Laravel\\Lumen\\Http\\Request))
#40 C:\\Users\\ASUS\\Documents\\GitHub\\pti-ptr-lumen\\client\\vendor\\laravel\\lumen-framework\\src\\Concerns\\RoutesRequests.php(423): Illuminate\\Pipeline\\Pipeline->then(Object(Closure))
#41 C:\\Users\\ASUS\\Documents\\GitHub\\pti-ptr-lumen\\client\\vendor\\laravel\\lumen-framework\\src\\Concerns\\RoutesRequests.php(172): Laravel\\Lumen\\Application->sendThroughPipeline(Array, Object(Closure))
#42 C:\\Users\\ASUS\\Documents\\GitHub\\pti-ptr-lumen\\client\\vendor\\laravel\\lumen-framework\\src\\Concerns\\RoutesRequests.php(109): Laravel\\Lumen\\Application->dispatch(NULL)
#43 C:\\Users\\ASUS\\Documents\\GitHub\\pti-ptr-lumen\\client\\public\\index.php(28): Laravel\\Lumen\\Application->run()
#44 {main}
"} 
[2021-04-10 15:02:32] local.ERROR: View [layouts.app] not found. (View: C:\Users\ASUS\Documents\GitHub\pti-ptr-lumen\client\resources\views\profileAlojamento.blade.php) {"exception":"[object] (ErrorException(code: 0): View [layouts.app] not found. (View: C:\\Users\\ASUS\\Documents\\GitHub\\pti-ptr-lumen\\client\esources\\views\\profileAlojamento.blade.php) at C:\\Users\\ASUS\\Documents\\GitHub\\pti-ptr-lumen\\client\\vendor\\illuminate\\view\\FileViewFinder.php:137)
[stacktrace]
#0 C:\\Users\\ASUS\\Documents\\GitHub\\pti-ptr-lumen\\client\\vendor\\illuminate\\view\\Engines\\PhpEngine.php(60): Illuminate\\View\\Engines\\CompilerEngine->handleViewException(Object(InvalidArgumentException), 1)
#1 C:\\Users\\ASUS\\Documents\\GitHub\\pti-ptr-lumen\\client\\vendor\\illuminate\\view\\Engines\\CompilerEngine.php(61): Illuminate\\View\\Engines\\PhpEngine->evaluatePath('C:\\\\Users\\\\ASUS\\\\D...', Array)
#2 C:\\Users\\ASUS\\Documents\\GitHub\\pti-ptr-lumen\\client\\vendor\\illuminate\\view\\View.php(139): Illuminate\\View\\Engines\\CompilerEngine->get('C:\\\\Users\\\\ASUS\\\\D...', Array)
#3 C:\\Users\\ASUS\\Documents\\GitHub\\pti-ptr-lumen\\client\\vendor\\illuminate\\view\\View.php(122): Illuminate\\View\\View->getContents()
#4 C:\\Users\\ASUS\\Documents\\GitHub\\pti-ptr-lumen\\client\\vendor\\illuminate\\view\\View.php(91): Illuminate\\View\\View->renderContents()
#5 C:\\Users\\ASUS\\Documents\\GitHub\\pti-ptr-lumen\\client\\vendor\\illuminate\\http\\Response.php(62): Illuminate\\View\\View->render()
#6 C:\\Users\\ASUS\\Documents\\GitHub\\pti-ptr-lumen\\client\\vendor\\illuminate\\http\\Response.php(34): Illuminate\\Http\\Response->setContent(Object(Illuminate\\View\\View))
#7 C:\\Users\\ASUS\\Documents\\GitHub\\pti-ptr-lumen\\client\\vendor\\laravel\\lumen-framework\\src\\Concerns\\RoutesRequests.php(446): Illuminate\\Http\\Response->__construct(Object(Illuminate\\View\\View))
#8 C:\\Users\\ASUS\\Documents\\GitHub\\pti-ptr-lumen\\client\\vendor\\laravel\\lumen-framework\\src\\Concerns\\RoutesRequests.php(299): Laravel\\Lumen\\Application->prepareResponse(Object(Illuminate\\View\\View))
#9 C:\\Users\\ASUS\\Documents\\GitHub\\pti-ptr-lumen\\client\\vendor\\laravel\\lumen-framework\\src\\Concerns\\RoutesRequests.php(264): Laravel\\Lumen\\Application->callActionOnArrayBasedRoute(Array)
#10 C:\\Users\\ASUS\\Documents\\GitHub\\pti-ptr-lumen\\client\\vendor\\laravel\\lumen-framework\\src\\Concerns\\RoutesRequests.php(166): Laravel\\Lumen\\Application->handleFoundRoute(Array)
#11 C:\\Users\\ASUS\\Documents\\GitHub\\pti-ptr-lumen\\client\\vendor\\laravel\\lumen-framework\\src\\Routing\\Pipeline.php(48): Laravel\\Lumen\\Application->Laravel\\Lumen\\Concerns\\{closure}(Object(Laravel\\Lumen\\Http\\Request))
#12 C:\\Users\\ASUS\\Documents\\GitHub\\pti-ptr-lumen\\client\\vendor\\illuminate\\session\\Middleware\\StartSession.php(121): Laravel\\Lumen\\Routing\\Pipeline->Laravel\\Lumen\\Routing\\{closure}(Object(Laravel\\Lumen\\Http\\Request))
#13 C:\\Users\\ASUS\\Documents\\GitHub\\pti-ptr-lumen\\client\\vendor\\illuminate\\session\\Middleware\\StartSession.php(64): Illuminate\\Session\\Middleware\\StartSession->handleStatefulRequest(Object(Laravel\\Lumen\\Http\\Request), Object(Illuminate\\Session\\Store), Object(Closure))
#14 C:\\Users\\ASUS\\Documents\\GitHub\\pti-ptr-lumen\\client\\vendor\\illuminate\\pipeline\\Pipeline.php(167): Illuminate\\Session\\Middleware\\StartSession->handle(Object(Laravel\\Lumen\\Http\\Request), Object(Closure))
#15 C:\\Users\\ASUS\\Documents\\GitHub\\pti-ptr-lumen\\client\\vendor\\laravel\\lumen-framework\\src\\Routing\\Pipeline.php(30): Illuminate\\Pipeline\\Pipeline->Illuminate\\Pipeline\\{closure}(Object(Laravel\\Lumen\\Http\\Request))
#16 C:\\Users\\ASUS\\Documents\\GitHub\\pti-ptr-lumen\\client\\vendor\\illuminate\\pipeline\\Pipeline.php(103): Laravel\\Lumen\\Routing\\Pipeline->Laravel\\Lumen\\Routing\\{closure}(Object(Laravel\\Lumen\\Http\\Request))
#17 C:\\Users\\ASUS\\Documents\\GitHub\\pti-ptr-lumen\\client\\vendor\\laravel\\lumen-framework\\src\\Concerns\\RoutesRequests.php(423): Illuminate\\Pipeline\\Pipeline->then(Object(Closure))
#18 C:\\Users\\ASUS\\Documents\\GitHub\\pti-ptr-lumen\\client\\vendor\\laravel\\lumen-framework\\src\\Concerns\\RoutesRequests.php(172): Laravel\\Lumen\\Application->sendThroughPipeline(Array, Object(Closure))
#19 C:\\Users\\ASUS\\Documents\\GitHub\\pti-ptr-lumen\\client\\vendor\\laravel\\lumen-framework\\src\\Concerns\\RoutesRequests.php(109): Laravel\\Lumen\\Application->dispatch(NULL)
#20 C:\\Users\\ASUS\\Documents\\GitHub\\pti-ptr-lumen\\client\\public\\index.php(28): Laravel\\Lumen\\Application->run()
#21 {main}

[previous exception] [object] (InvalidArgumentException(code: 0): View [layouts.app] not found. at C:\\Users\\ASUS\\Documents\\GitHub\\pti-ptr-lumen\\client\\vendor\\illuminate\\view\\FileViewFinder.php:137)
[stacktrace]
#0 C:\\Users\\ASUS\\Documents\\GitHub\\pti-ptr-lumen\\client\\vendor\\illuminate\\view\\FileViewFinder.php(79): Illuminate\\View\\FileViewFinder->findInPaths('layouts.app', Array)
#1 C:\\Users\\ASUS\\Documents\\GitHub\\pti-ptr-lumen\\client\\vendor\\illuminate\\view\\Factory.php(138): Illuminate\\View\\FileViewFinder->find('layouts.app')
#2 C:\\Users\\ASUS\\Documents\\GitHub\\pti-ptr-lumen\\client\\storage\\framework\\views\\4497bc58a37dc9c246aed2d4d4277b3efb3efc8e.php(142): Illuminate\\View\\Factory->make('layouts.app', Array)
#3 C:\\Users\\ASUS\\Documents\\GitHub\\pti-ptr-lumen\\client\\vendor\\illuminate\\filesystem\\Filesystem.php(107): require('C:\\\\Users\\\\ASUS\\\\D...')
#4 C:\\Users\\ASUS\\Documents\\GitHub\\pti-ptr-lumen\\client\\vendor\\illuminate\\filesystem\\Filesystem.php(108): Illuminate\\Filesystem\\Filesystem::Illuminate\\Filesystem\\{closure}()
#5 C:\\Users\\ASUS\\Documents\\GitHub\\pti-ptr-lumen\\client\\vendor\\illuminate\\view\\Engines\\PhpEngine.php(58): Illuminate\\Filesystem\\Filesystem->getRequire('C:\\\\Users\\\\ASUS\\\\D...', Array)
#6 C:\\Users\\ASUS\\Documents\\GitHub\\pti-ptr-lumen\\client\\vendor\\illuminate\\view\\Engines\\CompilerEngine.php(61): Illuminate\\View\\Engines\\PhpEngine->evaluatePath('C:\\\\Users\\\\ASUS\\\\D...', Array)
#7 C:\\Users\\ASUS\\Documents\\GitHub\\pti-ptr-lumen\\client\\vendor\\illuminate\\view\\View.php(139): Illuminate\\View\\Engines\\CompilerEngine->get('C:\\\\Users\\\\ASUS\\\\D...', Array)
#8 C:\\Users\\ASUS\\Documents\\GitHub\\pti-ptr-lumen\\client\\vendor\\illuminate\\view\\View.php(122): Illuminate\\View\\View->getContents()
#9 C:\\Users\\ASUS\\Documents\\GitHub\\pti-ptr-lumen\\client\\vendor\\illuminate\\view\\View.php(91): Illuminate\\View\\View->renderContents()
#10 C:\\Users\\ASUS\\Documents\\GitHub\\pti-ptr-lumen\\client\\vendor\\illuminate\\http\\Response.php(62): Illuminate\\View\\View->render()
#11 C:\\Users\\ASUS\\Documents\\GitHub\\pti-ptr-lumen\\client\\vendor\\illuminate\\http\\Response.php(34): Illuminate\\Http\\Response->setContent(Object(Illuminate\\View\\View))
#12 C:\\Users\\ASUS\\Documents\\GitHub\\pti-ptr-lumen\\client\\vendor\\laravel\\lumen-framework\\src\\Concerns\\RoutesRequests.php(446): Illuminate\\Http\\Response->__construct(Object(Illuminate\\View\\View))
#13 C:\\Users\\ASUS\\Documents\\GitHub\\pti-ptr-lumen\\client\\vendor\\laravel\\lumen-framework\\src\\Concerns\\RoutesRequests.php(299): Laravel\\Lumen\\Application->prepareResponse(Object(Illuminate\\View\\View))
#14 C:\\Users\\ASUS\\Documents\\GitHub\\pti-ptr-lumen\\client\\vendor\\laravel\\lumen-framework\\src\\Concerns\\RoutesRequests.php(264): Laravel\\Lumen\\Application->callActionOnArrayBasedRoute(Array)
#15 C:\\Users\\ASUS\\Documents\\GitHub\\pti-ptr-lumen\\client\\vendor\\laravel\\lumen-framework\\src\\Concerns\\RoutesRequests.php(166): Laravel\\Lumen\\Application->handleFoundRoute(Array)
#16 C:\\Users\\ASUS\\Documents\\GitHub\\pti-ptr-lumen\\client\\vendor\\laravel\\lumen-framework\\src\\Routing\\Pipeline.php(48): Laravel\\Lumen\\Application->Laravel\\Lumen\\Concerns\\{closure}(Object(Laravel\\Lumen\\Http\\Request))
#17 C:\\Users\\ASUS\\Documents\\GitHub\\pti-ptr-lumen\\client\\vendor\\illuminate\\session\\Middleware\\StartSession.php(121): Laravel\\Lumen\\Routing\\Pipeline->Laravel\\Lumen\\Routing\\{closure}(Object(Laravel\\Lumen\\Http\\Request))
#18 C:\\Users\\ASUS\\Documents\\GitHub\\pti-ptr-lumen\\client\\vendor\\illuminate\\session\\Middleware\\StartSession.php(64): Illuminate\\Session\\Middleware\\StartSession->handleStatefulRequest(Object(Laravel\\Lumen\\Http\\Request), Object(Illuminate\\Session\\Store), Object(Closure))
#19 C:\\Users\\ASUS\\Documents\\GitHub\\pti-ptr-lumen\\client\\vendor\\illuminate\\pipeline\\Pipeline.php(167): Illuminate\\Session\\Middleware\\StartSession->handle(Object(Laravel\\Lumen\\Http\\Request), Object(Closure))
#20 C:\\Users\\ASUS\\Documents\\GitHub\\pti-ptr-lumen\\client\\vendor\\laravel\\lumen-framework\\src\\Routing\\Pipeline.php(30): Illuminate\\Pipeline\\Pipeline->Illuminate\\Pipeline\\{closure}(Object(Laravel\\Lumen\\Http\\Request))
#21 C:\\Users\\ASUS\\Documents\\GitHub\\pti-ptr-lumen\\client\\vendor\\illuminate\\pipeline\\Pipeline.php(103): Laravel\\Lumen\\Routing\\Pipeline->Laravel\\Lumen\\Routing\\{closure}(Object(Laravel\\Lumen\\Http\\Request))
#22 C:\\Users\\ASUS\\Documents\\GitHub\\pti-ptr-lumen\\client\\vendor\\laravel\\lumen-framework\\src\\Concerns\\RoutesRequests.php(423): Illuminate\\Pipeline\\Pipeline->then(Object(Closure))
#23 C:\\Users\\ASUS\\Documents\\GitHub\\pti-ptr-lumen\\client\\vendor\\laravel\\lumen-framework\\src\\Concerns\\RoutesRequests.php(172): Laravel\\Lumen\\Application->sendThroughPipeline(Array, Object(Closure))
#24 C:\\Users\\ASUS\\Documents\\GitHub\\pti-ptr-lumen\\client\\vendor\\laravel\\lumen-framework\\src\\Concerns\\RoutesRequests.php(109): Laravel\\Lumen\\Application->dispatch(NULL)
#25 C:\\Users\\ASUS\\Documents\\GitHub\\pti-ptr-lumen\\client\\public\\index.php(28): Laravel\\Lumen\\Application->run()
#26 {main}
"} 
