[2021-04-03 16:46:36] local.ERROR: Undefined variable $errors (View: C:\Users\ASUS\Documents\GitHub\pti-ptr-lumen\client\resources\views\register.blade.php) {"exception":"[object] (ErrorException(code: 0): Undefined variable $errors (View: C:\\Users\\ASUS\\Documents\\GitHub\\pti-ptr-lumen\\client\esources\\views\egister.blade.php) at C:\\Users\\ASUS\\Documents\\GitHub\\pti-ptr-lumen\\client\\storage\\framework\\views\\0624863a76b08124db4c1cb1c0ab3da5ab1f4a2a.php:10)
[stacktrace]
#0 C:\\Users\\ASUS\\Documents\\GitHub\\pti-ptr-lumen\\client\\vendor\\illuminate\\view\\Engines\\PhpEngine.php(60): Illuminate\\View\\Engines\\CompilerEngine->handleViewException(Object(ErrorException), 1)
#1 C:\\Users\\ASUS\\Documents\\GitHub\\pti-ptr-lumen\\client\\vendor\\illuminate\\view\\Engines\\CompilerEngine.php(61): Illuminate\\View\\Engines\\PhpEngine->evaluatePath('C:\\\\Users\\\\ASUS\\\\D...', Array)
#2 C:\\Users\\ASUS\\Documents\\GitHub\\pti-ptr-lumen\\client\\vendor\\illuminate\\view\\View.php(139): Illuminate\\View\\Engines\\CompilerEngine->get('C:\\\\Users\\\\ASUS\\\\D...', Array)
#3 C:\\Users\\ASUS\\Documents\\GitHub\\pti-ptr-lumen\\client\\vendor\\illuminate\\view\\View.php(122): Illuminate\\View\\View->getContents()
#4 C:\\Users\\ASUS\\Documents\\GitHub\\pti-ptr-lumen\\client\\vendor\\illuminate\\view\\View.php(91): Illuminate\\View\\View->renderContents()
#5 C:\\Users\\ASUS\\Documents\\GitHub\\pti-ptr-lumen\\client\\vendor\\illuminate\\http\\Response.php(62): Illuminate\\View\\View->render()
#6 C:\\Users\\ASUS\\Documents\\GitHub\\pti-ptr-lumen\\client\\vendor\\illuminate\\http\\Response.php(34): Illuminate\\Http\\Response->setContent(Object(Illuminate\\View\\View))
#7 C:\\Users\\ASUS\\Documents\\GitHub\\pti-ptr-lumen\\client\\vendor\\laravel\\lumen-framework\\src\\Concerns\\RoutesRequests.php(446): Illuminate\\Http\\Response->__construct(Object(Illuminate\\View\\View))
#8 C:\\Users\\ASUS\\Documents\\GitHub\\pti-ptr-lumen\\client\\vendor\\laravel\\lumen-framework\\src\\Concerns\\RoutesRequests.php(299): Laravel\\Lumen\\Application->prepareResponse(Object(Illuminate\\View\\View))
#9 C:\\Users\\ASUS\\Documents\\GitHub\\pti-ptr-lumen\\client\\vendor\\laravel\\lumen-framework\\src\\Concerns\\RoutesRequests.php(264): Laravel\\Lumen\\Application->callActionOnArrayBasedRoute(Array)
#10 C:\\Users\\ASUS\\Documents\\GitHub\\pti-ptr-lumen\\client\\vendor\\laravel\\lumen-framework\\src\\Concerns\\RoutesRequests.php(166): Laravel\\Lumen\\Application->handleFoundRoute(Array)
#11 C:\\Users\\ASUS\\Documents\\GitHub\\pti-ptr-lumen\\client\\vendor\\laravel\\lumen-framework\\src\\Concerns\\RoutesRequests.php(426): Laravel\\Lumen\\Application->Laravel\\Lumen\\Concerns\\{closure}(Object(Laravel\\Lumen\\Http\\Request))
#12 C:\\Users\\ASUS\\Documents\\GitHub\\pti-ptr-lumen\\client\\vendor\\laravel\\lumen-framework\\src\\Concerns\\RoutesRequests.php(172): Laravel\\Lumen\\Application->sendThroughPipeline(Array, Object(Closure))
#13 C:\\Users\\ASUS\\Documents\\GitHub\\pti-ptr-lumen\\client\\vendor\\laravel\\lumen-framework\\src\\Concerns\\RoutesRequests.php(109): Laravel\\Lumen\\Application->dispatch(NULL)
#14 C:\\Users\\ASUS\\Documents\\GitHub\\pti-ptr-lumen\\client\\public\\index.php(28): Laravel\\Lumen\\Application->run()
#15 {main}

[previous exception] [object] (ErrorException(code: 0): Undefined variable $errors at C:\\Users\\ASUS\\Documents\\GitHub\\pti-ptr-lumen\\client\\storage\\framework\\views\\0624863a76b08124db4c1cb1c0ab3da5ab1f4a2a.php:10)
[stacktrace]
#0 C:\\Users\\ASUS\\Documents\\GitHub\\pti-ptr-lumen\\client\\storage\\framework\\views\\0624863a76b08124db4c1cb1c0ab3da5ab1f4a2a.php(10): Laravel\\Lumen\\Application->Laravel\\Lumen\\Concerns\\{closure}(2, 'Undefined varia...', 'C:\\\\Users\\\\ASUS\\\\D...', 10)
#1 C:\\Users\\ASUS\\Documents\\GitHub\\pti-ptr-lumen\\client\\vendor\\illuminate\\filesystem\\Filesystem.php(107): require('C:\\\\Users\\\\ASUS\\\\D...')
#2 C:\\Users\\ASUS\\Documents\\GitHub\\pti-ptr-lumen\\client\\vendor\\illuminate\\filesystem\\Filesystem.php(108): Illuminate\\Filesystem\\Filesystem::Illuminate\\Filesystem\\{closure}()
#3 C:\\Users\\ASUS\\Documents\\GitHub\\pti-ptr-lumen\\client\\vendor\\illuminate\\view\\Engines\\PhpEngine.php(58): Illuminate\\Filesystem\\Filesystem->getRequire('C:\\\\Users\\\\ASUS\\\\D...', Array)
#4 C:\\Users\\ASUS\\Documents\\GitHub\\pti-ptr-lumen\\client\\vendor\\illuminate\\view\\Engines\\CompilerEngine.php(61): Illuminate\\View\\Engines\\PhpEngine->evaluatePath('C:\\\\Users\\\\ASUS\\\\D...', Array)
#5 C:\\Users\\ASUS\\Documents\\GitHub\\pti-ptr-lumen\\client\\vendor\\illuminate\\view\\View.php(139): Illuminate\\View\\Engines\\CompilerEngine->get('C:\\\\Users\\\\ASUS\\\\D...', Array)
#6 C:\\Users\\ASUS\\Documents\\GitHub\\pti-ptr-lumen\\client\\vendor\\illuminate\\view\\View.php(122): Illuminate\\View\\View->getContents()
#7 C:\\Users\\ASUS\\Documents\\GitHub\\pti-ptr-lumen\\client\\vendor\\illuminate\\view\\View.php(91): Illuminate\\View\\View->renderContents()
#8 C:\\Users\\ASUS\\Documents\\GitHub\\pti-ptr-lumen\\client\\vendor\\illuminate\\http\\Response.php(62): Illuminate\\View\\View->render()
#9 C:\\Users\\ASUS\\Documents\\GitHub\\pti-ptr-lumen\\client\\vendor\\illuminate\\http\\Response.php(34): Illuminate\\Http\\Response->setContent(Object(Illuminate\\View\\View))
#10 C:\\Users\\ASUS\\Documents\\GitHub\\pti-ptr-lumen\\client\\vendor\\laravel\\lumen-framework\\src\\Concerns\\RoutesRequests.php(446): Illuminate\\Http\\Response->__construct(Object(Illuminate\\View\\View))
#11 C:\\Users\\ASUS\\Documents\\GitHub\\pti-ptr-lumen\\client\\vendor\\laravel\\lumen-framework\\src\\Concerns\\RoutesRequests.php(299): Laravel\\Lumen\\Application->prepareResponse(Object(Illuminate\\View\\View))
#12 C:\\Users\\ASUS\\Documents\\GitHub\\pti-ptr-lumen\\client\\vendor\\laravel\\lumen-framework\\src\\Concerns\\RoutesRequests.php(264): Laravel\\Lumen\\Application->callActionOnArrayBasedRoute(Array)
#13 C:\\Users\\ASUS\\Documents\\GitHub\\pti-ptr-lumen\\client\\vendor\\laravel\\lumen-framework\\src\\Concerns\\RoutesRequests.php(166): Laravel\\Lumen\\Application->handleFoundRoute(Array)
#14 C:\\Users\\ASUS\\Documents\\GitHub\\pti-ptr-lumen\\client\\vendor\\laravel\\lumen-framework\\src\\Concerns\\RoutesRequests.php(426): Laravel\\Lumen\\Application->Laravel\\Lumen\\Concerns\\{closure}(Object(Laravel\\Lumen\\Http\\Request))
#15 C:\\Users\\ASUS\\Documents\\GitHub\\pti-ptr-lumen\\client\\vendor\\laravel\\lumen-framework\\src\\Concerns\\RoutesRequests.php(172): Laravel\\Lumen\\Application->sendThroughPipeline(Array, Object(Closure))
#16 C:\\Users\\ASUS\\Documents\\GitHub\\pti-ptr-lumen\\client\\vendor\\laravel\\lumen-framework\\src\\Concerns\\RoutesRequests.php(109): Laravel\\Lumen\\Application->dispatch(NULL)
#17 C:\\Users\\ASUS\\Documents\\GitHub\\pti-ptr-lumen\\client\\public\\index.php(28): Laravel\\Lumen\\Application->run()
#18 {main}
"} 
[2021-04-03 16:50:58] local.ERROR: Undefined variable $errors (View: C:\Users\ASUS\Documents\GitHub\pti-ptr-lumen\client\resources\views\register.blade.php) {"exception":"[object] (ErrorException(code: 0): Undefined variable $errors (View: C:\\Users\\ASUS\\Documents\\GitHub\\pti-ptr-lumen\\client\esources\\views\egister.blade.php) at C:\\Users\\ASUS\\Documents\\GitHub\\pti-ptr-lumen\\client\\storage\\framework\\views\\0624863a76b08124db4c1cb1c0ab3da5ab1f4a2a.php:11)
[stacktrace]
#0 C:\\Users\\ASUS\\Documents\\GitHub\\pti-ptr-lumen\\client\\vendor\\illuminate\\view\\Engines\\PhpEngine.php(60): Illuminate\\View\\Engines\\CompilerEngine->handleViewException(Object(ErrorException), 1)
#1 C:\\Users\\ASUS\\Documents\\GitHub\\pti-ptr-lumen\\client\\vendor\\illuminate\\view\\Engines\\CompilerEngine.php(61): Illuminate\\View\\Engines\\PhpEngine->evaluatePath('C:\\\\Users\\\\ASUS\\\\D...', Array)
#2 C:\\Users\\ASUS\\Documents\\GitHub\\pti-ptr-lumen\\client\\vendor\\illuminate\\view\\View.php(139): Illuminate\\View\\Engines\\CompilerEngine->get('C:\\\\Users\\\\ASUS\\\\D...', Array)
#3 C:\\Users\\ASUS\\Documents\\GitHub\\pti-ptr-lumen\\client\\vendor\\illuminate\\view\\View.php(122): Illuminate\\View\\View->getContents()
#4 C:\\Users\\ASUS\\Documents\\GitHub\\pti-ptr-lumen\\client\\vendor\\illuminate\\view\\View.php(91): Illuminate\\View\\View->renderContents()
#5 C:\\Users\\ASUS\\Documents\\GitHub\\pti-ptr-lumen\\client\\vendor\\illuminate\\http\\Response.php(62): Illuminate\\View\\View->render()
#6 C:\\Users\\ASUS\\Documents\\GitHub\\pti-ptr-lumen\\client\\vendor\\illuminate\\http\\Response.php(34): Illuminate\\Http\\Response->setContent(Object(Illuminate\\View\\View))
#7 C:\\Users\\ASUS\\Documents\\GitHub\\pti-ptr-lumen\\client\\vendor\\laravel\\lumen-framework\\src\\Concerns\\RoutesRequests.php(446): Illuminate\\Http\\Response->__construct(Object(Illuminate\\View\\View))
#8 C:\\Users\\ASUS\\Documents\\GitHub\\pti-ptr-lumen\\client\\vendor\\laravel\\lumen-framework\\src\\Concerns\\RoutesRequests.php(299): Laravel\\Lumen\\Application->prepareResponse(Object(Illuminate\\View\\View))
#9 C:\\Users\\ASUS\\Documents\\GitHub\\pti-ptr-lumen\\client\\vendor\\laravel\\lumen-framework\\src\\Concerns\\RoutesRequests.php(264): Laravel\\Lumen\\Application->callActionOnArrayBasedRoute(Array)
#10 C:\\Users\\ASUS\\Documents\\GitHub\\pti-ptr-lumen\\client\\vendor\\laravel\\lumen-framework\\src\\Concerns\\RoutesRequests.php(166): Laravel\\Lumen\\Application->handleFoundRoute(Array)
#11 C:\\Users\\ASUS\\Documents\\GitHub\\pti-ptr-lumen\\client\\vendor\\laravel\\lumen-framework\\src\\Concerns\\RoutesRequests.php(426): Laravel\\Lumen\\Application->Laravel\\Lumen\\Concerns\\{closure}(Object(Laravel\\Lumen\\Http\\Request))
#12 C:\\Users\\ASUS\\Documents\\GitHub\\pti-ptr-lumen\\client\\vendor\\laravel\\lumen-framework\\src\\Concerns\\RoutesRequests.php(172): Laravel\\Lumen\\Application->sendThroughPipeline(Array, Object(Closure))
#13 C:\\Users\\ASUS\\Documents\\GitHub\\pti-ptr-lumen\\client\\vendor\\laravel\\lumen-framework\\src\\Concerns\\RoutesRequests.php(109): Laravel\\Lumen\\Application->dispatch(NULL)
#14 C:\\Users\\ASUS\\Documents\\GitHub\\pti-ptr-lumen\\client\\public\\index.php(28): Laravel\\Lumen\\Application->run()
#15 {main}

[previous exception] [object] (ErrorException(code: 0): Undefined variable $errors at C:\\Users\\ASUS\\Documents\\GitHub\\pti-ptr-lumen\\client\\storage\\framework\\views\\0624863a76b08124db4c1cb1c0ab3da5ab1f4a2a.php:11)
[stacktrace]
#0 C:\\Users\\ASUS\\Documents\\GitHub\\pti-ptr-lumen\\client\\storage\\framework\\views\\0624863a76b08124db4c1cb1c0ab3da5ab1f4a2a.php(11): Laravel\\Lumen\\Application->Laravel\\Lumen\\Concerns\\{closure}(2, 'Undefined varia...', 'C:\\\\Users\\\\ASUS\\\\D...', 11)
#1 C:\\Users\\ASUS\\Documents\\GitHub\\pti-ptr-lumen\\client\\vendor\\illuminate\\filesystem\\Filesystem.php(107): require('C:\\\\Users\\\\ASUS\\\\D...')
#2 C:\\Users\\ASUS\\Documents\\GitHub\\pti-ptr-lumen\\client\\vendor\\illuminate\\filesystem\\Filesystem.php(108): Illuminate\\Filesystem\\Filesystem::Illuminate\\Filesystem\\{closure}()
#3 C:\\Users\\ASUS\\Documents\\GitHub\\pti-ptr-lumen\\client\\vendor\\illuminate\\view\\Engines\\PhpEngine.php(58): Illuminate\\Filesystem\\Filesystem->getRequire('C:\\\\Users\\\\ASUS\\\\D...', Array)
#4 C:\\Users\\ASUS\\Documents\\GitHub\\pti-ptr-lumen\\client\\vendor\\illuminate\\view\\Engines\\CompilerEngine.php(61): Illuminate\\View\\Engines\\PhpEngine->evaluatePath('C:\\\\Users\\\\ASUS\\\\D...', Array)
#5 C:\\Users\\ASUS\\Documents\\GitHub\\pti-ptr-lumen\\client\\vendor\\illuminate\\view\\View.php(139): Illuminate\\View\\Engines\\CompilerEngine->get('C:\\\\Users\\\\ASUS\\\\D...', Array)
#6 C:\\Users\\ASUS\\Documents\\GitHub\\pti-ptr-lumen\\client\\vendor\\illuminate\\view\\View.php(122): Illuminate\\View\\View->getContents()
#7 C:\\Users\\ASUS\\Documents\\GitHub\\pti-ptr-lumen\\client\\vendor\\illuminate\\view\\View.php(91): Illuminate\\View\\View->renderContents()
#8 C:\\Users\\ASUS\\Documents\\GitHub\\pti-ptr-lumen\\client\\vendor\\illuminate\\http\\Response.php(62): Illuminate\\View\\View->render()
#9 C:\\Users\\ASUS\\Documents\\GitHub\\pti-ptr-lumen\\client\\vendor\\illuminate\\http\\Response.php(34): Illuminate\\Http\\Response->setContent(Object(Illuminate\\View\\View))
#10 C:\\Users\\ASUS\\Documents\\GitHub\\pti-ptr-lumen\\client\\vendor\\laravel\\lumen-framework\\src\\Concerns\\RoutesRequests.php(446): Illuminate\\Http\\Response->__construct(Object(Illuminate\\View\\View))
#11 C:\\Users\\ASUS\\Documents\\GitHub\\pti-ptr-lumen\\client\\vendor\\laravel\\lumen-framework\\src\\Concerns\\RoutesRequests.php(299): Laravel\\Lumen\\Application->prepareResponse(Object(Illuminate\\View\\View))
#12 C:\\Users\\ASUS\\Documents\\GitHub\\pti-ptr-lumen\\client\\vendor\\laravel\\lumen-framework\\src\\Concerns\\RoutesRequests.php(264): Laravel\\Lumen\\Application->callActionOnArrayBasedRoute(Array)
#13 C:\\Users\\ASUS\\Documents\\GitHub\\pti-ptr-lumen\\client\\vendor\\laravel\\lumen-framework\\src\\Concerns\\RoutesRequests.php(166): Laravel\\Lumen\\Application->handleFoundRoute(Array)
#14 C:\\Users\\ASUS\\Documents\\GitHub\\pti-ptr-lumen\\client\\vendor\\laravel\\lumen-framework\\src\\Concerns\\RoutesRequests.php(426): Laravel\\Lumen\\Application->Laravel\\Lumen\\Concerns\\{closure}(Object(Laravel\\Lumen\\Http\\Request))
#15 C:\\Users\\ASUS\\Documents\\GitHub\\pti-ptr-lumen\\client\\vendor\\laravel\\lumen-framework\\src\\Concerns\\RoutesRequests.php(172): Laravel\\Lumen\\Application->sendThroughPipeline(Array, Object(Closure))
#16 C:\\Users\\ASUS\\Documents\\GitHub\\pti-ptr-lumen\\client\\vendor\\laravel\\lumen-framework\\src\\Concerns\\RoutesRequests.php(109): Laravel\\Lumen\\Application->dispatch(NULL)
#17 C:\\Users\\ASUS\\Documents\\GitHub\\pti-ptr-lumen\\client\\public\\index.php(28): Laravel\\Lumen\\Application->run()
#18 {main}
"} 
[2021-04-03 16:51:24] local.ERROR: Undefined variable $errors (View: C:\Users\ASUS\Documents\GitHub\pti-ptr-lumen\client\resources\views\register.blade.php) {"exception":"[object] (ErrorException(code: 0): Undefined variable $errors (View: C:\\Users\\ASUS\\Documents\\GitHub\\pti-ptr-lumen\\client\esources\\views\egister.blade.php) at C:\\Users\\ASUS\\Documents\\GitHub\\pti-ptr-lumen\\client\\storage\\framework\\views\\0624863a76b08124db4c1cb1c0ab3da5ab1f4a2a.php:11)
[stacktrace]
#0 C:\\Users\\ASUS\\Documents\\GitHub\\pti-ptr-lumen\\client\\vendor\\illuminate\\view\\Engines\\PhpEngine.php(60): Illuminate\\View\\Engines\\CompilerEngine->handleViewException(Object(ErrorException), 1)
#1 C:\\Users\\ASUS\\Documents\\GitHub\\pti-ptr-lumen\\client\\vendor\\illuminate\\view\\Engines\\CompilerEngine.php(61): Illuminate\\View\\Engines\\PhpEngine->evaluatePath('C:\\\\Users\\\\ASUS\\\\D...', Array)
#2 C:\\Users\\ASUS\\Documents\\GitHub\\pti-ptr-lumen\\client\\vendor\\illuminate\\view\\View.php(139): Illuminate\\View\\Engines\\CompilerEngine->get('C:\\\\Users\\\\ASUS\\\\D...', Array)
#3 C:\\Users\\ASUS\\Documents\\GitHub\\pti-ptr-lumen\\client\\vendor\\illuminate\\view\\View.php(122): Illuminate\\View\\View->getContents()
#4 C:\\Users\\ASUS\\Documents\\GitHub\\pti-ptr-lumen\\client\\vendor\\illuminate\\view\\View.php(91): Illuminate\\View\\View->renderContents()
#5 C:\\Users\\ASUS\\Documents\\GitHub\\pti-ptr-lumen\\client\\vendor\\illuminate\\http\\Response.php(62): Illuminate\\View\\View->render()
#6 C:\\Users\\ASUS\\Documents\\GitHub\\pti-ptr-lumen\\client\\vendor\\illuminate\\http\\Response.php(34): Illuminate\\Http\\Response->setContent(Object(Illuminate\\View\\View))
#7 C:\\Users\\ASUS\\Documents\\GitHub\\pti-ptr-lumen\\client\\vendor\\laravel\\lumen-framework\\src\\Concerns\\RoutesRequests.php(446): Illuminate\\Http\\Response->__construct(Object(Illuminate\\View\\View))
#8 C:\\Users\\ASUS\\Documents\\GitHub\\pti-ptr-lumen\\client\\vendor\\laravel\\lumen-framework\\src\\Concerns\\RoutesRequests.php(299): Laravel\\Lumen\\Application->prepareResponse(Object(Illuminate\\View\\View))
#9 C:\\Users\\ASUS\\Documents\\GitHub\\pti-ptr-lumen\\client\\vendor\\laravel\\lumen-framework\\src\\Concerns\\RoutesRequests.php(264): Laravel\\Lumen\\Application->callActionOnArrayBasedRoute(Array)
#10 C:\\Users\\ASUS\\Documents\\GitHub\\pti-ptr-lumen\\client\\vendor\\laravel\\lumen-framework\\src\\Concerns\\RoutesRequests.php(166): Laravel\\Lumen\\Application->handleFoundRoute(Array)
#11 C:\\Users\\ASUS\\Documents\\GitHub\\pti-ptr-lumen\\client\\vendor\\laravel\\lumen-framework\\src\\Concerns\\RoutesRequests.php(426): Laravel\\Lumen\\Application->Laravel\\Lumen\\Concerns\\{closure}(Object(Laravel\\Lumen\\Http\\Request))
#12 C:\\Users\\ASUS\\Documents\\GitHub\\pti-ptr-lumen\\client\\vendor\\laravel\\lumen-framework\\src\\Concerns\\RoutesRequests.php(172): Laravel\\Lumen\\Application->sendThroughPipeline(Array, Object(Closure))
#13 C:\\Users\\ASUS\\Documents\\GitHub\\pti-ptr-lumen\\client\\vendor\\laravel\\lumen-framework\\src\\Concerns\\RoutesRequests.php(109): Laravel\\Lumen\\Application->dispatch(NULL)
#14 C:\\Users\\ASUS\\Documents\\GitHub\\pti-ptr-lumen\\client\\public\\index.php(28): Laravel\\Lumen\\Application->run()
#15 {main}

[previous exception] [object] (ErrorException(code: 0): Undefined variable $errors at C:\\Users\\ASUS\\Documents\\GitHub\\pti-ptr-lumen\\client\\storage\\framework\\views\\0624863a76b08124db4c1cb1c0ab3da5ab1f4a2a.php:11)
[stacktrace]
#0 C:\\Users\\ASUS\\Documents\\GitHub\\pti-ptr-lumen\\client\\storage\\framework\\views\\0624863a76b08124db4c1cb1c0ab3da5ab1f4a2a.php(11): Laravel\\Lumen\\Application->Laravel\\Lumen\\Concerns\\{closure}(2, 'Undefined varia...', 'C:\\\\Users\\\\ASUS\\\\D...', 11)
#1 C:\\Users\\ASUS\\Documents\\GitHub\\pti-ptr-lumen\\client\\vendor\\illuminate\\filesystem\\Filesystem.php(107): require('C:\\\\Users\\\\ASUS\\\\D...')
#2 C:\\Users\\ASUS\\Documents\\GitHub\\pti-ptr-lumen\\client\\vendor\\illuminate\\filesystem\\Filesystem.php(108): Illuminate\\Filesystem\\Filesystem::Illuminate\\Filesystem\\{closure}()
#3 C:\\Users\\ASUS\\Documents\\GitHub\\pti-ptr-lumen\\client\\vendor\\illuminate\\view\\Engines\\PhpEngine.php(58): Illuminate\\Filesystem\\Filesystem->getRequire('C:\\\\Users\\\\ASUS\\\\D...', Array)
#4 C:\\Users\\ASUS\\Documents\\GitHub\\pti-ptr-lumen\\client\\vendor\\illuminate\\view\\Engines\\CompilerEngine.php(61): Illuminate\\View\\Engines\\PhpEngine->evaluatePath('C:\\\\Users\\\\ASUS\\\\D...', Array)
#5 C:\\Users\\ASUS\\Documents\\GitHub\\pti-ptr-lumen\\client\\vendor\\illuminate\\view\\View.php(139): Illuminate\\View\\Engines\\CompilerEngine->get('C:\\\\Users\\\\ASUS\\\\D...', Array)
#6 C:\\Users\\ASUS\\Documents\\GitHub\\pti-ptr-lumen\\client\\vendor\\illuminate\\view\\View.php(122): Illuminate\\View\\View->getContents()
#7 C:\\Users\\ASUS\\Documents\\GitHub\\pti-ptr-lumen\\client\\vendor\\illuminate\\view\\View.php(91): Illuminate\\View\\View->renderContents()
#8 C:\\Users\\ASUS\\Documents\\GitHub\\pti-ptr-lumen\\client\\vendor\\illuminate\\http\\Response.php(62): Illuminate\\View\\View->render()
#9 C:\\Users\\ASUS\\Documents\\GitHub\\pti-ptr-lumen\\client\\vendor\\illuminate\\http\\Response.php(34): Illuminate\\Http\\Response->setContent(Object(Illuminate\\View\\View))
#10 C:\\Users\\ASUS\\Documents\\GitHub\\pti-ptr-lumen\\client\\vendor\\laravel\\lumen-framework\\src\\Concerns\\RoutesRequests.php(446): Illuminate\\Http\\Response->__construct(Object(Illuminate\\View\\View))
#11 C:\\Users\\ASUS\\Documents\\GitHub\\pti-ptr-lumen\\client\\vendor\\laravel\\lumen-framework\\src\\Concerns\\RoutesRequests.php(299): Laravel\\Lumen\\Application->prepareResponse(Object(Illuminate\\View\\View))
#12 C:\\Users\\ASUS\\Documents\\GitHub\\pti-ptr-lumen\\client\\vendor\\laravel\\lumen-framework\\src\\Concerns\\RoutesRequests.php(264): Laravel\\Lumen\\Application->callActionOnArrayBasedRoute(Array)
#13 C:\\Users\\ASUS\\Documents\\GitHub\\pti-ptr-lumen\\client\\vendor\\laravel\\lumen-framework\\src\\Concerns\\RoutesRequests.php(166): Laravel\\Lumen\\Application->handleFoundRoute(Array)
#14 C:\\Users\\ASUS\\Documents\\GitHub\\pti-ptr-lumen\\client\\vendor\\laravel\\lumen-framework\\src\\Concerns\\RoutesRequests.php(426): Laravel\\Lumen\\Application->Laravel\\Lumen\\Concerns\\{closure}(Object(Laravel\\Lumen\\Http\\Request))
#15 C:\\Users\\ASUS\\Documents\\GitHub\\pti-ptr-lumen\\client\\vendor\\laravel\\lumen-framework\\src\\Concerns\\RoutesRequests.php(172): Laravel\\Lumen\\Application->sendThroughPipeline(Array, Object(Closure))
#16 C:\\Users\\ASUS\\Documents\\GitHub\\pti-ptr-lumen\\client\\vendor\\laravel\\lumen-framework\\src\\Concerns\\RoutesRequests.php(109): Laravel\\Lumen\\Application->dispatch(NULL)
#17 C:\\Users\\ASUS\\Documents\\GitHub\\pti-ptr-lumen\\client\\public\\index.php(28): Laravel\\Lumen\\Application->run()
#18 {main}
"} 
[2021-04-03 16:52:02] local.ERROR: Undefined variable $errors (View: C:\Users\ASUS\Documents\GitHub\pti-ptr-lumen\client\resources\views\register.blade.php) {"exception":"[object] (ErrorException(code: 0): Undefined variable $errors (View: C:\\Users\\ASUS\\Documents\\GitHub\\pti-ptr-lumen\\client\esources\\views\egister.blade.php) at C:\\Users\\ASUS\\Documents\\GitHub\\pti-ptr-lumen\\client\\storage\\framework\\views\\0624863a76b08124db4c1cb1c0ab3da5ab1f4a2a.php:11)
[stacktrace]
#0 C:\\Users\\ASUS\\Documents\\GitHub\\pti-ptr-lumen\\client\\vendor\\illuminate\\view\\Engines\\PhpEngine.php(60): Illuminate\\View\\Engines\\CompilerEngine->handleViewException(Object(ErrorException), 1)
#1 C:\\Users\\ASUS\\Documents\\GitHub\\pti-ptr-lumen\\client\\vendor\\illuminate\\view\\Engines\\CompilerEngine.php(61): Illuminate\\View\\Engines\\PhpEngine->evaluatePath('C:\\\\Users\\\\ASUS\\\\D...', Array)
#2 C:\\Users\\ASUS\\Documents\\GitHub\\pti-ptr-lumen\\client\\vendor\\illuminate\\view\\View.php(139): Illuminate\\View\\Engines\\CompilerEngine->get('C:\\\\Users\\\\ASUS\\\\D...', Array)
#3 C:\\Users\\ASUS\\Documents\\GitHub\\pti-ptr-lumen\\client\\vendor\\illuminate\\view\\View.php(122): Illuminate\\View\\View->getContents()
#4 C:\\Users\\ASUS\\Documents\\GitHub\\pti-ptr-lumen\\client\\vendor\\illuminate\\view\\View.php(91): Illuminate\\View\\View->renderContents()
#5 C:\\Users\\ASUS\\Documents\\GitHub\\pti-ptr-lumen\\client\\vendor\\illuminate\\http\\Response.php(62): Illuminate\\View\\View->render()
#6 C:\\Users\\ASUS\\Documents\\GitHub\\pti-ptr-lumen\\client\\vendor\\illuminate\\http\\Response.php(34): Illuminate\\Http\\Response->setContent(Object(Illuminate\\View\\View))
#7 C:\\Users\\ASUS\\Documents\\GitHub\\pti-ptr-lumen\\client\\vendor\\laravel\\lumen-framework\\src\\Concerns\\RoutesRequests.php(446): Illuminate\\Http\\Response->__construct(Object(Illuminate\\View\\View))
#8 C:\\Users\\ASUS\\Documents\\GitHub\\pti-ptr-lumen\\client\\vendor\\laravel\\lumen-framework\\src\\Concerns\\RoutesRequests.php(299): Laravel\\Lumen\\Application->prepareResponse(Object(Illuminate\\View\\View))
#9 C:\\Users\\ASUS\\Documents\\GitHub\\pti-ptr-lumen\\client\\vendor\\laravel\\lumen-framework\\src\\Concerns\\RoutesRequests.php(264): Laravel\\Lumen\\Application->callActionOnArrayBasedRoute(Array)
#10 C:\\Users\\ASUS\\Documents\\GitHub\\pti-ptr-lumen\\client\\vendor\\laravel\\lumen-framework\\src\\Concerns\\RoutesRequests.php(166): Laravel\\Lumen\\Application->handleFoundRoute(Array)
#11 C:\\Users\\ASUS\\Documents\\GitHub\\pti-ptr-lumen\\client\\vendor\\laravel\\lumen-framework\\src\\Concerns\\RoutesRequests.php(426): Laravel\\Lumen\\Application->Laravel\\Lumen\\Concerns\\{closure}(Object(Laravel\\Lumen\\Http\\Request))
#12 C:\\Users\\ASUS\\Documents\\GitHub\\pti-ptr-lumen\\client\\vendor\\laravel\\lumen-framework\\src\\Concerns\\RoutesRequests.php(172): Laravel\\Lumen\\Application->sendThroughPipeline(Array, Object(Closure))
#13 C:\\Users\\ASUS\\Documents\\GitHub\\pti-ptr-lumen\\client\\vendor\\laravel\\lumen-framework\\src\\Concerns\\RoutesRequests.php(109): Laravel\\Lumen\\Application->dispatch(NULL)
#14 C:\\Users\\ASUS\\Documents\\GitHub\\pti-ptr-lumen\\client\\public\\index.php(28): Laravel\\Lumen\\Application->run()
#15 {main}

[previous exception] [object] (ErrorException(code: 0): Undefined variable $errors at C:\\Users\\ASUS\\Documents\\GitHub\\pti-ptr-lumen\\client\\storage\\framework\\views\\0624863a76b08124db4c1cb1c0ab3da5ab1f4a2a.php:11)
[stacktrace]
#0 C:\\Users\\ASUS\\Documents\\GitHub\\pti-ptr-lumen\\client\\storage\\framework\\views\\0624863a76b08124db4c1cb1c0ab3da5ab1f4a2a.php(11): Laravel\\Lumen\\Application->Laravel\\Lumen\\Concerns\\{closure}(2, 'Undefined varia...', 'C:\\\\Users\\\\ASUS\\\\D...', 11)
#1 C:\\Users\\ASUS\\Documents\\GitHub\\pti-ptr-lumen\\client\\vendor\\illuminate\\filesystem\\Filesystem.php(107): require('C:\\\\Users\\\\ASUS\\\\D...')
#2 C:\\Users\\ASUS\\Documents\\GitHub\\pti-ptr-lumen\\client\\vendor\\illuminate\\filesystem\\Filesystem.php(108): Illuminate\\Filesystem\\Filesystem::Illuminate\\Filesystem\\{closure}()
#3 C:\\Users\\ASUS\\Documents\\GitHub\\pti-ptr-lumen\\client\\vendor\\illuminate\\view\\Engines\\PhpEngine.php(58): Illuminate\\Filesystem\\Filesystem->getRequire('C:\\\\Users\\\\ASUS\\\\D...', Array)
#4 C:\\Users\\ASUS\\Documents\\GitHub\\pti-ptr-lumen\\client\\vendor\\illuminate\\view\\Engines\\CompilerEngine.php(61): Illuminate\\View\\Engines\\PhpEngine->evaluatePath('C:\\\\Users\\\\ASUS\\\\D...', Array)
#5 C:\\Users\\ASUS\\Documents\\GitHub\\pti-ptr-lumen\\client\\vendor\\illuminate\\view\\View.php(139): Illuminate\\View\\Engines\\CompilerEngine->get('C:\\\\Users\\\\ASUS\\\\D...', Array)
#6 C:\\Users\\ASUS\\Documents\\GitHub\\pti-ptr-lumen\\client\\vendor\\illuminate\\view\\View.php(122): Illuminate\\View\\View->getContents()
#7 C:\\Users\\ASUS\\Documents\\GitHub\\pti-ptr-lumen\\client\\vendor\\illuminate\\view\\View.php(91): Illuminate\\View\\View->renderContents()
#8 C:\\Users\\ASUS\\Documents\\GitHub\\pti-ptr-lumen\\client\\vendor\\illuminate\\http\\Response.php(62): Illuminate\\View\\View->render()
#9 C:\\Users\\ASUS\\Documents\\GitHub\\pti-ptr-lumen\\client\\vendor\\illuminate\\http\\Response.php(34): Illuminate\\Http\\Response->setContent(Object(Illuminate\\View\\View))
#10 C:\\Users\\ASUS\\Documents\\GitHub\\pti-ptr-lumen\\client\\vendor\\laravel\\lumen-framework\\src\\Concerns\\RoutesRequests.php(446): Illuminate\\Http\\Response->__construct(Object(Illuminate\\View\\View))
#11 C:\\Users\\ASUS\\Documents\\GitHub\\pti-ptr-lumen\\client\\vendor\\laravel\\lumen-framework\\src\\Concerns\\RoutesRequests.php(299): Laravel\\Lumen\\Application->prepareResponse(Object(Illuminate\\View\\View))
#12 C:\\Users\\ASUS\\Documents\\GitHub\\pti-ptr-lumen\\client\\vendor\\laravel\\lumen-framework\\src\\Concerns\\RoutesRequests.php(264): Laravel\\Lumen\\Application->callActionOnArrayBasedRoute(Array)
#13 C:\\Users\\ASUS\\Documents\\GitHub\\pti-ptr-lumen\\client\\vendor\\laravel\\lumen-framework\\src\\Concerns\\RoutesRequests.php(166): Laravel\\Lumen\\Application->handleFoundRoute(Array)
#14 C:\\Users\\ASUS\\Documents\\GitHub\\pti-ptr-lumen\\client\\vendor\\laravel\\lumen-framework\\src\\Concerns\\RoutesRequests.php(426): Laravel\\Lumen\\Application->Laravel\\Lumen\\Concerns\\{closure}(Object(Laravel\\Lumen\\Http\\Request))
#15 C:\\Users\\ASUS\\Documents\\GitHub\\pti-ptr-lumen\\client\\vendor\\laravel\\lumen-framework\\src\\Concerns\\RoutesRequests.php(172): Laravel\\Lumen\\Application->sendThroughPipeline(Array, Object(Closure))
#16 C:\\Users\\ASUS\\Documents\\GitHub\\pti-ptr-lumen\\client\\vendor\\laravel\\lumen-framework\\src\\Concerns\\RoutesRequests.php(109): Laravel\\Lumen\\Application->dispatch(NULL)
#17 C:\\Users\\ASUS\\Documents\\GitHub\\pti-ptr-lumen\\client\\public\\index.php(28): Laravel\\Lumen\\Application->run()
#18 {main}
"} 
[2021-04-03 16:54:59] local.ERROR: Undefined variable $errors (View: C:\Users\ASUS\Documents\GitHub\pti-ptr-lumen\client\resources\views\register.blade.php) {"exception":"[object] (ErrorException(code: 0): Undefined variable $errors (View: C:\\Users\\ASUS\\Documents\\GitHub\\pti-ptr-lumen\\client\esources\\views\egister.blade.php) at C:\\Users\\ASUS\\Documents\\GitHub\\pti-ptr-lumen\\client\\storage\\framework\\views\\0624863a76b08124db4c1cb1c0ab3da5ab1f4a2a.php:11)
[stacktrace]
#0 C:\\Users\\ASUS\\Documents\\GitHub\\pti-ptr-lumen\\client\\vendor\\illuminate\\view\\Engines\\PhpEngine.php(60): Illuminate\\View\\Engines\\CompilerEngine->handleViewException(Object(ErrorException), 1)
#1 C:\\Users\\ASUS\\Documents\\GitHub\\pti-ptr-lumen\\client\\vendor\\illuminate\\view\\Engines\\CompilerEngine.php(61): Illuminate\\View\\Engines\\PhpEngine->evaluatePath('C:\\\\Users\\\\ASUS\\\\D...', Array)
#2 C:\\Users\\ASUS\\Documents\\GitHub\\pti-ptr-lumen\\client\\vendor\\illuminate\\view\\View.php(139): Illuminate\\View\\Engines\\CompilerEngine->get('C:\\\\Users\\\\ASUS\\\\D...', Array)
#3 C:\\Users\\ASUS\\Documents\\GitHub\\pti-ptr-lumen\\client\\vendor\\illuminate\\view\\View.php(122): Illuminate\\View\\View->getContents()
#4 C:\\Users\\ASUS\\Documents\\GitHub\\pti-ptr-lumen\\client\\vendor\\illuminate\\view\\View.php(91): Illuminate\\View\\View->renderContents()
#5 C:\\Users\\ASUS\\Documents\\GitHub\\pti-ptr-lumen\\client\\vendor\\illuminate\\http\\Response.php(62): Illuminate\\View\\View->render()
#6 C:\\Users\\ASUS\\Documents\\GitHub\\pti-ptr-lumen\\client\\vendor\\illuminate\\http\\Response.php(34): Illuminate\\Http\\Response->setContent(Object(Illuminate\\View\\View))
#7 C:\\Users\\ASUS\\Documents\\GitHub\\pti-ptr-lumen\\client\\vendor\\laravel\\lumen-framework\\src\\Concerns\\RoutesRequests.php(446): Illuminate\\Http\\Response->__construct(Object(Illuminate\\View\\View))
#8 C:\\Users\\ASUS\\Documents\\GitHub\\pti-ptr-lumen\\client\\vendor\\laravel\\lumen-framework\\src\\Concerns\\RoutesRequests.php(299): Laravel\\Lumen\\Application->prepareResponse(Object(Illuminate\\View\\View))
#9 C:\\Users\\ASUS\\Documents\\GitHub\\pti-ptr-lumen\\client\\vendor\\laravel\\lumen-framework\\src\\Concerns\\RoutesRequests.php(264): Laravel\\Lumen\\Application->callActionOnArrayBasedRoute(Array)
#10 C:\\Users\\ASUS\\Documents\\GitHub\\pti-ptr-lumen\\client\\vendor\\laravel\\lumen-framework\\src\\Concerns\\RoutesRequests.php(166): Laravel\\Lumen\\Application->handleFoundRoute(Array)
#11 C:\\Users\\ASUS\\Documents\\GitHub\\pti-ptr-lumen\\client\\vendor\\laravel\\lumen-framework\\src\\Concerns\\RoutesRequests.php(426): Laravel\\Lumen\\Application->Laravel\\Lumen\\Concerns\\{closure}(Object(Laravel\\Lumen\\Http\\Request))
#12 C:\\Users\\ASUS\\Documents\\GitHub\\pti-ptr-lumen\\client\\vendor\\laravel\\lumen-framework\\src\\Concerns\\RoutesRequests.php(172): Laravel\\Lumen\\Application->sendThroughPipeline(Array, Object(Closure))
#13 C:\\Users\\ASUS\\Documents\\GitHub\\pti-ptr-lumen\\client\\vendor\\laravel\\lumen-framework\\src\\Concerns\\RoutesRequests.php(109): Laravel\\Lumen\\Application->dispatch(NULL)
#14 C:\\Users\\ASUS\\Documents\\GitHub\\pti-ptr-lumen\\client\\public\\index.php(28): Laravel\\Lumen\\Application->run()
#15 {main}

[previous exception] [object] (ErrorException(code: 0): Undefined variable $errors at C:\\Users\\ASUS\\Documents\\GitHub\\pti-ptr-lumen\\client\\storage\\framework\\views\\0624863a76b08124db4c1cb1c0ab3da5ab1f4a2a.php:11)
[stacktrace]
#0 C:\\Users\\ASUS\\Documents\\GitHub\\pti-ptr-lumen\\client\\storage\\framework\\views\\0624863a76b08124db4c1cb1c0ab3da5ab1f4a2a.php(11): Laravel\\Lumen\\Application->Laravel\\Lumen\\Concerns\\{closure}(2, 'Undefined varia...', 'C:\\\\Users\\\\ASUS\\\\D...', 11)
#1 C:\\Users\\ASUS\\Documents\\GitHub\\pti-ptr-lumen\\client\\vendor\\illuminate\\filesystem\\Filesystem.php(107): require('C:\\\\Users\\\\ASUS\\\\D...')
#2 C:\\Users\\ASUS\\Documents\\GitHub\\pti-ptr-lumen\\client\\vendor\\illuminate\\filesystem\\Filesystem.php(108): Illuminate\\Filesystem\\Filesystem::Illuminate\\Filesystem\\{closure}()
#3 C:\\Users\\ASUS\\Documents\\GitHub\\pti-ptr-lumen\\client\\vendor\\illuminate\\view\\Engines\\PhpEngine.php(58): Illuminate\\Filesystem\\Filesystem->getRequire('C:\\\\Users\\\\ASUS\\\\D...', Array)
#4 C:\\Users\\ASUS\\Documents\\GitHub\\pti-ptr-lumen\\client\\vendor\\illuminate\\view\\Engines\\CompilerEngine.php(61): Illuminate\\View\\Engines\\PhpEngine->evaluatePath('C:\\\\Users\\\\ASUS\\\\D...', Array)
#5 C:\\Users\\ASUS\\Documents\\GitHub\\pti-ptr-lumen\\client\\vendor\\illuminate\\view\\View.php(139): Illuminate\\View\\Engines\\CompilerEngine->get('C:\\\\Users\\\\ASUS\\\\D...', Array)
#6 C:\\Users\\ASUS\\Documents\\GitHub\\pti-ptr-lumen\\client\\vendor\\illuminate\\view\\View.php(122): Illuminate\\View\\View->getContents()
#7 C:\\Users\\ASUS\\Documents\\GitHub\\pti-ptr-lumen\\client\\vendor\\illuminate\\view\\View.php(91): Illuminate\\View\\View->renderContents()
#8 C:\\Users\\ASUS\\Documents\\GitHub\\pti-ptr-lumen\\client\\vendor\\illuminate\\http\\Response.php(62): Illuminate\\View\\View->render()
#9 C:\\Users\\ASUS\\Documents\\GitHub\\pti-ptr-lumen\\client\\vendor\\illuminate\\http\\Response.php(34): Illuminate\\Http\\Response->setContent(Object(Illuminate\\View\\View))
#10 C:\\Users\\ASUS\\Documents\\GitHub\\pti-ptr-lumen\\client\\vendor\\laravel\\lumen-framework\\src\\Concerns\\RoutesRequests.php(446): Illuminate\\Http\\Response->__construct(Object(Illuminate\\View\\View))
#11 C:\\Users\\ASUS\\Documents\\GitHub\\pti-ptr-lumen\\client\\vendor\\laravel\\lumen-framework\\src\\Concerns\\RoutesRequests.php(299): Laravel\\Lumen\\Application->prepareResponse(Object(Illuminate\\View\\View))
#12 C:\\Users\\ASUS\\Documents\\GitHub\\pti-ptr-lumen\\client\\vendor\\laravel\\lumen-framework\\src\\Concerns\\RoutesRequests.php(264): Laravel\\Lumen\\Application->callActionOnArrayBasedRoute(Array)
#13 C:\\Users\\ASUS\\Documents\\GitHub\\pti-ptr-lumen\\client\\vendor\\laravel\\lumen-framework\\src\\Concerns\\RoutesRequests.php(166): Laravel\\Lumen\\Application->handleFoundRoute(Array)
#14 C:\\Users\\ASUS\\Documents\\GitHub\\pti-ptr-lumen\\client\\vendor\\laravel\\lumen-framework\\src\\Concerns\\RoutesRequests.php(426): Laravel\\Lumen\\Application->Laravel\\Lumen\\Concerns\\{closure}(Object(Laravel\\Lumen\\Http\\Request))
#15 C:\\Users\\ASUS\\Documents\\GitHub\\pti-ptr-lumen\\client\\vendor\\laravel\\lumen-framework\\src\\Concerns\\RoutesRequests.php(172): Laravel\\Lumen\\Application->sendThroughPipeline(Array, Object(Closure))
#16 C:\\Users\\ASUS\\Documents\\GitHub\\pti-ptr-lumen\\client\\vendor\\laravel\\lumen-framework\\src\\Concerns\\RoutesRequests.php(109): Laravel\\Lumen\\Application->dispatch(NULL)
#17 C:\\Users\\ASUS\\Documents\\GitHub\\pti-ptr-lumen\\client\\public\\index.php(28): Laravel\\Lumen\\Application->run()
#18 {main}
"} 
[2021-04-03 16:56:03] local.ERROR: Undefined variable $errors (View: C:\Users\ASUS\Documents\GitHub\pti-ptr-lumen\client\resources\views\register.blade.php) {"exception":"[object] (ErrorException(code: 0): Undefined variable $errors (View: C:\\Users\\ASUS\\Documents\\GitHub\\pti-ptr-lumen\\client\esources\\views\egister.blade.php) at C:\\Users\\ASUS\\Documents\\GitHub\\pti-ptr-lumen\\client\\storage\\framework\\views\\0624863a76b08124db4c1cb1c0ab3da5ab1f4a2a.php:11)
[stacktrace]
#0 C:\\Users\\ASUS\\Documents\\GitHub\\pti-ptr-lumen\\client\\vendor\\illuminate\\view\\Engines\\PhpEngine.php(60): Illuminate\\View\\Engines\\CompilerEngine->handleViewException(Object(ErrorException), 1)
#1 C:\\Users\\ASUS\\Documents\\GitHub\\pti-ptr-lumen\\client\\vendor\\illuminate\\view\\Engines\\CompilerEngine.php(61): Illuminate\\View\\Engines\\PhpEngine->evaluatePath('C:\\\\Users\\\\ASUS\\\\D...', Array)
#2 C:\\Users\\ASUS\\Documents\\GitHub\\pti-ptr-lumen\\client\\vendor\\illuminate\\view\\View.php(139): Illuminate\\View\\Engines\\CompilerEngine->get('C:\\\\Users\\\\ASUS\\\\D...', Array)
#3 C:\\Users\\ASUS\\Documents\\GitHub\\pti-ptr-lumen\\client\\vendor\\illuminate\\view\\View.php(122): Illuminate\\View\\View->getContents()
#4 C:\\Users\\ASUS\\Documents\\GitHub\\pti-ptr-lumen\\client\\vendor\\illuminate\\view\\View.php(91): Illuminate\\View\\View->renderContents()
#5 C:\\Users\\ASUS\\Documents\\GitHub\\pti-ptr-lumen\\client\\vendor\\illuminate\\http\\Response.php(62): Illuminate\\View\\View->render()
#6 C:\\Users\\ASUS\\Documents\\GitHub\\pti-ptr-lumen\\client\\vendor\\illuminate\\http\\Response.php(34): Illuminate\\Http\\Response->setContent(Object(Illuminate\\View\\View))
#7 C:\\Users\\ASUS\\Documents\\GitHub\\pti-ptr-lumen\\client\\vendor\\laravel\\lumen-framework\\src\\Concerns\\RoutesRequests.php(446): Illuminate\\Http\\Response->__construct(Object(Illuminate\\View\\View))
#8 C:\\Users\\ASUS\\Documents\\GitHub\\pti-ptr-lumen\\client\\vendor\\laravel\\lumen-framework\\src\\Concerns\\RoutesRequests.php(299): Laravel\\Lumen\\Application->prepareResponse(Object(Illuminate\\View\\View))
#9 C:\\Users\\ASUS\\Documents\\GitHub\\pti-ptr-lumen\\client\\vendor\\laravel\\lumen-framework\\src\\Concerns\\RoutesRequests.php(264): Laravel\\Lumen\\Application->callActionOnArrayBasedRoute(Array)
#10 C:\\Users\\ASUS\\Documents\\GitHub\\pti-ptr-lumen\\client\\vendor\\laravel\\lumen-framework\\src\\Concerns\\RoutesRequests.php(166): Laravel\\Lumen\\Application->handleFoundRoute(Array)
#11 C:\\Users\\ASUS\\Documents\\GitHub\\pti-ptr-lumen\\client\\vendor\\laravel\\lumen-framework\\src\\Concerns\\RoutesRequests.php(426): Laravel\\Lumen\\Application->Laravel\\Lumen\\Concerns\\{closure}(Object(Laravel\\Lumen\\Http\\Request))
#12 C:\\Users\\ASUS\\Documents\\GitHub\\pti-ptr-lumen\\client\\vendor\\laravel\\lumen-framework\\src\\Concerns\\RoutesRequests.php(172): Laravel\\Lumen\\Application->sendThroughPipeline(Array, Object(Closure))
#13 C:\\Users\\ASUS\\Documents\\GitHub\\pti-ptr-lumen\\client\\vendor\\laravel\\lumen-framework\\src\\Concerns\\RoutesRequests.php(109): Laravel\\Lumen\\Application->dispatch(NULL)
#14 C:\\Users\\ASUS\\Documents\\GitHub\\pti-ptr-lumen\\client\\public\\index.php(28): Laravel\\Lumen\\Application->run()
#15 {main}

[previous exception] [object] (ErrorException(code: 0): Undefined variable $errors at C:\\Users\\ASUS\\Documents\\GitHub\\pti-ptr-lumen\\client\\storage\\framework\\views\\0624863a76b08124db4c1cb1c0ab3da5ab1f4a2a.php:11)
[stacktrace]
#0 C:\\Users\\ASUS\\Documents\\GitHub\\pti-ptr-lumen\\client\\storage\\framework\\views\\0624863a76b08124db4c1cb1c0ab3da5ab1f4a2a.php(11): Laravel\\Lumen\\Application->Laravel\\Lumen\\Concerns\\{closure}(2, 'Undefined varia...', 'C:\\\\Users\\\\ASUS\\\\D...', 11)
#1 C:\\Users\\ASUS\\Documents\\GitHub\\pti-ptr-lumen\\client\\vendor\\illuminate\\filesystem\\Filesystem.php(107): require('C:\\\\Users\\\\ASUS\\\\D...')
#2 C:\\Users\\ASUS\\Documents\\GitHub\\pti-ptr-lumen\\client\\vendor\\illuminate\\filesystem\\Filesystem.php(108): Illuminate\\Filesystem\\Filesystem::Illuminate\\Filesystem\\{closure}()
#3 C:\\Users\\ASUS\\Documents\\GitHub\\pti-ptr-lumen\\client\\vendor\\illuminate\\view\\Engines\\PhpEngine.php(58): Illuminate\\Filesystem\\Filesystem->getRequire('C:\\\\Users\\\\ASUS\\\\D...', Array)
#4 C:\\Users\\ASUS\\Documents\\GitHub\\pti-ptr-lumen\\client\\vendor\\illuminate\\view\\Engines\\CompilerEngine.php(61): Illuminate\\View\\Engines\\PhpEngine->evaluatePath('C:\\\\Users\\\\ASUS\\\\D...', Array)
#5 C:\\Users\\ASUS\\Documents\\GitHub\\pti-ptr-lumen\\client\\vendor\\illuminate\\view\\View.php(139): Illuminate\\View\\Engines\\CompilerEngine->get('C:\\\\Users\\\\ASUS\\\\D...', Array)
#6 C:\\Users\\ASUS\\Documents\\GitHub\\pti-ptr-lumen\\client\\vendor\\illuminate\\view\\View.php(122): Illuminate\\View\\View->getContents()
#7 C:\\Users\\ASUS\\Documents\\GitHub\\pti-ptr-lumen\\client\\vendor\\illuminate\\view\\View.php(91): Illuminate\\View\\View->renderContents()
#8 C:\\Users\\ASUS\\Documents\\GitHub\\pti-ptr-lumen\\client\\vendor\\illuminate\\http\\Response.php(62): Illuminate\\View\\View->render()
#9 C:\\Users\\ASUS\\Documents\\GitHub\\pti-ptr-lumen\\client\\vendor\\illuminate\\http\\Response.php(34): Illuminate\\Http\\Response->setContent(Object(Illuminate\\View\\View))
#10 C:\\Users\\ASUS\\Documents\\GitHub\\pti-ptr-lumen\\client\\vendor\\laravel\\lumen-framework\\src\\Concerns\\RoutesRequests.php(446): Illuminate\\Http\\Response->__construct(Object(Illuminate\\View\\View))
#11 C:\\Users\\ASUS\\Documents\\GitHub\\pti-ptr-lumen\\client\\vendor\\laravel\\lumen-framework\\src\\Concerns\\RoutesRequests.php(299): Laravel\\Lumen\\Application->prepareResponse(Object(Illuminate\\View\\View))
#12 C:\\Users\\ASUS\\Documents\\GitHub\\pti-ptr-lumen\\client\\vendor\\laravel\\lumen-framework\\src\\Concerns\\RoutesRequests.php(264): Laravel\\Lumen\\Application->callActionOnArrayBasedRoute(Array)
#13 C:\\Users\\ASUS\\Documents\\GitHub\\pti-ptr-lumen\\client\\vendor\\laravel\\lumen-framework\\src\\Concerns\\RoutesRequests.php(166): Laravel\\Lumen\\Application->handleFoundRoute(Array)
#14 C:\\Users\\ASUS\\Documents\\GitHub\\pti-ptr-lumen\\client\\vendor\\laravel\\lumen-framework\\src\\Concerns\\RoutesRequests.php(426): Laravel\\Lumen\\Application->Laravel\\Lumen\\Concerns\\{closure}(Object(Laravel\\Lumen\\Http\\Request))
#15 C:\\Users\\ASUS\\Documents\\GitHub\\pti-ptr-lumen\\client\\vendor\\laravel\\lumen-framework\\src\\Concerns\\RoutesRequests.php(172): Laravel\\Lumen\\Application->sendThroughPipeline(Array, Object(Closure))
#16 C:\\Users\\ASUS\\Documents\\GitHub\\pti-ptr-lumen\\client\\vendor\\laravel\\lumen-framework\\src\\Concerns\\RoutesRequests.php(109): Laravel\\Lumen\\Application->dispatch(NULL)
#17 C:\\Users\\ASUS\\Documents\\GitHub\\pti-ptr-lumen\\client\\public\\index.php(28): Laravel\\Lumen\\Application->run()
#18 {main}
"} 
[2021-04-03 17:20:26] local.ERROR: Undefined variable $errors (View: C:\Users\ASUS\Documents\GitHub\pti-ptr-lumen\client\resources\views\register.blade.php) {"exception":"[object] (ErrorException(code: 0): Undefined variable $errors (View: C:\\Users\\ASUS\\Documents\\GitHub\\pti-ptr-lumen\\client\esources\\views\egister.blade.php) at C:\\Users\\ASUS\\Documents\\GitHub\\pti-ptr-lumen\\client\\storage\\framework\\views\\0624863a76b08124db4c1cb1c0ab3da5ab1f4a2a.php:10)
[stacktrace]
#0 C:\\Users\\ASUS\\Documents\\GitHub\\pti-ptr-lumen\\client\\vendor\\illuminate\\view\\Engines\\PhpEngine.php(60): Illuminate\\View\\Engines\\CompilerEngine->handleViewException(Object(ErrorException), 1)
#1 C:\\Users\\ASUS\\Documents\\GitHub\\pti-ptr-lumen\\client\\vendor\\illuminate\\view\\Engines\\CompilerEngine.php(61): Illuminate\\View\\Engines\\PhpEngine->evaluatePath('C:\\\\Users\\\\ASUS\\\\D...', Array)
#2 C:\\Users\\ASUS\\Documents\\GitHub\\pti-ptr-lumen\\client\\vendor\\illuminate\\view\\View.php(139): Illuminate\\View\\Engines\\CompilerEngine->get('C:\\\\Users\\\\ASUS\\\\D...', Array)
#3 C:\\Users\\ASUS\\Documents\\GitHub\\pti-ptr-lumen\\client\\vendor\\illuminate\\view\\View.php(122): Illuminate\\View\\View->getContents()
#4 C:\\Users\\ASUS\\Documents\\GitHub\\pti-ptr-lumen\\client\\vendor\\illuminate\\view\\View.php(91): Illuminate\\View\\View->renderContents()
#5 C:\\Users\\ASUS\\Documents\\GitHub\\pti-ptr-lumen\\client\\vendor\\illuminate\\http\\Response.php(62): Illuminate\\View\\View->render()
#6 C:\\Users\\ASUS\\Documents\\GitHub\\pti-ptr-lumen\\client\\vendor\\illuminate\\http\\Response.php(34): Illuminate\\Http\\Response->setContent(Object(Illuminate\\View\\View))
#7 C:\\Users\\ASUS\\Documents\\GitHub\\pti-ptr-lumen\\client\\vendor\\laravel\\lumen-framework\\src\\Concerns\\RoutesRequests.php(446): Illuminate\\Http\\Response->__construct(Object(Illuminate\\View\\View))
#8 C:\\Users\\ASUS\\Documents\\GitHub\\pti-ptr-lumen\\client\\vendor\\laravel\\lumen-framework\\src\\Concerns\\RoutesRequests.php(299): Laravel\\Lumen\\Application->prepareResponse(Object(Illuminate\\View\\View))
#9 C:\\Users\\ASUS\\Documents\\GitHub\\pti-ptr-lumen\\client\\vendor\\laravel\\lumen-framework\\src\\Concerns\\RoutesRequests.php(264): Laravel\\Lumen\\Application->callActionOnArrayBasedRoute(Array)
#10 C:\\Users\\ASUS\\Documents\\GitHub\\pti-ptr-lumen\\client\\vendor\\laravel\\lumen-framework\\src\\Concerns\\RoutesRequests.php(166): Laravel\\Lumen\\Application->handleFoundRoute(Array)
#11 C:\\Users\\ASUS\\Documents\\GitHub\\pti-ptr-lumen\\client\\vendor\\laravel\\lumen-framework\\src\\Concerns\\RoutesRequests.php(426): Laravel\\Lumen\\Application->Laravel\\Lumen\\Concerns\\{closure}(Object(Laravel\\Lumen\\Http\\Request))
#12 C:\\Users\\ASUS\\Documents\\GitHub\\pti-ptr-lumen\\client\\vendor\\laravel\\lumen-framework\\src\\Concerns\\RoutesRequests.php(172): Laravel\\Lumen\\Application->sendThroughPipeline(Array, Object(Closure))
#13 C:\\Users\\ASUS\\Documents\\GitHub\\pti-ptr-lumen\\client\\vendor\\laravel\\lumen-framework\\src\\Concerns\\RoutesRequests.php(109): Laravel\\Lumen\\Application->dispatch(NULL)
#14 C:\\Users\\ASUS\\Documents\\GitHub\\pti-ptr-lumen\\client\\public\\index.php(28): Laravel\\Lumen\\Application->run()
#15 {main}

[previous exception] [object] (ErrorException(code: 0): Undefined variable $errors at C:\\Users\\ASUS\\Documents\\GitHub\\pti-ptr-lumen\\client\\storage\\framework\\views\\0624863a76b08124db4c1cb1c0ab3da5ab1f4a2a.php:10)
[stacktrace]
#0 C:\\Users\\ASUS\\Documents\\GitHub\\pti-ptr-lumen\\client\\storage\\framework\\views\\0624863a76b08124db4c1cb1c0ab3da5ab1f4a2a.php(10): Laravel\\Lumen\\Application->Laravel\\Lumen\\Concerns\\{closure}(2, 'Undefined varia...', 'C:\\\\Users\\\\ASUS\\\\D...', 10)
#1 C:\\Users\\ASUS\\Documents\\GitHub\\pti-ptr-lumen\\client\\vendor\\illuminate\\filesystem\\Filesystem.php(107): require('C:\\\\Users\\\\ASUS\\\\D...')
#2 C:\\Users\\ASUS\\Documents\\GitHub\\pti-ptr-lumen\\client\\vendor\\illuminate\\filesystem\\Filesystem.php(108): Illuminate\\Filesystem\\Filesystem::Illuminate\\Filesystem\\{closure}()
#3 C:\\Users\\ASUS\\Documents\\GitHub\\pti-ptr-lumen\\client\\vendor\\illuminate\\view\\Engines\\PhpEngine.php(58): Illuminate\\Filesystem\\Filesystem->getRequire('C:\\\\Users\\\\ASUS\\\\D...', Array)
#4 C:\\Users\\ASUS\\Documents\\GitHub\\pti-ptr-lumen\\client\\vendor\\illuminate\\view\\Engines\\CompilerEngine.php(61): Illuminate\\View\\Engines\\PhpEngine->evaluatePath('C:\\\\Users\\\\ASUS\\\\D...', Array)
#5 C:\\Users\\ASUS\\Documents\\GitHub\\pti-ptr-lumen\\client\\vendor\\illuminate\\view\\View.php(139): Illuminate\\View\\Engines\\CompilerEngine->get('C:\\\\Users\\\\ASUS\\\\D...', Array)
#6 C:\\Users\\ASUS\\Documents\\GitHub\\pti-ptr-lumen\\client\\vendor\\illuminate\\view\\View.php(122): Illuminate\\View\\View->getContents()
#7 C:\\Users\\ASUS\\Documents\\GitHub\\pti-ptr-lumen\\client\\vendor\\illuminate\\view\\View.php(91): Illuminate\\View\\View->renderContents()
#8 C:\\Users\\ASUS\\Documents\\GitHub\\pti-ptr-lumen\\client\\vendor\\illuminate\\http\\Response.php(62): Illuminate\\View\\View->render()
#9 C:\\Users\\ASUS\\Documents\\GitHub\\pti-ptr-lumen\\client\\vendor\\illuminate\\http\\Response.php(34): Illuminate\\Http\\Response->setContent(Object(Illuminate\\View\\View))
#10 C:\\Users\\ASUS\\Documents\\GitHub\\pti-ptr-lumen\\client\\vendor\\laravel\\lumen-framework\\src\\Concerns\\RoutesRequests.php(446): Illuminate\\Http\\Response->__construct(Object(Illuminate\\View\\View))
#11 C:\\Users\\ASUS\\Documents\\GitHub\\pti-ptr-lumen\\client\\vendor\\laravel\\lumen-framework\\src\\Concerns\\RoutesRequests.php(299): Laravel\\Lumen\\Application->prepareResponse(Object(Illuminate\\View\\View))
#12 C:\\Users\\ASUS\\Documents\\GitHub\\pti-ptr-lumen\\client\\vendor\\laravel\\lumen-framework\\src\\Concerns\\RoutesRequests.php(264): Laravel\\Lumen\\Application->callActionOnArrayBasedRoute(Array)
#13 C:\\Users\\ASUS\\Documents\\GitHub\\pti-ptr-lumen\\client\\vendor\\laravel\\lumen-framework\\src\\Concerns\\RoutesRequests.php(166): Laravel\\Lumen\\Application->handleFoundRoute(Array)
#14 C:\\Users\\ASUS\\Documents\\GitHub\\pti-ptr-lumen\\client\\vendor\\laravel\\lumen-framework\\src\\Concerns\\RoutesRequests.php(426): Laravel\\Lumen\\Application->Laravel\\Lumen\\Concerns\\{closure}(Object(Laravel\\Lumen\\Http\\Request))
#15 C:\\Users\\ASUS\\Documents\\GitHub\\pti-ptr-lumen\\client\\vendor\\laravel\\lumen-framework\\src\\Concerns\\RoutesRequests.php(172): Laravel\\Lumen\\Application->sendThroughPipeline(Array, Object(Closure))
#16 C:\\Users\\ASUS\\Documents\\GitHub\\pti-ptr-lumen\\client\\vendor\\laravel\\lumen-framework\\src\\Concerns\\RoutesRequests.php(109): Laravel\\Lumen\\Application->dispatch(NULL)
#17 C:\\Users\\ASUS\\Documents\\GitHub\\pti-ptr-lumen\\client\\public\\index.php(28): Laravel\\Lumen\\Application->run()
#18 {main}
"} 
[2021-04-03 17:21:37] local.ERROR: Undefined variable $errors (View: C:\Users\ASUS\Documents\GitHub\pti-ptr-lumen\client\resources\views\register.blade.php) {"exception":"[object] (ErrorException(code: 0): Undefined variable $errors (View: C:\\Users\\ASUS\\Documents\\GitHub\\pti-ptr-lumen\\client\esources\\views\egister.blade.php) at C:\\Users\\ASUS\\Documents\\GitHub\\pti-ptr-lumen\\client\\storage\\framework\\views\\0624863a76b08124db4c1cb1c0ab3da5ab1f4a2a.php:10)
[stacktrace]
#0 C:\\Users\\ASUS\\Documents\\GitHub\\pti-ptr-lumen\\client\\vendor\\illuminate\\view\\Engines\\PhpEngine.php(60): Illuminate\\View\\Engines\\CompilerEngine->handleViewException(Object(ErrorException), 1)
#1 C:\\Users\\ASUS\\Documents\\GitHub\\pti-ptr-lumen\\client\\vendor\\illuminate\\view\\Engines\\CompilerEngine.php(61): Illuminate\\View\\Engines\\PhpEngine->evaluatePath('C:\\\\Users\\\\ASUS\\\\D...', Array)
#2 C:\\Users\\ASUS\\Documents\\GitHub\\pti-ptr-lumen\\client\\vendor\\illuminate\\view\\View.php(139): Illuminate\\View\\Engines\\CompilerEngine->get('C:\\\\Users\\\\ASUS\\\\D...', Array)
#3 C:\\Users\\ASUS\\Documents\\GitHub\\pti-ptr-lumen\\client\\vendor\\illuminate\\view\\View.php(122): Illuminate\\View\\View->getContents()
#4 C:\\Users\\ASUS\\Documents\\GitHub\\pti-ptr-lumen\\client\\vendor\\illuminate\\view\\View.php(91): Illuminate\\View\\View->renderContents()
#5 C:\\Users\\ASUS\\Documents\\GitHub\\pti-ptr-lumen\\client\\vendor\\illuminate\\http\\Response.php(62): Illuminate\\View\\View->render()
#6 C:\\Users\\ASUS\\Documents\\GitHub\\pti-ptr-lumen\\client\\vendor\\illuminate\\http\\Response.php(34): Illuminate\\Http\\Response->setContent(Object(Illuminate\\View\\View))
#7 C:\\Users\\ASUS\\Documents\\GitHub\\pti-ptr-lumen\\client\\vendor\\laravel\\lumen-framework\\src\\Concerns\\RoutesRequests.php(446): Illuminate\\Http\\Response->__construct(Object(Illuminate\\View\\View))
#8 C:\\Users\\ASUS\\Documents\\GitHub\\pti-ptr-lumen\\client\\vendor\\laravel\\lumen-framework\\src\\Concerns\\RoutesRequests.php(299): Laravel\\Lumen\\Application->prepareResponse(Object(Illuminate\\View\\View))
#9 C:\\Users\\ASUS\\Documents\\GitHub\\pti-ptr-lumen\\client\\vendor\\laravel\\lumen-framework\\src\\Concerns\\RoutesRequests.php(264): Laravel\\Lumen\\Application->callActionOnArrayBasedRoute(Array)
#10 C:\\Users\\ASUS\\Documents\\GitHub\\pti-ptr-lumen\\client\\vendor\\laravel\\lumen-framework\\src\\Concerns\\RoutesRequests.php(166): Laravel\\Lumen\\Application->handleFoundRoute(Array)
#11 C:\\Users\\ASUS\\Documents\\GitHub\\pti-ptr-lumen\\client\\vendor\\laravel\\lumen-framework\\src\\Concerns\\RoutesRequests.php(426): Laravel\\Lumen\\Application->Laravel\\Lumen\\Concerns\\{closure}(Object(Laravel\\Lumen\\Http\\Request))
#12 C:\\Users\\ASUS\\Documents\\GitHub\\pti-ptr-lumen\\client\\vendor\\laravel\\lumen-framework\\src\\Concerns\\RoutesRequests.php(172): Laravel\\Lumen\\Application->sendThroughPipeline(Array, Object(Closure))
#13 C:\\Users\\ASUS\\Documents\\GitHub\\pti-ptr-lumen\\client\\vendor\\laravel\\lumen-framework\\src\\Concerns\\RoutesRequests.php(109): Laravel\\Lumen\\Application->dispatch(NULL)
#14 C:\\Users\\ASUS\\Documents\\GitHub\\pti-ptr-lumen\\client\\public\\index.php(28): Laravel\\Lumen\\Application->run()
#15 {main}

[previous exception] [object] (ErrorException(code: 0): Undefined variable $errors at C:\\Users\\ASUS\\Documents\\GitHub\\pti-ptr-lumen\\client\\storage\\framework\\views\\0624863a76b08124db4c1cb1c0ab3da5ab1f4a2a.php:10)
[stacktrace]
#0 C:\\Users\\ASUS\\Documents\\GitHub\\pti-ptr-lumen\\client\\storage\\framework\\views\\0624863a76b08124db4c1cb1c0ab3da5ab1f4a2a.php(10): Laravel\\Lumen\\Application->Laravel\\Lumen\\Concerns\\{closure}(2, 'Undefined varia...', 'C:\\\\Users\\\\ASUS\\\\D...', 10)
#1 C:\\Users\\ASUS\\Documents\\GitHub\\pti-ptr-lumen\\client\\vendor\\illuminate\\filesystem\\Filesystem.php(107): require('C:\\\\Users\\\\ASUS\\\\D...')
#2 C:\\Users\\ASUS\\Documents\\GitHub\\pti-ptr-lumen\\client\\vendor\\illuminate\\filesystem\\Filesystem.php(108): Illuminate\\Filesystem\\Filesystem::Illuminate\\Filesystem\\{closure}()
#3 C:\\Users\\ASUS\\Documents\\GitHub\\pti-ptr-lumen\\client\\vendor\\illuminate\\view\\Engines\\PhpEngine.php(58): Illuminate\\Filesystem\\Filesystem->getRequire('C:\\\\Users\\\\ASUS\\\\D...', Array)
#4 C:\\Users\\ASUS\\Documents\\GitHub\\pti-ptr-lumen\\client\\vendor\\illuminate\\view\\Engines\\CompilerEngine.php(61): Illuminate\\View\\Engines\\PhpEngine->evaluatePath('C:\\\\Users\\\\ASUS\\\\D...', Array)
#5 C:\\Users\\ASUS\\Documents\\GitHub\\pti-ptr-lumen\\client\\vendor\\illuminate\\view\\View.php(139): Illuminate\\View\\Engines\\CompilerEngine->get('C:\\\\Users\\\\ASUS\\\\D...', Array)
#6 C:\\Users\\ASUS\\Documents\\GitHub\\pti-ptr-lumen\\client\\vendor\\illuminate\\view\\View.php(122): Illuminate\\View\\View->getContents()
#7 C:\\Users\\ASUS\\Documents\\GitHub\\pti-ptr-lumen\\client\\vendor\\illuminate\\view\\View.php(91): Illuminate\\View\\View->renderContents()
#8 C:\\Users\\ASUS\\Documents\\GitHub\\pti-ptr-lumen\\client\\vendor\\illuminate\\http\\Response.php(62): Illuminate\\View\\View->render()
#9 C:\\Users\\ASUS\\Documents\\GitHub\\pti-ptr-lumen\\client\\vendor\\illuminate\\http\\Response.php(34): Illuminate\\Http\\Response->setContent(Object(Illuminate\\View\\View))
#10 C:\\Users\\ASUS\\Documents\\GitHub\\pti-ptr-lumen\\client\\vendor\\laravel\\lumen-framework\\src\\Concerns\\RoutesRequests.php(446): Illuminate\\Http\\Response->__construct(Object(Illuminate\\View\\View))
#11 C:\\Users\\ASUS\\Documents\\GitHub\\pti-ptr-lumen\\client\\vendor\\laravel\\lumen-framework\\src\\Concerns\\RoutesRequests.php(299): Laravel\\Lumen\\Application->prepareResponse(Object(Illuminate\\View\\View))
#12 C:\\Users\\ASUS\\Documents\\GitHub\\pti-ptr-lumen\\client\\vendor\\laravel\\lumen-framework\\src\\Concerns\\RoutesRequests.php(264): Laravel\\Lumen\\Application->callActionOnArrayBasedRoute(Array)
#13 C:\\Users\\ASUS\\Documents\\GitHub\\pti-ptr-lumen\\client\\vendor\\laravel\\lumen-framework\\src\\Concerns\\RoutesRequests.php(166): Laravel\\Lumen\\Application->handleFoundRoute(Array)
#14 C:\\Users\\ASUS\\Documents\\GitHub\\pti-ptr-lumen\\client\\vendor\\laravel\\lumen-framework\\src\\Concerns\\RoutesRequests.php(426): Laravel\\Lumen\\Application->Laravel\\Lumen\\Concerns\\{closure}(Object(Laravel\\Lumen\\Http\\Request))
#15 C:\\Users\\ASUS\\Documents\\GitHub\\pti-ptr-lumen\\client\\vendor\\laravel\\lumen-framework\\src\\Concerns\\RoutesRequests.php(172): Laravel\\Lumen\\Application->sendThroughPipeline(Array, Object(Closure))
#16 C:\\Users\\ASUS\\Documents\\GitHub\\pti-ptr-lumen\\client\\vendor\\laravel\\lumen-framework\\src\\Concerns\\RoutesRequests.php(109): Laravel\\Lumen\\Application->dispatch(NULL)
#17 C:\\Users\\ASUS\\Documents\\GitHub\\pti-ptr-lumen\\client\\public\\index.php(28): Laravel\\Lumen\\Application->run()
#18 {main}
"} 
[2021-04-03 17:22:29] local.ERROR: Call to undefined function old() (View: C:\Users\ASUS\Documents\GitHub\pti-ptr-lumen\client\resources\views\register.blade.php) {"exception":"[object] (ErrorException(code: 0): Call to undefined function old() (View: C:\\Users\\ASUS\\Documents\\GitHub\\pti-ptr-lumen\\client\esources\\views\egister.blade.php) at C:\\Users\\ASUS\\Documents\\GitHub\\pti-ptr-lumen\\client\\storage\\framework\\views\\0624863a76b08124db4c1cb1c0ab3da5ab1f4a2a.php:10)
[stacktrace]
#0 C:\\Users\\ASUS\\Documents\\GitHub\\pti-ptr-lumen\\client\\vendor\\illuminate\\view\\Engines\\PhpEngine.php(60): Illuminate\\View\\Engines\\CompilerEngine->handleViewException(Object(Error), 1)
#1 C:\\Users\\ASUS\\Documents\\GitHub\\pti-ptr-lumen\\client\\vendor\\illuminate\\view\\Engines\\CompilerEngine.php(61): Illuminate\\View\\Engines\\PhpEngine->evaluatePath('C:\\\\Users\\\\ASUS\\\\D...', Array)
#2 C:\\Users\\ASUS\\Documents\\GitHub\\pti-ptr-lumen\\client\\vendor\\illuminate\\view\\View.php(139): Illuminate\\View\\Engines\\CompilerEngine->get('C:\\\\Users\\\\ASUS\\\\D...', Array)
#3 C:\\Users\\ASUS\\Documents\\GitHub\\pti-ptr-lumen\\client\\vendor\\illuminate\\view\\View.php(122): Illuminate\\View\\View->getContents()
#4 C:\\Users\\ASUS\\Documents\\GitHub\\pti-ptr-lumen\\client\\vendor\\illuminate\\view\\View.php(91): Illuminate\\View\\View->renderContents()
#5 C:\\Users\\ASUS\\Documents\\GitHub\\pti-ptr-lumen\\client\\vendor\\illuminate\\http\\Response.php(62): Illuminate\\View\\View->render()
#6 C:\\Users\\ASUS\\Documents\\GitHub\\pti-ptr-lumen\\client\\vendor\\illuminate\\http\\Response.php(34): Illuminate\\Http\\Response->setContent(Object(Illuminate\\View\\View))
#7 C:\\Users\\ASUS\\Documents\\GitHub\\pti-ptr-lumen\\client\\vendor\\laravel\\lumen-framework\\src\\Concerns\\RoutesRequests.php(446): Illuminate\\Http\\Response->__construct(Object(Illuminate\\View\\View))
#8 C:\\Users\\ASUS\\Documents\\GitHub\\pti-ptr-lumen\\client\\vendor\\laravel\\lumen-framework\\src\\Concerns\\RoutesRequests.php(299): Laravel\\Lumen\\Application->prepareResponse(Object(Illuminate\\View\\View))
#9 C:\\Users\\ASUS\\Documents\\GitHub\\pti-ptr-lumen\\client\\vendor\\laravel\\lumen-framework\\src\\Concerns\\RoutesRequests.php(264): Laravel\\Lumen\\Application->callActionOnArrayBasedRoute(Array)
#10 C:\\Users\\ASUS\\Documents\\GitHub\\pti-ptr-lumen\\client\\vendor\\laravel\\lumen-framework\\src\\Concerns\\RoutesRequests.php(166): Laravel\\Lumen\\Application->handleFoundRoute(Array)
#11 C:\\Users\\ASUS\\Documents\\GitHub\\pti-ptr-lumen\\client\\vendor\\laravel\\lumen-framework\\src\\Concerns\\RoutesRequests.php(426): Laravel\\Lumen\\Application->Laravel\\Lumen\\Concerns\\{closure}(Object(Laravel\\Lumen\\Http\\Request))
#12 C:\\Users\\ASUS\\Documents\\GitHub\\pti-ptr-lumen\\client\\vendor\\laravel\\lumen-framework\\src\\Concerns\\RoutesRequests.php(172): Laravel\\Lumen\\Application->sendThroughPipeline(Array, Object(Closure))
#13 C:\\Users\\ASUS\\Documents\\GitHub\\pti-ptr-lumen\\client\\vendor\\laravel\\lumen-framework\\src\\Concerns\\RoutesRequests.php(109): Laravel\\Lumen\\Application->dispatch(NULL)
#14 C:\\Users\\ASUS\\Documents\\GitHub\\pti-ptr-lumen\\client\\public\\index.php(28): Laravel\\Lumen\\Application->run()
#15 {main}

[previous exception] [object] (Error(code: 0): Call to undefined function old() at C:\\Users\\ASUS\\Documents\\GitHub\\pti-ptr-lumen\\client\\storage\\framework\\views\\0624863a76b08124db4c1cb1c0ab3da5ab1f4a2a.php:10)
[stacktrace]
#0 C:\\Users\\ASUS\\Documents\\GitHub\\pti-ptr-lumen\\client\\vendor\\illuminate\\filesystem\\Filesystem.php(107): require()
#1 C:\\Users\\ASUS\\Documents\\GitHub\\pti-ptr-lumen\\client\\vendor\\illuminate\\filesystem\\Filesystem.php(108): Illuminate\\Filesystem\\Filesystem::Illuminate\\Filesystem\\{closure}()
#2 C:\\Users\\ASUS\\Documents\\GitHub\\pti-ptr-lumen\\client\\vendor\\illuminate\\view\\Engines\\PhpEngine.php(58): Illuminate\\Filesystem\\Filesystem->getRequire('C:\\\\Users\\\\ASUS\\\\D...', Array)
#3 C:\\Users\\ASUS\\Documents\\GitHub\\pti-ptr-lumen\\client\\vendor\\illuminate\\view\\Engines\\CompilerEngine.php(61): Illuminate\\View\\Engines\\PhpEngine->evaluatePath('C:\\\\Users\\\\ASUS\\\\D...', Array)
#4 C:\\Users\\ASUS\\Documents\\GitHub\\pti-ptr-lumen\\client\\vendor\\illuminate\\view\\View.php(139): Illuminate\\View\\Engines\\CompilerEngine->get('C:\\\\Users\\\\ASUS\\\\D...', Array)
#5 C:\\Users\\ASUS\\Documents\\GitHub\\pti-ptr-lumen\\client\\vendor\\illuminate\\view\\View.php(122): Illuminate\\View\\View->getContents()
#6 C:\\Users\\ASUS\\Documents\\GitHub\\pti-ptr-lumen\\client\\vendor\\illuminate\\view\\View.php(91): Illuminate\\View\\View->renderContents()
#7 C:\\Users\\ASUS\\Documents\\GitHub\\pti-ptr-lumen\\client\\vendor\\illuminate\\http\\Response.php(62): Illuminate\\View\\View->render()
#8 C:\\Users\\ASUS\\Documents\\GitHub\\pti-ptr-lumen\\client\\vendor\\illuminate\\http\\Response.php(34): Illuminate\\Http\\Response->setContent(Object(Illuminate\\View\\View))
#9 C:\\Users\\ASUS\\Documents\\GitHub\\pti-ptr-lumen\\client\\vendor\\laravel\\lumen-framework\\src\\Concerns\\RoutesRequests.php(446): Illuminate\\Http\\Response->__construct(Object(Illuminate\\View\\View))
#10 C:\\Users\\ASUS\\Documents\\GitHub\\pti-ptr-lumen\\client\\vendor\\laravel\\lumen-framework\\src\\Concerns\\RoutesRequests.php(299): Laravel\\Lumen\\Application->prepareResponse(Object(Illuminate\\View\\View))
#11 C:\\Users\\ASUS\\Documents\\GitHub\\pti-ptr-lumen\\client\\vendor\\laravel\\lumen-framework\\src\\Concerns\\RoutesRequests.php(264): Laravel\\Lumen\\Application->callActionOnArrayBasedRoute(Array)
#12 C:\\Users\\ASUS\\Documents\\GitHub\\pti-ptr-lumen\\client\\vendor\\laravel\\lumen-framework\\src\\Concerns\\RoutesRequests.php(166): Laravel\\Lumen\\Application->handleFoundRoute(Array)
#13 C:\\Users\\ASUS\\Documents\\GitHub\\pti-ptr-lumen\\client\\vendor\\laravel\\lumen-framework\\src\\Concerns\\RoutesRequests.php(426): Laravel\\Lumen\\Application->Laravel\\Lumen\\Concerns\\{closure}(Object(Laravel\\Lumen\\Http\\Request))
#14 C:\\Users\\ASUS\\Documents\\GitHub\\pti-ptr-lumen\\client\\vendor\\laravel\\lumen-framework\\src\\Concerns\\RoutesRequests.php(172): Laravel\\Lumen\\Application->sendThroughPipeline(Array, Object(Closure))
#15 C:\\Users\\ASUS\\Documents\\GitHub\\pti-ptr-lumen\\client\\vendor\\laravel\\lumen-framework\\src\\Concerns\\RoutesRequests.php(109): Laravel\\Lumen\\Application->dispatch(NULL)
#16 C:\\Users\\ASUS\\Documents\\GitHub\\pti-ptr-lumen\\client\\public\\index.php(28): Laravel\\Lumen\\Application->run()
#17 {main}
"} 
[2021-04-03 17:23:09] local.ERROR: Undefined variable $errors (View: C:\Users\ASUS\Documents\GitHub\pti-ptr-lumen\client\resources\views\register.blade.php) {"exception":"[object] (ErrorException(code: 0): Undefined variable $errors (View: C:\\Users\\ASUS\\Documents\\GitHub\\pti-ptr-lumen\\client\esources\\views\egister.blade.php) at C:\\Users\\ASUS\\Documents\\GitHub\\pti-ptr-lumen\\client\\storage\\framework\\views\\0624863a76b08124db4c1cb1c0ab3da5ab1f4a2a.php:16)
[stacktrace]
#0 C:\\Users\\ASUS\\Documents\\GitHub\\pti-ptr-lumen\\client\\vendor\\illuminate\\view\\Engines\\PhpEngine.php(60): Illuminate\\View\\Engines\\CompilerEngine->handleViewException(Object(ErrorException), 1)
#1 C:\\Users\\ASUS\\Documents\\GitHub\\pti-ptr-lumen\\client\\vendor\\illuminate\\view\\Engines\\CompilerEngine.php(61): Illuminate\\View\\Engines\\PhpEngine->evaluatePath('C:\\\\Users\\\\ASUS\\\\D...', Array)
#2 C:\\Users\\ASUS\\Documents\\GitHub\\pti-ptr-lumen\\client\\vendor\\illuminate\\view\\View.php(139): Illuminate\\View\\Engines\\CompilerEngine->get('C:\\\\Users\\\\ASUS\\\\D...', Array)
#3 C:\\Users\\ASUS\\Documents\\GitHub\\pti-ptr-lumen\\client\\vendor\\illuminate\\view\\View.php(122): Illuminate\\View\\View->getContents()
#4 C:\\Users\\ASUS\\Documents\\GitHub\\pti-ptr-lumen\\client\\vendor\\illuminate\\view\\View.php(91): Illuminate\\View\\View->renderContents()
#5 C:\\Users\\ASUS\\Documents\\GitHub\\pti-ptr-lumen\\client\\vendor\\illuminate\\http\\Response.php(62): Illuminate\\View\\View->render()
#6 C:\\Users\\ASUS\\Documents\\GitHub\\pti-ptr-lumen\\client\\vendor\\illuminate\\http\\Response.php(34): Illuminate\\Http\\Response->setContent(Object(Illuminate\\View\\View))
#7 C:\\Users\\ASUS\\Documents\\GitHub\\pti-ptr-lumen\\client\\vendor\\laravel\\lumen-framework\\src\\Concerns\\RoutesRequests.php(446): Illuminate\\Http\\Response->__construct(Object(Illuminate\\View\\View))
#8 C:\\Users\\ASUS\\Documents\\GitHub\\pti-ptr-lumen\\client\\vendor\\laravel\\lumen-framework\\src\\Concerns\\RoutesRequests.php(299): Laravel\\Lumen\\Application->prepareResponse(Object(Illuminate\\View\\View))
#9 C:\\Users\\ASUS\\Documents\\GitHub\\pti-ptr-lumen\\client\\vendor\\laravel\\lumen-framework\\src\\Concerns\\RoutesRequests.php(264): Laravel\\Lumen\\Application->callActionOnArrayBasedRoute(Array)
#10 C:\\Users\\ASUS\\Documents\\GitHub\\pti-ptr-lumen\\client\\vendor\\laravel\\lumen-framework\\src\\Concerns\\RoutesRequests.php(166): Laravel\\Lumen\\Application->handleFoundRoute(Array)
#11 C:\\Users\\ASUS\\Documents\\GitHub\\pti-ptr-lumen\\client\\vendor\\laravel\\lumen-framework\\src\\Concerns\\RoutesRequests.php(426): Laravel\\Lumen\\Application->Laravel\\Lumen\\Concerns\\{closure}(Object(Laravel\\Lumen\\Http\\Request))
#12 C:\\Users\\ASUS\\Documents\\GitHub\\pti-ptr-lumen\\client\\vendor\\laravel\\lumen-framework\\src\\Concerns\\RoutesRequests.php(172): Laravel\\Lumen\\Application->sendThroughPipeline(Array, Object(Closure))
#13 C:\\Users\\ASUS\\Documents\\GitHub\\pti-ptr-lumen\\client\\vendor\\laravel\\lumen-framework\\src\\Concerns\\RoutesRequests.php(109): Laravel\\Lumen\\Application->dispatch(NULL)
#14 C:\\Users\\ASUS\\Documents\\GitHub\\pti-ptr-lumen\\client\\public\\index.php(28): Laravel\\Lumen\\Application->run()
#15 {main}

[previous exception] [object] (ErrorException(code: 0): Undefined variable $errors at C:\\Users\\ASUS\\Documents\\GitHub\\pti-ptr-lumen\\client\\storage\\framework\\views\\0624863a76b08124db4c1cb1c0ab3da5ab1f4a2a.php:16)
[stacktrace]
#0 C:\\Users\\ASUS\\Documents\\GitHub\\pti-ptr-lumen\\client\\storage\\framework\\views\\0624863a76b08124db4c1cb1c0ab3da5ab1f4a2a.php(16): Laravel\\Lumen\\Application->Laravel\\Lumen\\Concerns\\{closure}(2, 'Undefined varia...', 'C:\\\\Users\\\\ASUS\\\\D...', 16)
#1 C:\\Users\\ASUS\\Documents\\GitHub\\pti-ptr-lumen\\client\\vendor\\illuminate\\filesystem\\Filesystem.php(107): require('C:\\\\Users\\\\ASUS\\\\D...')
#2 C:\\Users\\ASUS\\Documents\\GitHub\\pti-ptr-lumen\\client\\vendor\\illuminate\\filesystem\\Filesystem.php(108): Illuminate\\Filesystem\\Filesystem::Illuminate\\Filesystem\\{closure}()
#3 C:\\Users\\ASUS\\Documents\\GitHub\\pti-ptr-lumen\\client\\vendor\\illuminate\\view\\Engines\\PhpEngine.php(58): Illuminate\\Filesystem\\Filesystem->getRequire('C:\\\\Users\\\\ASUS\\\\D...', Array)
#4 C:\\Users\\ASUS\\Documents\\GitHub\\pti-ptr-lumen\\client\\vendor\\illuminate\\view\\Engines\\CompilerEngine.php(61): Illuminate\\View\\Engines\\PhpEngine->evaluatePath('C:\\\\Users\\\\ASUS\\\\D...', Array)
#5 C:\\Users\\ASUS\\Documents\\GitHub\\pti-ptr-lumen\\client\\vendor\\illuminate\\view\\View.php(139): Illuminate\\View\\Engines\\CompilerEngine->get('C:\\\\Users\\\\ASUS\\\\D...', Array)
#6 C:\\Users\\ASUS\\Documents\\GitHub\\pti-ptr-lumen\\client\\vendor\\illuminate\\view\\View.php(122): Illuminate\\View\\View->getContents()
#7 C:\\Users\\ASUS\\Documents\\GitHub\\pti-ptr-lumen\\client\\vendor\\illuminate\\view\\View.php(91): Illuminate\\View\\View->renderContents()
#8 C:\\Users\\ASUS\\Documents\\GitHub\\pti-ptr-lumen\\client\\vendor\\illuminate\\http\\Response.php(62): Illuminate\\View\\View->render()
#9 C:\\Users\\ASUS\\Documents\\GitHub\\pti-ptr-lumen\\client\\vendor\\illuminate\\http\\Response.php(34): Illuminate\\Http\\Response->setContent(Object(Illuminate\\View\\View))
#10 C:\\Users\\ASUS\\Documents\\GitHub\\pti-ptr-lumen\\client\\vendor\\laravel\\lumen-framework\\src\\Concerns\\RoutesRequests.php(446): Illuminate\\Http\\Response->__construct(Object(Illuminate\\View\\View))
#11 C:\\Users\\ASUS\\Documents\\GitHub\\pti-ptr-lumen\\client\\vendor\\laravel\\lumen-framework\\src\\Concerns\\RoutesRequests.php(299): Laravel\\Lumen\\Application->prepareResponse(Object(Illuminate\\View\\View))
#12 C:\\Users\\ASUS\\Documents\\GitHub\\pti-ptr-lumen\\client\\vendor\\laravel\\lumen-framework\\src\\Concerns\\RoutesRequests.php(264): Laravel\\Lumen\\Application->callActionOnArrayBasedRoute(Array)
#13 C:\\Users\\ASUS\\Documents\\GitHub\\pti-ptr-lumen\\client\\vendor\\laravel\\lumen-framework\\src\\Concerns\\RoutesRequests.php(166): Laravel\\Lumen\\Application->handleFoundRoute(Array)
#14 C:\\Users\\ASUS\\Documents\\GitHub\\pti-ptr-lumen\\client\\vendor\\laravel\\lumen-framework\\src\\Concerns\\RoutesRequests.php(426): Laravel\\Lumen\\Application->Laravel\\Lumen\\Concerns\\{closure}(Object(Laravel\\Lumen\\Http\\Request))
#15 C:\\Users\\ASUS\\Documents\\GitHub\\pti-ptr-lumen\\client\\vendor\\laravel\\lumen-framework\\src\\Concerns\\RoutesRequests.php(172): Laravel\\Lumen\\Application->sendThroughPipeline(Array, Object(Closure))
#16 C:\\Users\\ASUS\\Documents\\GitHub\\pti-ptr-lumen\\client\\vendor\\laravel\\lumen-framework\\src\\Concerns\\RoutesRequests.php(109): Laravel\\Lumen\\Application->dispatch(NULL)
#17 C:\\Users\\ASUS\\Documents\\GitHub\\pti-ptr-lumen\\client\\public\\index.php(28): Laravel\\Lumen\\Application->run()
#18 {main}
"} 
[2021-04-03 17:24:45] local.ERROR: View [login] not found. {"exception":"[object] (InvalidArgumentException(code: 0): View [login] not found. at C:\\Users\\ASUS\\Documents\\GitHub\\pti-ptr-lumen\\client\\vendor\\illuminate\\view\\FileViewFinder.php:137)
[stacktrace]
#0 C:\\Users\\ASUS\\Documents\\GitHub\\pti-ptr-lumen\\client\\vendor\\illuminate\\view\\FileViewFinder.php(79): Illuminate\\View\\FileViewFinder->findInPaths('login', Array)
#1 C:\\Users\\ASUS\\Documents\\GitHub\\pti-ptr-lumen\\client\\vendor\\illuminate\\view\\Factory.php(138): Illuminate\\View\\FileViewFinder->find('login')
#2 C:\\Users\\ASUS\\Documents\\GitHub\\pti-ptr-lumen\\client\\vendor\\laravel\\lumen-framework\\src\\helpers.php(433): Illuminate\\View\\Factory->make('login', Array, Array)
#3 C:\\Users\\ASUS\\Documents\\GitHub\\pti-ptr-lumen\\client\outes\\web.php(28): view('login')
#4 C:\\Users\\ASUS\\Documents\\GitHub\\pti-ptr-lumen\\client\\vendor\\illuminate\\container\\BoundMethod.php(36): Closure->{closure}()
#5 C:\\Users\\ASUS\\Documents\\GitHub\\pti-ptr-lumen\\client\\vendor\\illuminate\\container\\Util.php(40): Illuminate\\Container\\BoundMethod::Illuminate\\Container\\{closure}()
#6 C:\\Users\\ASUS\\Documents\\GitHub\\pti-ptr-lumen\\client\\vendor\\illuminate\\container\\BoundMethod.php(81): Illuminate\\Container\\Util::unwrapIfClosure(Object(Closure))
#7 C:\\Users\\ASUS\\Documents\\GitHub\\pti-ptr-lumen\\client\\vendor\\illuminate\\container\\BoundMethod.php(37): Illuminate\\Container\\BoundMethod::callBoundMethod(Object(Laravel\\Lumen\\Application), Object(Closure), Object(Closure))
#8 C:\\Users\\ASUS\\Documents\\GitHub\\pti-ptr-lumen\\client\\vendor\\illuminate\\container\\Container.php(611): Illuminate\\Container\\BoundMethod::call(Object(Laravel\\Lumen\\Application), Object(Closure), Array, NULL)
#9 C:\\Users\\ASUS\\Documents\\GitHub\\pti-ptr-lumen\\client\\vendor\\laravel\\lumen-framework\\src\\Concerns\\RoutesRequests.php(299): Illuminate\\Container\\Container->call(Object(Closure), Array)
#10 C:\\Users\\ASUS\\Documents\\GitHub\\pti-ptr-lumen\\client\\vendor\\laravel\\lumen-framework\\src\\Concerns\\RoutesRequests.php(264): Laravel\\Lumen\\Application->callActionOnArrayBasedRoute(Array)
#11 C:\\Users\\ASUS\\Documents\\GitHub\\pti-ptr-lumen\\client\\vendor\\laravel\\lumen-framework\\src\\Concerns\\RoutesRequests.php(166): Laravel\\Lumen\\Application->handleFoundRoute(Array)
#12 C:\\Users\\ASUS\\Documents\\GitHub\\pti-ptr-lumen\\client\\vendor\\laravel\\lumen-framework\\src\\Concerns\\RoutesRequests.php(426): Laravel\\Lumen\\Application->Laravel\\Lumen\\Concerns\\{closure}(Object(Laravel\\Lumen\\Http\\Request))
#13 C:\\Users\\ASUS\\Documents\\GitHub\\pti-ptr-lumen\\client\\vendor\\laravel\\lumen-framework\\src\\Concerns\\RoutesRequests.php(172): Laravel\\Lumen\\Application->sendThroughPipeline(Array, Object(Closure))
#14 C:\\Users\\ASUS\\Documents\\GitHub\\pti-ptr-lumen\\client\\vendor\\laravel\\lumen-framework\\src\\Concerns\\RoutesRequests.php(109): Laravel\\Lumen\\Application->dispatch(NULL)
#15 C:\\Users\\ASUS\\Documents\\GitHub\\pti-ptr-lumen\\client\\public\\index.php(28): Laravel\\Lumen\\Application->run()
#16 {main}
"} 
[2021-04-03 17:33:27] local.ERROR: View [login] not found. {"exception":"[object] (InvalidArgumentException(code: 0): View [login] not found. at C:\\Users\\ASUS\\Documents\\GitHub\\pti-ptr-lumen\\client\\vendor\\illuminate\\view\\FileViewFinder.php:137)
[stacktrace]
#0 C:\\Users\\ASUS\\Documents\\GitHub\\pti-ptr-lumen\\client\\vendor\\illuminate\\view\\FileViewFinder.php(79): Illuminate\\View\\FileViewFinder->findInPaths('login', Array)
#1 C:\\Users\\ASUS\\Documents\\GitHub\\pti-ptr-lumen\\client\\vendor\\illuminate\\view\\Factory.php(138): Illuminate\\View\\FileViewFinder->find('login')
#2 C:\\Users\\ASUS\\Documents\\GitHub\\pti-ptr-lumen\\client\\vendor\\laravel\\lumen-framework\\src\\helpers.php(433): Illuminate\\View\\Factory->make('login', Array, Array)
#3 C:\\Users\\ASUS\\Documents\\GitHub\\pti-ptr-lumen\\client\outes\\web.php(28): view('login')
#4 C:\\Users\\ASUS\\Documents\\GitHub\\pti-ptr-lumen\\client\\vendor\\illuminate\\container\\BoundMethod.php(36): Closure->{closure}()
#5 C:\\Users\\ASUS\\Documents\\GitHub\\pti-ptr-lumen\\client\\vendor\\illuminate\\container\\Util.php(40): Illuminate\\Container\\BoundMethod::Illuminate\\Container\\{closure}()
#6 C:\\Users\\ASUS\\Documents\\GitHub\\pti-ptr-lumen\\client\\vendor\\illuminate\\container\\BoundMethod.php(81): Illuminate\\Container\\Util::unwrapIfClosure(Object(Closure))
#7 C:\\Users\\ASUS\\Documents\\GitHub\\pti-ptr-lumen\\client\\vendor\\illuminate\\container\\BoundMethod.php(37): Illuminate\\Container\\BoundMethod::callBoundMethod(Object(Laravel\\Lumen\\Application), Object(Closure), Object(Closure))
#8 C:\\Users\\ASUS\\Documents\\GitHub\\pti-ptr-lumen\\client\\vendor\\illuminate\\container\\Container.php(611): Illuminate\\Container\\BoundMethod::call(Object(Laravel\\Lumen\\Application), Object(Closure), Array, NULL)
#9 C:\\Users\\ASUS\\Documents\\GitHub\\pti-ptr-lumen\\client\\vendor\\laravel\\lumen-framework\\src\\Concerns\\RoutesRequests.php(299): Illuminate\\Container\\Container->call(Object(Closure), Array)
#10 C:\\Users\\ASUS\\Documents\\GitHub\\pti-ptr-lumen\\client\\vendor\\laravel\\lumen-framework\\src\\Concerns\\RoutesRequests.php(264): Laravel\\Lumen\\Application->callActionOnArrayBasedRoute(Array)
#11 C:\\Users\\ASUS\\Documents\\GitHub\\pti-ptr-lumen\\client\\vendor\\laravel\\lumen-framework\\src\\Concerns\\RoutesRequests.php(166): Laravel\\Lumen\\Application->handleFoundRoute(Array)
#12 C:\\Users\\ASUS\\Documents\\GitHub\\pti-ptr-lumen\\client\\vendor\\laravel\\lumen-framework\\src\\Concerns\\RoutesRequests.php(426): Laravel\\Lumen\\Application->Laravel\\Lumen\\Concerns\\{closure}(Object(Laravel\\Lumen\\Http\\Request))
#13 C:\\Users\\ASUS\\Documents\\GitHub\\pti-ptr-lumen\\client\\vendor\\laravel\\lumen-framework\\src\\Concerns\\RoutesRequests.php(172): Laravel\\Lumen\\Application->sendThroughPipeline(Array, Object(Closure))
#14 C:\\Users\\ASUS\\Documents\\GitHub\\pti-ptr-lumen\\client\\vendor\\laravel\\lumen-framework\\src\\Concerns\\RoutesRequests.php(109): Laravel\\Lumen\\Application->dispatch(NULL)
#15 C:\\Users\\ASUS\\Documents\\GitHub\\pti-ptr-lumen\\client\\public\\index.php(28): Laravel\\Lumen\\Application->run()
#16 {main}
"} 
