[2021-04-09 17:07:43] local.ERROR: Undefined variable $title (View: C:\Users\ASUS\Documents\GitHub\pti-ptr-lumen\client\resources\views\Layouts\beforeLog.blade.php) (View: C:\Users\ASUS\Documents\GitHub\pti-ptr-lumen\client\resources\views\Layouts\beforeLog.blade.php) {"exception":"[object] (ErrorException(code: 0): Undefined variable $title (View: C:\\Users\\ASUS\\Documents\\GitHub\\pti-ptr-lumen\\client\esources\\views\\Layouts\\beforeLog.blade.php) (View: C:\\Users\\ASUS\\Documents\\GitHub\\pti-ptr-lumen\\client\esources\\views\\Layouts\\beforeLog.blade.php) at C:\\Users\\ASUS\\Documents\\GitHub\\pti-ptr-lumen\\client\\storage\\framework\\views\\a30e704f0acd2f46cd67c8ff329fe854af3afa71.php:11)
[stacktrace]
#0 C:\\Users\\ASUS\\Documents\\GitHub\\pti-ptr-lumen\\client\\vendor\\illuminate\\view\\Engines\\PhpEngine.php(60): Illuminate\\View\\Engines\\CompilerEngine->handleViewException(Object(ErrorException), 1)
#1 C:\\Users\\ASUS\\Documents\\GitHub\\pti-ptr-lumen\\client\\vendor\\illuminate\\view\\Engines\\CompilerEngine.php(61): Illuminate\\View\\Engines\\PhpEngine->evaluatePath('C:\\\\Users\\\\ASUS\\\\D...', Array)
#2 C:\\Users\\ASUS\\Documents\\GitHub\\pti-ptr-lumen\\client\\vendor\\illuminate\\view\\View.php(139): Illuminate\\View\\Engines\\CompilerEngine->get('C:\\\\Users\\\\ASUS\\\\D...', Array)
#3 C:\\Users\\ASUS\\Documents\\GitHub\\pti-ptr-lumen\\client\\vendor\\illuminate\\view\\View.php(122): Illuminate\\View\\View->getContents()
#4 C:\\Users\\ASUS\\Documents\\GitHub\\pti-ptr-lumen\\client\\vendor\\illuminate\\view\\View.php(91): Illuminate\\View\\View->renderContents()
#5 C:\\Users\\ASUS\\Documents\\GitHub\\pti-ptr-lumen\\client\\vendor\\illuminate\\http\\Response.php(62): Illuminate\\View\\View->render()
#6 C:\\Users\\ASUS\\Documents\\GitHub\\pti-ptr-lumen\\client\\vendor\\illuminate\\http\\Response.php(34): Illuminate\\Http\\Response->setContent(Object(Illuminate\\View\\View))
#7 C:\\Users\\ASUS\\Documents\\GitHub\\pti-ptr-lumen\\client\\vendor\\laravel\\lumen-framework\\src\\Concerns\\RoutesRequests.php(446): Illuminate\\Http\\Response->__construct(Object(Illuminate\\View\\View))
#8 C:\\Users\\ASUS\\Documents\\GitHub\\pti-ptr-lumen\\client\\vendor\\laravel\\lumen-framework\\src\\Concerns\\RoutesRequests.php(299): Laravel\\Lumen\\Application->prepareResponse(Object(Illuminate\\View\\View))
#9 C:\\Users\\ASUS\\Documents\\GitHub\\pti-ptr-lumen\\client\\vendor\\laravel\\lumen-framework\\src\\Concerns\\RoutesRequests.php(264): Laravel\\Lumen\\Application->callActionOnArrayBasedRoute(Array)
#10 C:\\Users\\ASUS\\Documents\\GitHub\\pti-ptr-lumen\\client\\vendor\\laravel\\lumen-framework\\src\\Concerns\\RoutesRequests.php(166): Laravel\\Lumen\\Application->handleFoundRoute(Array)
#11 C:\\Users\\ASUS\\Documents\\GitHub\\pti-ptr-lumen\\client\\vendor\\laravel\\lumen-framework\\src\\Concerns\\RoutesRequests.php(426): Laravel\\Lumen\\Application->Laravel\\Lumen\\Concerns\\{closure}(Object(Laravel\\Lumen\\Http\\Request))
#12 C:\\Users\\ASUS\\Documents\\GitHub\\pti-ptr-lumen\\client\\vendor\\laravel\\lumen-framework\\src\\Concerns\\RoutesRequests.php(172): Laravel\\Lumen\\Application->sendThroughPipeline(Array, Object(Closure))
#13 C:\\Users\\ASUS\\Documents\\GitHub\\pti-ptr-lumen\\client\\vendor\\laravel\\lumen-framework\\src\\Concerns\\RoutesRequests.php(109): Laravel\\Lumen\\Application->dispatch(NULL)
#14 C:\\Users\\ASUS\\Documents\\GitHub\\pti-ptr-lumen\\client\\public\\index.php(28): Laravel\\Lumen\\Application->run()
#15 {main}

[previous exception] [object] (ErrorException(code: 0): Undefined variable $title (View: C:\\Users\\ASUS\\Documents\\GitHub\\pti-ptr-lumen\\client\esources\\views\\Layouts\\beforeLog.blade.php) at C:\\Users\\ASUS\\Documents\\GitHub\\pti-ptr-lumen\\client\\storage\\framework\\views\\a30e704f0acd2f46cd67c8ff329fe854af3afa71.php:11)
[stacktrace]
#0 C:\\Users\\ASUS\\Documents\\GitHub\\pti-ptr-lumen\\client\\vendor\\illuminate\\view\\Engines\\PhpEngine.php(60): Illuminate\\View\\Engines\\CompilerEngine->handleViewException(Object(ErrorException), 2)
#1 C:\\Users\\ASUS\\Documents\\GitHub\\pti-ptr-lumen\\client\\vendor\\illuminate\\view\\Engines\\CompilerEngine.php(61): Illuminate\\View\\Engines\\PhpEngine->evaluatePath('C:\\\\Users\\\\ASUS\\\\D...', Array)
#2 C:\\Users\\ASUS\\Documents\\GitHub\\pti-ptr-lumen\\client\\vendor\\illuminate\\view\\View.php(139): Illuminate\\View\\Engines\\CompilerEngine->get('C:\\\\Users\\\\ASUS\\\\D...', Array)
#3 C:\\Users\\ASUS\\Documents\\GitHub\\pti-ptr-lumen\\client\\vendor\\illuminate\\view\\View.php(122): Illuminate\\View\\View->getContents()
#4 C:\\Users\\ASUS\\Documents\\GitHub\\pti-ptr-lumen\\client\\vendor\\illuminate\\view\\View.php(91): Illuminate\\View\\View->renderContents()
#5 C:\\Users\\ASUS\\Documents\\GitHub\\pti-ptr-lumen\\client\\storage\\framework\\views\\ff6ce04fcf9240f11adb19456d0f6f5c2ba9fc89.php(17): Illuminate\\View\\View->render()
#6 C:\\Users\\ASUS\\Documents\\GitHub\\pti-ptr-lumen\\client\\vendor\\illuminate\\filesystem\\Filesystem.php(107): require('C:\\\\Users\\\\ASUS\\\\D...')
#7 C:\\Users\\ASUS\\Documents\\GitHub\\pti-ptr-lumen\\client\\vendor\\illuminate\\filesystem\\Filesystem.php(108): Illuminate\\Filesystem\\Filesystem::Illuminate\\Filesystem\\{closure}()
#8 C:\\Users\\ASUS\\Documents\\GitHub\\pti-ptr-lumen\\client\\vendor\\illuminate\\view\\Engines\\PhpEngine.php(58): Illuminate\\Filesystem\\Filesystem->getRequire('C:\\\\Users\\\\ASUS\\\\D...', Array)
#9 C:\\Users\\ASUS\\Documents\\GitHub\\pti-ptr-lumen\\client\\vendor\\illuminate\\view\\Engines\\CompilerEngine.php(61): Illuminate\\View\\Engines\\PhpEngine->evaluatePath('C:\\\\Users\\\\ASUS\\\\D...', Array)
#10 C:\\Users\\ASUS\\Documents\\GitHub\\pti-ptr-lumen\\client\\vendor\\illuminate\\view\\View.php(139): Illuminate\\View\\Engines\\CompilerEngine->get('C:\\\\Users\\\\ASUS\\\\D...', Array)
#11 C:\\Users\\ASUS\\Documents\\GitHub\\pti-ptr-lumen\\client\\vendor\\illuminate\\view\\View.php(122): Illuminate\\View\\View->getContents()
#12 C:\\Users\\ASUS\\Documents\\GitHub\\pti-ptr-lumen\\client\\vendor\\illuminate\\view\\View.php(91): Illuminate\\View\\View->renderContents()
#13 C:\\Users\\ASUS\\Documents\\GitHub\\pti-ptr-lumen\\client\\vendor\\illuminate\\http\\Response.php(62): Illuminate\\View\\View->render()
#14 C:\\Users\\ASUS\\Documents\\GitHub\\pti-ptr-lumen\\client\\vendor\\illuminate\\http\\Response.php(34): Illuminate\\Http\\Response->setContent(Object(Illuminate\\View\\View))
#15 C:\\Users\\ASUS\\Documents\\GitHub\\pti-ptr-lumen\\client\\vendor\\laravel\\lumen-framework\\src\\Concerns\\RoutesRequests.php(446): Illuminate\\Http\\Response->__construct(Object(Illuminate\\View\\View))
#16 C:\\Users\\ASUS\\Documents\\GitHub\\pti-ptr-lumen\\client\\vendor\\laravel\\lumen-framework\\src\\Concerns\\RoutesRequests.php(299): Laravel\\Lumen\\Application->prepareResponse(Object(Illuminate\\View\\View))
#17 C:\\Users\\ASUS\\Documents\\GitHub\\pti-ptr-lumen\\client\\vendor\\laravel\\lumen-framework\\src\\Concerns\\RoutesRequests.php(264): Laravel\\Lumen\\Application->callActionOnArrayBasedRoute(Array)
#18 C:\\Users\\ASUS\\Documents\\GitHub\\pti-ptr-lumen\\client\\vendor\\laravel\\lumen-framework\\src\\Concerns\\RoutesRequests.php(166): Laravel\\Lumen\\Application->handleFoundRoute(Array)
#19 C:\\Users\\ASUS\\Documents\\GitHub\\pti-ptr-lumen\\client\\vendor\\laravel\\lumen-framework\\src\\Concerns\\RoutesRequests.php(426): Laravel\\Lumen\\Application->Laravel\\Lumen\\Concerns\\{closure}(Object(Laravel\\Lumen\\Http\\Request))
#20 C:\\Users\\ASUS\\Documents\\GitHub\\pti-ptr-lumen\\client\\vendor\\laravel\\lumen-framework\\src\\Concerns\\RoutesRequests.php(172): Laravel\\Lumen\\Application->sendThroughPipeline(Array, Object(Closure))
#21 C:\\Users\\ASUS\\Documents\\GitHub\\pti-ptr-lumen\\client\\vendor\\laravel\\lumen-framework\\src\\Concerns\\RoutesRequests.php(109): Laravel\\Lumen\\Application->dispatch(NULL)
#22 C:\\Users\\ASUS\\Documents\\GitHub\\pti-ptr-lumen\\client\\public\\index.php(28): Laravel\\Lumen\\Application->run()
#23 {main}

[previous exception] [object] (ErrorException(code: 0): Undefined variable $title at C:\\Users\\ASUS\\Documents\\GitHub\\pti-ptr-lumen\\client\\storage\\framework\\views\\a30e704f0acd2f46cd67c8ff329fe854af3afa71.php:11)
[stacktrace]
#0 C:\\Users\\ASUS\\Documents\\GitHub\\pti-ptr-lumen\\client\\storage\\framework\\views\\a30e704f0acd2f46cd67c8ff329fe854af3afa71.php(11): Laravel\\Lumen\\Application->Laravel\\Lumen\\Concerns\\{closure}(2, 'Undefined varia...', 'C:\\\\Users\\\\ASUS\\\\D...', 11)
#1 C:\\Users\\ASUS\\Documents\\GitHub\\pti-ptr-lumen\\client\\vendor\\illuminate\\filesystem\\Filesystem.php(107): require('C:\\\\Users\\\\ASUS\\\\D...')
#2 C:\\Users\\ASUS\\Documents\\GitHub\\pti-ptr-lumen\\client\\vendor\\illuminate\\filesystem\\Filesystem.php(108): Illuminate\\Filesystem\\Filesystem::Illuminate\\Filesystem\\{closure}()
#3 C:\\Users\\ASUS\\Documents\\GitHub\\pti-ptr-lumen\\client\\vendor\\illuminate\\view\\Engines\\PhpEngine.php(58): Illuminate\\Filesystem\\Filesystem->getRequire('C:\\\\Users\\\\ASUS\\\\D...', Array)
#4 C:\\Users\\ASUS\\Documents\\GitHub\\pti-ptr-lumen\\client\\vendor\\illuminate\\view\\Engines\\CompilerEngine.php(61): Illuminate\\View\\Engines\\PhpEngine->evaluatePath('C:\\\\Users\\\\ASUS\\\\D...', Array)
#5 C:\\Users\\ASUS\\Documents\\GitHub\\pti-ptr-lumen\\client\\vendor\\illuminate\\view\\View.php(139): Illuminate\\View\\Engines\\CompilerEngine->get('C:\\\\Users\\\\ASUS\\\\D...', Array)
#6 C:\\Users\\ASUS\\Documents\\GitHub\\pti-ptr-lumen\\client\\vendor\\illuminate\\view\\View.php(122): Illuminate\\View\\View->getContents()
#7 C:\\Users\\ASUS\\Documents\\GitHub\\pti-ptr-lumen\\client\\vendor\\illuminate\\view\\View.php(91): Illuminate\\View\\View->renderContents()
#8 C:\\Users\\ASUS\\Documents\\GitHub\\pti-ptr-lumen\\client\\storage\\framework\\views\\ff6ce04fcf9240f11adb19456d0f6f5c2ba9fc89.php(17): Illuminate\\View\\View->render()
#9 C:\\Users\\ASUS\\Documents\\GitHub\\pti-ptr-lumen\\client\\vendor\\illuminate\\filesystem\\Filesystem.php(107): require('C:\\\\Users\\\\ASUS\\\\D...')
#10 C:\\Users\\ASUS\\Documents\\GitHub\\pti-ptr-lumen\\client\\vendor\\illuminate\\filesystem\\Filesystem.php(108): Illuminate\\Filesystem\\Filesystem::Illuminate\\Filesystem\\{closure}()
#11 C:\\Users\\ASUS\\Documents\\GitHub\\pti-ptr-lumen\\client\\vendor\\illuminate\\view\\Engines\\PhpEngine.php(58): Illuminate\\Filesystem\\Filesystem->getRequire('C:\\\\Users\\\\ASUS\\\\D...', Array)
#12 C:\\Users\\ASUS\\Documents\\GitHub\\pti-ptr-lumen\\client\\vendor\\illuminate\\view\\Engines\\CompilerEngine.php(61): Illuminate\\View\\Engines\\PhpEngine->evaluatePath('C:\\\\Users\\\\ASUS\\\\D...', Array)
#13 C:\\Users\\ASUS\\Documents\\GitHub\\pti-ptr-lumen\\client\\vendor\\illuminate\\view\\View.php(139): Illuminate\\View\\Engines\\CompilerEngine->get('C:\\\\Users\\\\ASUS\\\\D...', Array)
#14 C:\\Users\\ASUS\\Documents\\GitHub\\pti-ptr-lumen\\client\\vendor\\illuminate\\view\\View.php(122): Illuminate\\View\\View->getContents()
#15 C:\\Users\\ASUS\\Documents\\GitHub\\pti-ptr-lumen\\client\\vendor\\illuminate\\view\\View.php(91): Illuminate\\View\\View->renderContents()
#16 C:\\Users\\ASUS\\Documents\\GitHub\\pti-ptr-lumen\\client\\vendor\\illuminate\\http\\Response.php(62): Illuminate\\View\\View->render()
#17 C:\\Users\\ASUS\\Documents\\GitHub\\pti-ptr-lumen\\client\\vendor\\illuminate\\http\\Response.php(34): Illuminate\\Http\\Response->setContent(Object(Illuminate\\View\\View))
#18 C:\\Users\\ASUS\\Documents\\GitHub\\pti-ptr-lumen\\client\\vendor\\laravel\\lumen-framework\\src\\Concerns\\RoutesRequests.php(446): Illuminate\\Http\\Response->__construct(Object(Illuminate\\View\\View))
#19 C:\\Users\\ASUS\\Documents\\GitHub\\pti-ptr-lumen\\client\\vendor\\laravel\\lumen-framework\\src\\Concerns\\RoutesRequests.php(299): Laravel\\Lumen\\Application->prepareResponse(Object(Illuminate\\View\\View))
#20 C:\\Users\\ASUS\\Documents\\GitHub\\pti-ptr-lumen\\client\\vendor\\laravel\\lumen-framework\\src\\Concerns\\RoutesRequests.php(264): Laravel\\Lumen\\Application->callActionOnArrayBasedRoute(Array)
#21 C:\\Users\\ASUS\\Documents\\GitHub\\pti-ptr-lumen\\client\\vendor\\laravel\\lumen-framework\\src\\Concerns\\RoutesRequests.php(166): Laravel\\Lumen\\Application->handleFoundRoute(Array)
#22 C:\\Users\\ASUS\\Documents\\GitHub\\pti-ptr-lumen\\client\\vendor\\laravel\\lumen-framework\\src\\Concerns\\RoutesRequests.php(426): Laravel\\Lumen\\Application->Laravel\\Lumen\\Concerns\\{closure}(Object(Laravel\\Lumen\\Http\\Request))
#23 C:\\Users\\ASUS\\Documents\\GitHub\\pti-ptr-lumen\\client\\vendor\\laravel\\lumen-framework\\src\\Concerns\\RoutesRequests.php(172): Laravel\\Lumen\\Application->sendThroughPipeline(Array, Object(Closure))
#24 C:\\Users\\ASUS\\Documents\\GitHub\\pti-ptr-lumen\\client\\vendor\\laravel\\lumen-framework\\src\\Concerns\\RoutesRequests.php(109): Laravel\\Lumen\\Application->dispatch(NULL)
#25 C:\\Users\\ASUS\\Documents\\GitHub\\pti-ptr-lumen\\client\\public\\index.php(28): Laravel\\Lumen\\Application->run()
#26 {main}
"} 
[2021-04-09 17:09:43] local.ERROR: Undefined variable $title (View: C:\Users\ASUS\Documents\GitHub\pti-ptr-lumen\client\resources\views\Layouts\beforeLog.blade.php) (View: C:\Users\ASUS\Documents\GitHub\pti-ptr-lumen\client\resources\views\Layouts\beforeLog.blade.php) {"exception":"[object] (ErrorException(code: 0): Undefined variable $title (View: C:\\Users\\ASUS\\Documents\\GitHub\\pti-ptr-lumen\\client\esources\\views\\Layouts\\beforeLog.blade.php) (View: C:\\Users\\ASUS\\Documents\\GitHub\\pti-ptr-lumen\\client\esources\\views\\Layouts\\beforeLog.blade.php) at C:\\Users\\ASUS\\Documents\\GitHub\\pti-ptr-lumen\\client\\storage\\framework\\views\\a30e704f0acd2f46cd67c8ff329fe854af3afa71.php:11)
[stacktrace]
#0 C:\\Users\\ASUS\\Documents\\GitHub\\pti-ptr-lumen\\client\\vendor\\illuminate\\view\\Engines\\PhpEngine.php(60): Illuminate\\View\\Engines\\CompilerEngine->handleViewException(Object(ErrorException), 1)
#1 C:\\Users\\ASUS\\Documents\\GitHub\\pti-ptr-lumen\\client\\vendor\\illuminate\\view\\Engines\\CompilerEngine.php(61): Illuminate\\View\\Engines\\PhpEngine->evaluatePath('C:\\\\Users\\\\ASUS\\\\D...', Array)
#2 C:\\Users\\ASUS\\Documents\\GitHub\\pti-ptr-lumen\\client\\vendor\\illuminate\\view\\View.php(139): Illuminate\\View\\Engines\\CompilerEngine->get('C:\\\\Users\\\\ASUS\\\\D...', Array)
#3 C:\\Users\\ASUS\\Documents\\GitHub\\pti-ptr-lumen\\client\\vendor\\illuminate\\view\\View.php(122): Illuminate\\View\\View->getContents()
#4 C:\\Users\\ASUS\\Documents\\GitHub\\pti-ptr-lumen\\client\\vendor\\illuminate\\view\\View.php(91): Illuminate\\View\\View->renderContents()
#5 C:\\Users\\ASUS\\Documents\\GitHub\\pti-ptr-lumen\\client\\vendor\\illuminate\\http\\Response.php(62): Illuminate\\View\\View->render()
#6 C:\\Users\\ASUS\\Documents\\GitHub\\pti-ptr-lumen\\client\\vendor\\illuminate\\http\\Response.php(34): Illuminate\\Http\\Response->setContent(Object(Illuminate\\View\\View))
#7 C:\\Users\\ASUS\\Documents\\GitHub\\pti-ptr-lumen\\client\\vendor\\laravel\\lumen-framework\\src\\Concerns\\RoutesRequests.php(446): Illuminate\\Http\\Response->__construct(Object(Illuminate\\View\\View))
#8 C:\\Users\\ASUS\\Documents\\GitHub\\pti-ptr-lumen\\client\\vendor\\laravel\\lumen-framework\\src\\Concerns\\RoutesRequests.php(299): Laravel\\Lumen\\Application->prepareResponse(Object(Illuminate\\View\\View))
#9 C:\\Users\\ASUS\\Documents\\GitHub\\pti-ptr-lumen\\client\\vendor\\laravel\\lumen-framework\\src\\Concerns\\RoutesRequests.php(264): Laravel\\Lumen\\Application->callActionOnArrayBasedRoute(Array)
#10 C:\\Users\\ASUS\\Documents\\GitHub\\pti-ptr-lumen\\client\\vendor\\laravel\\lumen-framework\\src\\Concerns\\RoutesRequests.php(166): Laravel\\Lumen\\Application->handleFoundRoute(Array)
#11 C:\\Users\\ASUS\\Documents\\GitHub\\pti-ptr-lumen\\client\\vendor\\laravel\\lumen-framework\\src\\Concerns\\RoutesRequests.php(426): Laravel\\Lumen\\Application->Laravel\\Lumen\\Concerns\\{closure}(Object(Laravel\\Lumen\\Http\\Request))
#12 C:\\Users\\ASUS\\Documents\\GitHub\\pti-ptr-lumen\\client\\vendor\\laravel\\lumen-framework\\src\\Concerns\\RoutesRequests.php(172): Laravel\\Lumen\\Application->sendThroughPipeline(Array, Object(Closure))
#13 C:\\Users\\ASUS\\Documents\\GitHub\\pti-ptr-lumen\\client\\vendor\\laravel\\lumen-framework\\src\\Concerns\\RoutesRequests.php(109): Laravel\\Lumen\\Application->dispatch(NULL)
#14 C:\\Users\\ASUS\\Documents\\GitHub\\pti-ptr-lumen\\client\\public\\index.php(28): Laravel\\Lumen\\Application->run()
#15 {main}

[previous exception] [object] (ErrorException(code: 0): Undefined variable $title (View: C:\\Users\\ASUS\\Documents\\GitHub\\pti-ptr-lumen\\client\esources\\views\\Layouts\\beforeLog.blade.php) at C:\\Users\\ASUS\\Documents\\GitHub\\pti-ptr-lumen\\client\\storage\\framework\\views\\a30e704f0acd2f46cd67c8ff329fe854af3afa71.php:11)
[stacktrace]
#0 C:\\Users\\ASUS\\Documents\\GitHub\\pti-ptr-lumen\\client\\vendor\\illuminate\\view\\Engines\\PhpEngine.php(60): Illuminate\\View\\Engines\\CompilerEngine->handleViewException(Object(ErrorException), 2)
#1 C:\\Users\\ASUS\\Documents\\GitHub\\pti-ptr-lumen\\client\\vendor\\illuminate\\view\\Engines\\CompilerEngine.php(61): Illuminate\\View\\Engines\\PhpEngine->evaluatePath('C:\\\\Users\\\\ASUS\\\\D...', Array)
#2 C:\\Users\\ASUS\\Documents\\GitHub\\pti-ptr-lumen\\client\\vendor\\illuminate\\view\\View.php(139): Illuminate\\View\\Engines\\CompilerEngine->get('C:\\\\Users\\\\ASUS\\\\D...', Array)
#3 C:\\Users\\ASUS\\Documents\\GitHub\\pti-ptr-lumen\\client\\vendor\\illuminate\\view\\View.php(122): Illuminate\\View\\View->getContents()
#4 C:\\Users\\ASUS\\Documents\\GitHub\\pti-ptr-lumen\\client\\vendor\\illuminate\\view\\View.php(91): Illuminate\\View\\View->renderContents()
#5 C:\\Users\\ASUS\\Documents\\GitHub\\pti-ptr-lumen\\client\\storage\\framework\\views\\ff6ce04fcf9240f11adb19456d0f6f5c2ba9fc89.php(17): Illuminate\\View\\View->render()
#6 C:\\Users\\ASUS\\Documents\\GitHub\\pti-ptr-lumen\\client\\vendor\\illuminate\\filesystem\\Filesystem.php(107): require('C:\\\\Users\\\\ASUS\\\\D...')
#7 C:\\Users\\ASUS\\Documents\\GitHub\\pti-ptr-lumen\\client\\vendor\\illuminate\\filesystem\\Filesystem.php(108): Illuminate\\Filesystem\\Filesystem::Illuminate\\Filesystem\\{closure}()
#8 C:\\Users\\ASUS\\Documents\\GitHub\\pti-ptr-lumen\\client\\vendor\\illuminate\\view\\Engines\\PhpEngine.php(58): Illuminate\\Filesystem\\Filesystem->getRequire('C:\\\\Users\\\\ASUS\\\\D...', Array)
#9 C:\\Users\\ASUS\\Documents\\GitHub\\pti-ptr-lumen\\client\\vendor\\illuminate\\view\\Engines\\CompilerEngine.php(61): Illuminate\\View\\Engines\\PhpEngine->evaluatePath('C:\\\\Users\\\\ASUS\\\\D...', Array)
#10 C:\\Users\\ASUS\\Documents\\GitHub\\pti-ptr-lumen\\client\\vendor\\illuminate\\view\\View.php(139): Illuminate\\View\\Engines\\CompilerEngine->get('C:\\\\Users\\\\ASUS\\\\D...', Array)
#11 C:\\Users\\ASUS\\Documents\\GitHub\\pti-ptr-lumen\\client\\vendor\\illuminate\\view\\View.php(122): Illuminate\\View\\View->getContents()
#12 C:\\Users\\ASUS\\Documents\\GitHub\\pti-ptr-lumen\\client\\vendor\\illuminate\\view\\View.php(91): Illuminate\\View\\View->renderContents()
#13 C:\\Users\\ASUS\\Documents\\GitHub\\pti-ptr-lumen\\client\\vendor\\illuminate\\http\\Response.php(62): Illuminate\\View\\View->render()
#14 C:\\Users\\ASUS\\Documents\\GitHub\\pti-ptr-lumen\\client\\vendor\\illuminate\\http\\Response.php(34): Illuminate\\Http\\Response->setContent(Object(Illuminate\\View\\View))
#15 C:\\Users\\ASUS\\Documents\\GitHub\\pti-ptr-lumen\\client\\vendor\\laravel\\lumen-framework\\src\\Concerns\\RoutesRequests.php(446): Illuminate\\Http\\Response->__construct(Object(Illuminate\\View\\View))
#16 C:\\Users\\ASUS\\Documents\\GitHub\\pti-ptr-lumen\\client\\vendor\\laravel\\lumen-framework\\src\\Concerns\\RoutesRequests.php(299): Laravel\\Lumen\\Application->prepareResponse(Object(Illuminate\\View\\View))
#17 C:\\Users\\ASUS\\Documents\\GitHub\\pti-ptr-lumen\\client\\vendor\\laravel\\lumen-framework\\src\\Concerns\\RoutesRequests.php(264): Laravel\\Lumen\\Application->callActionOnArrayBasedRoute(Array)
#18 C:\\Users\\ASUS\\Documents\\GitHub\\pti-ptr-lumen\\client\\vendor\\laravel\\lumen-framework\\src\\Concerns\\RoutesRequests.php(166): Laravel\\Lumen\\Application->handleFoundRoute(Array)
#19 C:\\Users\\ASUS\\Documents\\GitHub\\pti-ptr-lumen\\client\\vendor\\laravel\\lumen-framework\\src\\Concerns\\RoutesRequests.php(426): Laravel\\Lumen\\Application->Laravel\\Lumen\\Concerns\\{closure}(Object(Laravel\\Lumen\\Http\\Request))
#20 C:\\Users\\ASUS\\Documents\\GitHub\\pti-ptr-lumen\\client\\vendor\\laravel\\lumen-framework\\src\\Concerns\\RoutesRequests.php(172): Laravel\\Lumen\\Application->sendThroughPipeline(Array, Object(Closure))
#21 C:\\Users\\ASUS\\Documents\\GitHub\\pti-ptr-lumen\\client\\vendor\\laravel\\lumen-framework\\src\\Concerns\\RoutesRequests.php(109): Laravel\\Lumen\\Application->dispatch(NULL)
#22 C:\\Users\\ASUS\\Documents\\GitHub\\pti-ptr-lumen\\client\\public\\index.php(28): Laravel\\Lumen\\Application->run()
#23 {main}

[previous exception] [object] (ErrorException(code: 0): Undefined variable $title at C:\\Users\\ASUS\\Documents\\GitHub\\pti-ptr-lumen\\client\\storage\\framework\\views\\a30e704f0acd2f46cd67c8ff329fe854af3afa71.php:11)
[stacktrace]
#0 C:\\Users\\ASUS\\Documents\\GitHub\\pti-ptr-lumen\\client\\storage\\framework\\views\\a30e704f0acd2f46cd67c8ff329fe854af3afa71.php(11): Laravel\\Lumen\\Application->Laravel\\Lumen\\Concerns\\{closure}(2, 'Undefined varia...', 'C:\\\\Users\\\\ASUS\\\\D...', 11)
#1 C:\\Users\\ASUS\\Documents\\GitHub\\pti-ptr-lumen\\client\\vendor\\illuminate\\filesystem\\Filesystem.php(107): require('C:\\\\Users\\\\ASUS\\\\D...')
#2 C:\\Users\\ASUS\\Documents\\GitHub\\pti-ptr-lumen\\client\\vendor\\illuminate\\filesystem\\Filesystem.php(108): Illuminate\\Filesystem\\Filesystem::Illuminate\\Filesystem\\{closure}()
#3 C:\\Users\\ASUS\\Documents\\GitHub\\pti-ptr-lumen\\client\\vendor\\illuminate\\view\\Engines\\PhpEngine.php(58): Illuminate\\Filesystem\\Filesystem->getRequire('C:\\\\Users\\\\ASUS\\\\D...', Array)
#4 C:\\Users\\ASUS\\Documents\\GitHub\\pti-ptr-lumen\\client\\vendor\\illuminate\\view\\Engines\\CompilerEngine.php(61): Illuminate\\View\\Engines\\PhpEngine->evaluatePath('C:\\\\Users\\\\ASUS\\\\D...', Array)
#5 C:\\Users\\ASUS\\Documents\\GitHub\\pti-ptr-lumen\\client\\vendor\\illuminate\\view\\View.php(139): Illuminate\\View\\Engines\\CompilerEngine->get('C:\\\\Users\\\\ASUS\\\\D...', Array)
#6 C:\\Users\\ASUS\\Documents\\GitHub\\pti-ptr-lumen\\client\\vendor\\illuminate\\view\\View.php(122): Illuminate\\View\\View->getContents()
#7 C:\\Users\\ASUS\\Documents\\GitHub\\pti-ptr-lumen\\client\\vendor\\illuminate\\view\\View.php(91): Illuminate\\View\\View->renderContents()
#8 C:\\Users\\ASUS\\Documents\\GitHub\\pti-ptr-lumen\\client\\storage\\framework\\views\\ff6ce04fcf9240f11adb19456d0f6f5c2ba9fc89.php(17): Illuminate\\View\\View->render()
#9 C:\\Users\\ASUS\\Documents\\GitHub\\pti-ptr-lumen\\client\\vendor\\illuminate\\filesystem\\Filesystem.php(107): require('C:\\\\Users\\\\ASUS\\\\D...')
#10 C:\\Users\\ASUS\\Documents\\GitHub\\pti-ptr-lumen\\client\\vendor\\illuminate\\filesystem\\Filesystem.php(108): Illuminate\\Filesystem\\Filesystem::Illuminate\\Filesystem\\{closure}()
#11 C:\\Users\\ASUS\\Documents\\GitHub\\pti-ptr-lumen\\client\\vendor\\illuminate\\view\\Engines\\PhpEngine.php(58): Illuminate\\Filesystem\\Filesystem->getRequire('C:\\\\Users\\\\ASUS\\\\D...', Array)
#12 C:\\Users\\ASUS\\Documents\\GitHub\\pti-ptr-lumen\\client\\vendor\\illuminate\\view\\Engines\\CompilerEngine.php(61): Illuminate\\View\\Engines\\PhpEngine->evaluatePath('C:\\\\Users\\\\ASUS\\\\D...', Array)
#13 C:\\Users\\ASUS\\Documents\\GitHub\\pti-ptr-lumen\\client\\vendor\\illuminate\\view\\View.php(139): Illuminate\\View\\Engines\\CompilerEngine->get('C:\\\\Users\\\\ASUS\\\\D...', Array)
#14 C:\\Users\\ASUS\\Documents\\GitHub\\pti-ptr-lumen\\client\\vendor\\illuminate\\view\\View.php(122): Illuminate\\View\\View->getContents()
#15 C:\\Users\\ASUS\\Documents\\GitHub\\pti-ptr-lumen\\client\\vendor\\illuminate\\view\\View.php(91): Illuminate\\View\\View->renderContents()
#16 C:\\Users\\ASUS\\Documents\\GitHub\\pti-ptr-lumen\\client\\vendor\\illuminate\\http\\Response.php(62): Illuminate\\View\\View->render()
#17 C:\\Users\\ASUS\\Documents\\GitHub\\pti-ptr-lumen\\client\\vendor\\illuminate\\http\\Response.php(34): Illuminate\\Http\\Response->setContent(Object(Illuminate\\View\\View))
#18 C:\\Users\\ASUS\\Documents\\GitHub\\pti-ptr-lumen\\client\\vendor\\laravel\\lumen-framework\\src\\Concerns\\RoutesRequests.php(446): Illuminate\\Http\\Response->__construct(Object(Illuminate\\View\\View))
#19 C:\\Users\\ASUS\\Documents\\GitHub\\pti-ptr-lumen\\client\\vendor\\laravel\\lumen-framework\\src\\Concerns\\RoutesRequests.php(299): Laravel\\Lumen\\Application->prepareResponse(Object(Illuminate\\View\\View))
#20 C:\\Users\\ASUS\\Documents\\GitHub\\pti-ptr-lumen\\client\\vendor\\laravel\\lumen-framework\\src\\Concerns\\RoutesRequests.php(264): Laravel\\Lumen\\Application->callActionOnArrayBasedRoute(Array)
#21 C:\\Users\\ASUS\\Documents\\GitHub\\pti-ptr-lumen\\client\\vendor\\laravel\\lumen-framework\\src\\Concerns\\RoutesRequests.php(166): Laravel\\Lumen\\Application->handleFoundRoute(Array)
#22 C:\\Users\\ASUS\\Documents\\GitHub\\pti-ptr-lumen\\client\\vendor\\laravel\\lumen-framework\\src\\Concerns\\RoutesRequests.php(426): Laravel\\Lumen\\Application->Laravel\\Lumen\\Concerns\\{closure}(Object(Laravel\\Lumen\\Http\\Request))
#23 C:\\Users\\ASUS\\Documents\\GitHub\\pti-ptr-lumen\\client\\vendor\\laravel\\lumen-framework\\src\\Concerns\\RoutesRequests.php(172): Laravel\\Lumen\\Application->sendThroughPipeline(Array, Object(Closure))
#24 C:\\Users\\ASUS\\Documents\\GitHub\\pti-ptr-lumen\\client\\vendor\\laravel\\lumen-framework\\src\\Concerns\\RoutesRequests.php(109): Laravel\\Lumen\\Application->dispatch(NULL)
#25 C:\\Users\\ASUS\\Documents\\GitHub\\pti-ptr-lumen\\client\\public\\index.php(28): Laravel\\Lumen\\Application->run()
#26 {main}
"} 
[2021-04-09 17:09:46] local.ERROR: Undefined variable $title (View: C:\Users\ASUS\Documents\GitHub\pti-ptr-lumen\client\resources\views\Layouts\beforeLog.blade.php) (View: C:\Users\ASUS\Documents\GitHub\pti-ptr-lumen\client\resources\views\Layouts\beforeLog.blade.php) {"exception":"[object] (ErrorException(code: 0): Undefined variable $title (View: C:\\Users\\ASUS\\Documents\\GitHub\\pti-ptr-lumen\\client\esources\\views\\Layouts\\beforeLog.blade.php) (View: C:\\Users\\ASUS\\Documents\\GitHub\\pti-ptr-lumen\\client\esources\\views\\Layouts\\beforeLog.blade.php) at C:\\Users\\ASUS\\Documents\\GitHub\\pti-ptr-lumen\\client\\storage\\framework\\views\\a30e704f0acd2f46cd67c8ff329fe854af3afa71.php:11)
[stacktrace]
#0 C:\\Users\\ASUS\\Documents\\GitHub\\pti-ptr-lumen\\client\\vendor\\illuminate\\view\\Engines\\PhpEngine.php(60): Illuminate\\View\\Engines\\CompilerEngine->handleViewException(Object(ErrorException), 1)
#1 C:\\Users\\ASUS\\Documents\\GitHub\\pti-ptr-lumen\\client\\vendor\\illuminate\\view\\Engines\\CompilerEngine.php(61): Illuminate\\View\\Engines\\PhpEngine->evaluatePath('C:\\\\Users\\\\ASUS\\\\D...', Array)
#2 C:\\Users\\ASUS\\Documents\\GitHub\\pti-ptr-lumen\\client\\vendor\\illuminate\\view\\View.php(139): Illuminate\\View\\Engines\\CompilerEngine->get('C:\\\\Users\\\\ASUS\\\\D...', Array)
#3 C:\\Users\\ASUS\\Documents\\GitHub\\pti-ptr-lumen\\client\\vendor\\illuminate\\view\\View.php(122): Illuminate\\View\\View->getContents()
#4 C:\\Users\\ASUS\\Documents\\GitHub\\pti-ptr-lumen\\client\\vendor\\illuminate\\view\\View.php(91): Illuminate\\View\\View->renderContents()
#5 C:\\Users\\ASUS\\Documents\\GitHub\\pti-ptr-lumen\\client\\vendor\\illuminate\\http\\Response.php(62): Illuminate\\View\\View->render()
#6 C:\\Users\\ASUS\\Documents\\GitHub\\pti-ptr-lumen\\client\\vendor\\illuminate\\http\\Response.php(34): Illuminate\\Http\\Response->setContent(Object(Illuminate\\View\\View))
#7 C:\\Users\\ASUS\\Documents\\GitHub\\pti-ptr-lumen\\client\\vendor\\laravel\\lumen-framework\\src\\Concerns\\RoutesRequests.php(446): Illuminate\\Http\\Response->__construct(Object(Illuminate\\View\\View))
#8 C:\\Users\\ASUS\\Documents\\GitHub\\pti-ptr-lumen\\client\\vendor\\laravel\\lumen-framework\\src\\Concerns\\RoutesRequests.php(299): Laravel\\Lumen\\Application->prepareResponse(Object(Illuminate\\View\\View))
#9 C:\\Users\\ASUS\\Documents\\GitHub\\pti-ptr-lumen\\client\\vendor\\laravel\\lumen-framework\\src\\Concerns\\RoutesRequests.php(264): Laravel\\Lumen\\Application->callActionOnArrayBasedRoute(Array)
#10 C:\\Users\\ASUS\\Documents\\GitHub\\pti-ptr-lumen\\client\\vendor\\laravel\\lumen-framework\\src\\Concerns\\RoutesRequests.php(166): Laravel\\Lumen\\Application->handleFoundRoute(Array)
#11 C:\\Users\\ASUS\\Documents\\GitHub\\pti-ptr-lumen\\client\\vendor\\laravel\\lumen-framework\\src\\Concerns\\RoutesRequests.php(426): Laravel\\Lumen\\Application->Laravel\\Lumen\\Concerns\\{closure}(Object(Laravel\\Lumen\\Http\\Request))
#12 C:\\Users\\ASUS\\Documents\\GitHub\\pti-ptr-lumen\\client\\vendor\\laravel\\lumen-framework\\src\\Concerns\\RoutesRequests.php(172): Laravel\\Lumen\\Application->sendThroughPipeline(Array, Object(Closure))
#13 C:\\Users\\ASUS\\Documents\\GitHub\\pti-ptr-lumen\\client\\vendor\\laravel\\lumen-framework\\src\\Concerns\\RoutesRequests.php(109): Laravel\\Lumen\\Application->dispatch(NULL)
#14 C:\\Users\\ASUS\\Documents\\GitHub\\pti-ptr-lumen\\client\\public\\index.php(28): Laravel\\Lumen\\Application->run()
#15 {main}

[previous exception] [object] (ErrorException(code: 0): Undefined variable $title (View: C:\\Users\\ASUS\\Documents\\GitHub\\pti-ptr-lumen\\client\esources\\views\\Layouts\\beforeLog.blade.php) at C:\\Users\\ASUS\\Documents\\GitHub\\pti-ptr-lumen\\client\\storage\\framework\\views\\a30e704f0acd2f46cd67c8ff329fe854af3afa71.php:11)
[stacktrace]
#0 C:\\Users\\ASUS\\Documents\\GitHub\\pti-ptr-lumen\\client\\vendor\\illuminate\\view\\Engines\\PhpEngine.php(60): Illuminate\\View\\Engines\\CompilerEngine->handleViewException(Object(ErrorException), 2)
#1 C:\\Users\\ASUS\\Documents\\GitHub\\pti-ptr-lumen\\client\\vendor\\illuminate\\view\\Engines\\CompilerEngine.php(61): Illuminate\\View\\Engines\\PhpEngine->evaluatePath('C:\\\\Users\\\\ASUS\\\\D...', Array)
#2 C:\\Users\\ASUS\\Documents\\GitHub\\pti-ptr-lumen\\client\\vendor\\illuminate\\view\\View.php(139): Illuminate\\View\\Engines\\CompilerEngine->get('C:\\\\Users\\\\ASUS\\\\D...', Array)
#3 C:\\Users\\ASUS\\Documents\\GitHub\\pti-ptr-lumen\\client\\vendor\\illuminate\\view\\View.php(122): Illuminate\\View\\View->getContents()
#4 C:\\Users\\ASUS\\Documents\\GitHub\\pti-ptr-lumen\\client\\vendor\\illuminate\\view\\View.php(91): Illuminate\\View\\View->renderContents()
#5 C:\\Users\\ASUS\\Documents\\GitHub\\pti-ptr-lumen\\client\\storage\\framework\\views\\0624863a76b08124db4c1cb1c0ab3da5ab1f4a2a.php(66): Illuminate\\View\\View->render()
#6 C:\\Users\\ASUS\\Documents\\GitHub\\pti-ptr-lumen\\client\\vendor\\illuminate\\filesystem\\Filesystem.php(107): require('C:\\\\Users\\\\ASUS\\\\D...')
#7 C:\\Users\\ASUS\\Documents\\GitHub\\pti-ptr-lumen\\client\\vendor\\illuminate\\filesystem\\Filesystem.php(108): Illuminate\\Filesystem\\Filesystem::Illuminate\\Filesystem\\{closure}()
#8 C:\\Users\\ASUS\\Documents\\GitHub\\pti-ptr-lumen\\client\\vendor\\illuminate\\view\\Engines\\PhpEngine.php(58): Illuminate\\Filesystem\\Filesystem->getRequire('C:\\\\Users\\\\ASUS\\\\D...', Array)
#9 C:\\Users\\ASUS\\Documents\\GitHub\\pti-ptr-lumen\\client\\vendor\\illuminate\\view\\Engines\\CompilerEngine.php(61): Illuminate\\View\\Engines\\PhpEngine->evaluatePath('C:\\\\Users\\\\ASUS\\\\D...', Array)
#10 C:\\Users\\ASUS\\Documents\\GitHub\\pti-ptr-lumen\\client\\vendor\\illuminate\\view\\View.php(139): Illuminate\\View\\Engines\\CompilerEngine->get('C:\\\\Users\\\\ASUS\\\\D...', Array)
#11 C:\\Users\\ASUS\\Documents\\GitHub\\pti-ptr-lumen\\client\\vendor\\illuminate\\view\\View.php(122): Illuminate\\View\\View->getContents()
#12 C:\\Users\\ASUS\\Documents\\GitHub\\pti-ptr-lumen\\client\\vendor\\illuminate\\view\\View.php(91): Illuminate\\View\\View->renderContents()
#13 C:\\Users\\ASUS\\Documents\\GitHub\\pti-ptr-lumen\\client\\vendor\\illuminate\\http\\Response.php(62): Illuminate\\View\\View->render()
#14 C:\\Users\\ASUS\\Documents\\GitHub\\pti-ptr-lumen\\client\\vendor\\illuminate\\http\\Response.php(34): Illuminate\\Http\\Response->setContent(Object(Illuminate\\View\\View))
#15 C:\\Users\\ASUS\\Documents\\GitHub\\pti-ptr-lumen\\client\\vendor\\laravel\\lumen-framework\\src\\Concerns\\RoutesRequests.php(446): Illuminate\\Http\\Response->__construct(Object(Illuminate\\View\\View))
#16 C:\\Users\\ASUS\\Documents\\GitHub\\pti-ptr-lumen\\client\\vendor\\laravel\\lumen-framework\\src\\Concerns\\RoutesRequests.php(299): Laravel\\Lumen\\Application->prepareResponse(Object(Illuminate\\View\\View))
#17 C:\\Users\\ASUS\\Documents\\GitHub\\pti-ptr-lumen\\client\\vendor\\laravel\\lumen-framework\\src\\Concerns\\RoutesRequests.php(264): Laravel\\Lumen\\Application->callActionOnArrayBasedRoute(Array)
#18 C:\\Users\\ASUS\\Documents\\GitHub\\pti-ptr-lumen\\client\\vendor\\laravel\\lumen-framework\\src\\Concerns\\RoutesRequests.php(166): Laravel\\Lumen\\Application->handleFoundRoute(Array)
#19 C:\\Users\\ASUS\\Documents\\GitHub\\pti-ptr-lumen\\client\\vendor\\laravel\\lumen-framework\\src\\Concerns\\RoutesRequests.php(426): Laravel\\Lumen\\Application->Laravel\\Lumen\\Concerns\\{closure}(Object(Laravel\\Lumen\\Http\\Request))
#20 C:\\Users\\ASUS\\Documents\\GitHub\\pti-ptr-lumen\\client\\vendor\\laravel\\lumen-framework\\src\\Concerns\\RoutesRequests.php(172): Laravel\\Lumen\\Application->sendThroughPipeline(Array, Object(Closure))
#21 C:\\Users\\ASUS\\Documents\\GitHub\\pti-ptr-lumen\\client\\vendor\\laravel\\lumen-framework\\src\\Concerns\\RoutesRequests.php(109): Laravel\\Lumen\\Application->dispatch(NULL)
#22 C:\\Users\\ASUS\\Documents\\GitHub\\pti-ptr-lumen\\client\\public\\index.php(28): Laravel\\Lumen\\Application->run()
#23 {main}

[previous exception] [object] (ErrorException(code: 0): Undefined variable $title at C:\\Users\\ASUS\\Documents\\GitHub\\pti-ptr-lumen\\client\\storage\\framework\\views\\a30e704f0acd2f46cd67c8ff329fe854af3afa71.php:11)
[stacktrace]
#0 C:\\Users\\ASUS\\Documents\\GitHub\\pti-ptr-lumen\\client\\storage\\framework\\views\\a30e704f0acd2f46cd67c8ff329fe854af3afa71.php(11): Laravel\\Lumen\\Application->Laravel\\Lumen\\Concerns\\{closure}(2, 'Undefined varia...', 'C:\\\\Users\\\\ASUS\\\\D...', 11)
#1 C:\\Users\\ASUS\\Documents\\GitHub\\pti-ptr-lumen\\client\\vendor\\illuminate\\filesystem\\Filesystem.php(107): require('C:\\\\Users\\\\ASUS\\\\D...')
#2 C:\\Users\\ASUS\\Documents\\GitHub\\pti-ptr-lumen\\client\\vendor\\illuminate\\filesystem\\Filesystem.php(108): Illuminate\\Filesystem\\Filesystem::Illuminate\\Filesystem\\{closure}()
#3 C:\\Users\\ASUS\\Documents\\GitHub\\pti-ptr-lumen\\client\\vendor\\illuminate\\view\\Engines\\PhpEngine.php(58): Illuminate\\Filesystem\\Filesystem->getRequire('C:\\\\Users\\\\ASUS\\\\D...', Array)
#4 C:\\Users\\ASUS\\Documents\\GitHub\\pti-ptr-lumen\\client\\vendor\\illuminate\\view\\Engines\\CompilerEngine.php(61): Illuminate\\View\\Engines\\PhpEngine->evaluatePath('C:\\\\Users\\\\ASUS\\\\D...', Array)
#5 C:\\Users\\ASUS\\Documents\\GitHub\\pti-ptr-lumen\\client\\vendor\\illuminate\\view\\View.php(139): Illuminate\\View\\Engines\\CompilerEngine->get('C:\\\\Users\\\\ASUS\\\\D...', Array)
#6 C:\\Users\\ASUS\\Documents\\GitHub\\pti-ptr-lumen\\client\\vendor\\illuminate\\view\\View.php(122): Illuminate\\View\\View->getContents()
#7 C:\\Users\\ASUS\\Documents\\GitHub\\pti-ptr-lumen\\client\\vendor\\illuminate\\view\\View.php(91): Illuminate\\View\\View->renderContents()
#8 C:\\Users\\ASUS\\Documents\\GitHub\\pti-ptr-lumen\\client\\storage\\framework\\views\\0624863a76b08124db4c1cb1c0ab3da5ab1f4a2a.php(66): Illuminate\\View\\View->render()
#9 C:\\Users\\ASUS\\Documents\\GitHub\\pti-ptr-lumen\\client\\vendor\\illuminate\\filesystem\\Filesystem.php(107): require('C:\\\\Users\\\\ASUS\\\\D...')
#10 C:\\Users\\ASUS\\Documents\\GitHub\\pti-ptr-lumen\\client\\vendor\\illuminate\\filesystem\\Filesystem.php(108): Illuminate\\Filesystem\\Filesystem::Illuminate\\Filesystem\\{closure}()
#11 C:\\Users\\ASUS\\Documents\\GitHub\\pti-ptr-lumen\\client\\vendor\\illuminate\\view\\Engines\\PhpEngine.php(58): Illuminate\\Filesystem\\Filesystem->getRequire('C:\\\\Users\\\\ASUS\\\\D...', Array)
#12 C:\\Users\\ASUS\\Documents\\GitHub\\pti-ptr-lumen\\client\\vendor\\illuminate\\view\\Engines\\CompilerEngine.php(61): Illuminate\\View\\Engines\\PhpEngine->evaluatePath('C:\\\\Users\\\\ASUS\\\\D...', Array)
#13 C:\\Users\\ASUS\\Documents\\GitHub\\pti-ptr-lumen\\client\\vendor\\illuminate\\view\\View.php(139): Illuminate\\View\\Engines\\CompilerEngine->get('C:\\\\Users\\\\ASUS\\\\D...', Array)
#14 C:\\Users\\ASUS\\Documents\\GitHub\\pti-ptr-lumen\\client\\vendor\\illuminate\\view\\View.php(122): Illuminate\\View\\View->getContents()
#15 C:\\Users\\ASUS\\Documents\\GitHub\\pti-ptr-lumen\\client\\vendor\\illuminate\\view\\View.php(91): Illuminate\\View\\View->renderContents()
#16 C:\\Users\\ASUS\\Documents\\GitHub\\pti-ptr-lumen\\client\\vendor\\illuminate\\http\\Response.php(62): Illuminate\\View\\View->render()
#17 C:\\Users\\ASUS\\Documents\\GitHub\\pti-ptr-lumen\\client\\vendor\\illuminate\\http\\Response.php(34): Illuminate\\Http\\Response->setContent(Object(Illuminate\\View\\View))
#18 C:\\Users\\ASUS\\Documents\\GitHub\\pti-ptr-lumen\\client\\vendor\\laravel\\lumen-framework\\src\\Concerns\\RoutesRequests.php(446): Illuminate\\Http\\Response->__construct(Object(Illuminate\\View\\View))
#19 C:\\Users\\ASUS\\Documents\\GitHub\\pti-ptr-lumen\\client\\vendor\\laravel\\lumen-framework\\src\\Concerns\\RoutesRequests.php(299): Laravel\\Lumen\\Application->prepareResponse(Object(Illuminate\\View\\View))
#20 C:\\Users\\ASUS\\Documents\\GitHub\\pti-ptr-lumen\\client\\vendor\\laravel\\lumen-framework\\src\\Concerns\\RoutesRequests.php(264): Laravel\\Lumen\\Application->callActionOnArrayBasedRoute(Array)
#21 C:\\Users\\ASUS\\Documents\\GitHub\\pti-ptr-lumen\\client\\vendor\\laravel\\lumen-framework\\src\\Concerns\\RoutesRequests.php(166): Laravel\\Lumen\\Application->handleFoundRoute(Array)
#22 C:\\Users\\ASUS\\Documents\\GitHub\\pti-ptr-lumen\\client\\vendor\\laravel\\lumen-framework\\src\\Concerns\\RoutesRequests.php(426): Laravel\\Lumen\\Application->Laravel\\Lumen\\Concerns\\{closure}(Object(Laravel\\Lumen\\Http\\Request))
#23 C:\\Users\\ASUS\\Documents\\GitHub\\pti-ptr-lumen\\client\\vendor\\laravel\\lumen-framework\\src\\Concerns\\RoutesRequests.php(172): Laravel\\Lumen\\Application->sendThroughPipeline(Array, Object(Closure))
#24 C:\\Users\\ASUS\\Documents\\GitHub\\pti-ptr-lumen\\client\\vendor\\laravel\\lumen-framework\\src\\Concerns\\RoutesRequests.php(109): Laravel\\Lumen\\Application->dispatch(NULL)
#25 C:\\Users\\ASUS\\Documents\\GitHub\\pti-ptr-lumen\\client\\public\\index.php(28): Laravel\\Lumen\\Application->run()
#26 {main}
"} 
