[2021-05-05 13:41:07] local.ERROR: cURL error 7: Failed to connect to localhost port 8010: Connection refused (see https://curl.haxx.se/libcurl/c/libcurl-errors.html) for http://localhost:8010/accommodation/ {"exception":"[object] (Illuminate\\Http\\Client\\ConnectionException(code: 0): cURL error 7: Failed to connect to localhost port 8010: Connection refused (see https://curl.haxx.se/libcurl/c/libcurl-errors.html) for http://localhost:8010/accommodation/ at C:\\xampp\\htdocs\\Projects\\pti-ptr-lumen\\ApiGateway\\vendor\\illuminate\\http\\Client\\PendingRequest.php:622)
[stacktrace]
#0 C:\\xampp\\htdocs\\Projects\\pti-ptr-lumen\\ApiGateway\\vendor\\illuminate\\support\\helpers.php(234): Illuminate\\Http\\Client\\PendingRequest->Illuminate\\Http\\Client\\{closure}(1)
#1 C:\\xampp\\htdocs\\Projects\\pti-ptr-lumen\\ApiGateway\\vendor\\illuminate\\http\\Client\\PendingRequest.php(624): retry(0, Object(Closure), 100)
#2 C:\\xampp\\htdocs\\Projects\\pti-ptr-lumen\\ApiGateway\\vendor\\illuminate\\http\\Client\\PendingRequest.php(500): Illuminate\\Http\\Client\\PendingRequest->send('GET', 'http://localhos...', Array)
#3 C:\\xampp\\htdocs\\Projects\\pti-ptr-lumen\\ApiGateway\\vendor\\illuminate\\http\\Client\\Factory.php(350): Illuminate\\Http\\Client\\PendingRequest->get('http://localhos...')
#4 C:\\xampp\\htdocs\\Projects\\pti-ptr-lumen\\ApiGateway\\vendor\\illuminate\\support\\Facades\\Facade.php(261): Illuminate\\Http\\Client\\Factory->__call('get', Array)
#5 C:\\xampp\\htdocs\\Projects\\pti-ptr-lumen\\ApiGateway\\app\\Http\\Controllers\\AccommodationController.php(24): Illuminate\\Support\\Facades\\Facade::__callStatic('get', Array)
#6 C:\\xampp\\htdocs\\Projects\\pti-ptr-lumen\\ApiGateway\\vendor\\illuminate\\container\\BoundMethod.php(36): App\\Http\\Controllers\\AccommodationController->index()
#7 C:\\xampp\\htdocs\\Projects\\pti-ptr-lumen\\ApiGateway\\vendor\\illuminate\\container\\Util.php(40): Illuminate\\Container\\BoundMethod::Illuminate\\Container\\{closure}()
#8 C:\\xampp\\htdocs\\Projects\\pti-ptr-lumen\\ApiGateway\\vendor\\illuminate\\container\\BoundMethod.php(93): Illuminate\\Container\\Util::unwrapIfClosure(Object(Closure))
#9 C:\\xampp\\htdocs\\Projects\\pti-ptr-lumen\\ApiGateway\\vendor\\illuminate\\container\\BoundMethod.php(37): Illuminate\\Container\\BoundMethod::callBoundMethod(Object(Dusterio\\LumenPassport\\Lumen7Application), Array, Object(Closure))
#10 C:\\xampp\\htdocs\\Projects\\pti-ptr-lumen\\ApiGateway\\vendor\\illuminate\\container\\Container.php(611): Illuminate\\Container\\BoundMethod::call(Object(Dusterio\\LumenPassport\\Lumen7Application), Array, Array, NULL)
#11 C:\\xampp\\htdocs\\Projects\\pti-ptr-lumen\\ApiGateway\\vendor\\laravel\\lumen-framework\\src\\Concerns\\RoutesRequests.php(386): Illuminate\\Container\\Container->call(Array, Array)
#12 C:\\xampp\\htdocs\\Projects\\pti-ptr-lumen\\ApiGateway\\vendor\\laravel\\lumen-framework\\src\\Concerns\\RoutesRequests.php(352): Laravel\\Lumen\\Application->callControllerCallable(Array, Array)
#13 C:\\xampp\\htdocs\\Projects\\pti-ptr-lumen\\ApiGateway\\vendor\\laravel\\lumen-framework\\src\\Concerns\\RoutesRequests.php(326): Laravel\\Lumen\\Application->callLumenController(Object(App\\Http\\Controllers\\AccommodationController), 'index', Array)
#14 C:\\xampp\\htdocs\\Projects\\pti-ptr-lumen\\ApiGateway\\vendor\\laravel\\lumen-framework\\src\\Concerns\\RoutesRequests.php(279): Laravel\\Lumen\\Application->callControllerAction(Array)
#15 C:\\xampp\\htdocs\\Projects\\pti-ptr-lumen\\ApiGateway\\vendor\\laravel\\lumen-framework\\src\\Concerns\\RoutesRequests.php(264): Laravel\\Lumen\\Application->callActionOnArrayBasedRoute(Array)
#16 C:\\xampp\\htdocs\\Projects\\pti-ptr-lumen\\ApiGateway\\vendor\\laravel\\lumen-framework\\src\\Concerns\\RoutesRequests.php(166): Laravel\\Lumen\\Application->handleFoundRoute(Array)
#17 C:\\xampp\\htdocs\\Projects\\pti-ptr-lumen\\ApiGateway\\vendor\\laravel\\lumen-framework\\src\\Routing\\Pipeline.php(48): Laravel\\Lumen\\Application->Laravel\\Lumen\\Concerns\\{closure}(Object(Laravel\\Lumen\\Http\\Request))
#18 C:\\xampp\\htdocs\\Projects\\pti-ptr-lumen\\ApiGateway\\vendor\
ordsoftware\\lumen-cors\\src\\CorsMiddleware.php(45): Laravel\\Lumen\\Routing\\Pipeline->Laravel\\Lumen\\Routing\\{closure}(Object(Laravel\\Lumen\\Http\\Request))
#19 C:\\xampp\\htdocs\\Projects\\pti-ptr-lumen\\ApiGateway\\vendor\\illuminate\\pipeline\\Pipeline.php(167): Nord\\Lumen\\Cors\\CorsMiddleware->handle(Object(Laravel\\Lumen\\Http\\Request), Object(Closure))
#20 C:\\xampp\\htdocs\\Projects\\pti-ptr-lumen\\ApiGateway\\vendor\\laravel\\lumen-framework\\src\\Routing\\Pipeline.php(30): Illuminate\\Pipeline\\Pipeline->Illuminate\\Pipeline\\{closure}(Object(Laravel\\Lumen\\Http\\Request))
#21 C:\\xampp\\htdocs\\Projects\\pti-ptr-lumen\\ApiGateway\\vendor\\illuminate\\pipeline\\Pipeline.php(103): Laravel\\Lumen\\Routing\\Pipeline->Laravel\\Lumen\\Routing\\{closure}(Object(Laravel\\Lumen\\Http\\Request))
#22 C:\\xampp\\htdocs\\Projects\\pti-ptr-lumen\\ApiGateway\\vendor\\laravel\\lumen-framework\\src\\Concerns\\RoutesRequests.php(423): Illuminate\\Pipeline\\Pipeline->then(Object(Closure))
#23 C:\\xampp\\htdocs\\Projects\\pti-ptr-lumen\\ApiGateway\\vendor\\laravel\\lumen-framework\\src\\Concerns\\RoutesRequests.php(172): Laravel\\Lumen\\Application->sendThroughPipeline(Array, Object(Closure))
#24 C:\\xampp\\htdocs\\Projects\\pti-ptr-lumen\\ApiGateway\\vendor\\laravel\\lumen-framework\\src\\Concerns\\RoutesRequests.php(109): Laravel\\Lumen\\Application->dispatch(NULL)
#25 C:\\xampp\\htdocs\\Projects\\pti-ptr-lumen\\ApiGateway\\public\\index.php(28): Laravel\\Lumen\\Application->run()
#26 {main}

[previous exception] [object] (GuzzleHttp\\Exception\\ConnectException(code: 0): cURL error 7: Failed to connect to localhost port 8010: Connection refused (see https://curl.haxx.se/libcurl/c/libcurl-errors.html) for http://localhost:8010/accommodation/ at C:\\xampp\\htdocs\\Projects\\pti-ptr-lumen\\ApiGateway\\vendor\\guzzlehttp\\guzzle\\src\\Handler\\CurlFactory.php:210)
[stacktrace]
#0 C:\\xampp\\htdocs\\Projects\\pti-ptr-lumen\\ApiGateway\\vendor\\guzzlehttp\\guzzle\\src\\Handler\\CurlFactory.php(158): GuzzleHttp\\Handler\\CurlFactory::createRejection(Object(GuzzleHttp\\Handler\\EasyHandle), Array)
#1 C:\\xampp\\htdocs\\Projects\\pti-ptr-lumen\\ApiGateway\\vendor\\guzzlehttp\\guzzle\\src\\Handler\\CurlFactory.php(110): GuzzleHttp\\Handler\\CurlFactory::finishError(Object(GuzzleHttp\\Handler\\CurlHandler), Object(GuzzleHttp\\Handler\\EasyHandle), Object(GuzzleHttp\\Handler\\CurlFactory))
#2 C:\\xampp\\htdocs\\Projects\\pti-ptr-lumen\\ApiGateway\\vendor\\guzzlehttp\\guzzle\\src\\Handler\\CurlHandler.php(47): GuzzleHttp\\Handler\\CurlFactory::finish(Object(GuzzleHttp\\Handler\\CurlHandler), Object(GuzzleHttp\\Handler\\EasyHandle), Object(GuzzleHttp\\Handler\\CurlFactory))
#3 C:\\xampp\\htdocs\\Projects\\pti-ptr-lumen\\ApiGateway\\vendor\\guzzlehttp\\guzzle\\src\\Handler\\Proxy.php(28): GuzzleHttp\\Handler\\CurlHandler->__invoke(Object(GuzzleHttp\\Psr7\\Request), Array)
#4 C:\\xampp\\htdocs\\Projects\\pti-ptr-lumen\\ApiGateway\\vendor\\guzzlehttp\\guzzle\\src\\Handler\\Proxy.php(48): GuzzleHttp\\Handler\\Proxy::GuzzleHttp\\Handler\\{closure}(Object(GuzzleHttp\\Psr7\\Request), Array)
#5 C:\\xampp\\htdocs\\Projects\\pti-ptr-lumen\\ApiGateway\\vendor\\illuminate\\http\\Client\\PendingRequest.php(751): GuzzleHttp\\Handler\\Proxy::GuzzleHttp\\Handler\\{closure}(Object(GuzzleHttp\\Psr7\\Request), Array)
#6 C:\\xampp\\htdocs\\Projects\\pti-ptr-lumen\\ApiGateway\\vendor\\illuminate\\http\\Client\\PendingRequest.php(721): Illuminate\\Http\\Client\\PendingRequest->Illuminate\\Http\\Client\\{closure}(Object(GuzzleHttp\\Psr7\\Request), Array)
#7 C:\\xampp\\htdocs\\Projects\\pti-ptr-lumen\\ApiGateway\\vendor\\illuminate\\http\\Client\\PendingRequest.php(707): Illuminate\\Http\\Client\\PendingRequest->Illuminate\\Http\\Client\\{closure}(Object(GuzzleHttp\\Psr7\\Request), Array)
#8 C:\\xampp\\htdocs\\Projects\\pti-ptr-lumen\\ApiGateway\\vendor\\guzzlehttp\\guzzle\\src\\PrepareBodyMiddleware.php(35): Illuminate\\Http\\Client\\PendingRequest->Illuminate\\Http\\Client\\{closure}(Object(GuzzleHttp\\Psr7\\Request), Array)
#9 C:\\xampp\\htdocs\\Projects\\pti-ptr-lumen\\ApiGateway\\vendor\\guzzlehttp\\guzzle\\src\\Middleware.php(37): GuzzleHttp\\PrepareBodyMiddleware->__invoke(Object(GuzzleHttp\\Psr7\\Request), Array)
#10 C:\\xampp\\htdocs\\Projects\\pti-ptr-lumen\\ApiGateway\\vendor\\guzzlehttp\\guzzle\\src\\RedirectMiddleware.php(71): GuzzleHttp\\Middleware::GuzzleHttp\\{closure}(Object(GuzzleHttp\\Psr7\\Request), Array)
#11 C:\\xampp\\htdocs\\Projects\\pti-ptr-lumen\\ApiGateway\\vendor\\guzzlehttp\\guzzle\\src\\Middleware.php(61): GuzzleHttp\\RedirectMiddleware->__invoke(Object(GuzzleHttp\\Psr7\\Request), Array)
#12 C:\\xampp\\htdocs\\Projects\\pti-ptr-lumen\\ApiGateway\\vendor\\guzzlehttp\\guzzle\\src\\HandlerStack.php(75): GuzzleHttp\\Middleware::GuzzleHttp\\{closure}(Object(GuzzleHttp\\Psr7\\Request), Array)
#13 C:\\xampp\\htdocs\\Projects\\pti-ptr-lumen\\ApiGateway\\vendor\\guzzlehttp\\guzzle\\src\\Client.php(331): GuzzleHttp\\HandlerStack->__invoke(Object(GuzzleHttp\\Psr7\\Request), Array)
#14 C:\\xampp\\htdocs\\Projects\\pti-ptr-lumen\\ApiGateway\\vendor\\guzzlehttp\\guzzle\\src\\Client.php(168): GuzzleHttp\\Client->transfer(Object(GuzzleHttp\\Psr7\\Request), Array)
#15 C:\\xampp\\htdocs\\Projects\\pti-ptr-lumen\\ApiGateway\\vendor\\guzzlehttp\\guzzle\\src\\Client.php(187): GuzzleHttp\\Client->requestAsync('GET', Object(GuzzleHttp\\Psr7\\Uri), Array)
#16 C:\\xampp\\htdocs\\Projects\\pti-ptr-lumen\\ApiGateway\\vendor\\illuminate\\http\\Client\\PendingRequest.php(609): GuzzleHttp\\Client->request('GET', 'http://localhos...', Array)
#17 C:\\xampp\\htdocs\\Projects\\pti-ptr-lumen\\ApiGateway\\vendor\\illuminate\\support\\helpers.php(234): Illuminate\\Http\\Client\\PendingRequest->Illuminate\\Http\\Client\\{closure}(1)
#18 C:\\xampp\\htdocs\\Projects\\pti-ptr-lumen\\ApiGateway\\vendor\\illuminate\\http\\Client\\PendingRequest.php(624): retry(0, Object(Closure), 100)
#19 C:\\xampp\\htdocs\\Projects\\pti-ptr-lumen\\ApiGateway\\vendor\\illuminate\\http\\Client\\PendingRequest.php(500): Illuminate\\Http\\Client\\PendingRequest->send('GET', 'http://localhos...', Array)
#20 C:\\xampp\\htdocs\\Projects\\pti-ptr-lumen\\ApiGateway\\vendor\\illuminate\\http\\Client\\Factory.php(350): Illuminate\\Http\\Client\\PendingRequest->get('http://localhos...')
#21 C:\\xampp\\htdocs\\Projects\\pti-ptr-lumen\\ApiGateway\\vendor\\illuminate\\support\\Facades\\Facade.php(261): Illuminate\\Http\\Client\\Factory->__call('get', Array)
#22 C:\\xampp\\htdocs\\Projects\\pti-ptr-lumen\\ApiGateway\\app\\Http\\Controllers\\AccommodationController.php(24): Illuminate\\Support\\Facades\\Facade::__callStatic('get', Array)
#23 C:\\xampp\\htdocs\\Projects\\pti-ptr-lumen\\ApiGateway\\vendor\\illuminate\\container\\BoundMethod.php(36): App\\Http\\Controllers\\AccommodationController->index()
#24 C:\\xampp\\htdocs\\Projects\\pti-ptr-lumen\\ApiGateway\\vendor\\illuminate\\container\\Util.php(40): Illuminate\\Container\\BoundMethod::Illuminate\\Container\\{closure}()
#25 C:\\xampp\\htdocs\\Projects\\pti-ptr-lumen\\ApiGateway\\vendor\\illuminate\\container\\BoundMethod.php(93): Illuminate\\Container\\Util::unwrapIfClosure(Object(Closure))
#26 C:\\xampp\\htdocs\\Projects\\pti-ptr-lumen\\ApiGateway\\vendor\\illuminate\\container\\BoundMethod.php(37): Illuminate\\Container\\BoundMethod::callBoundMethod(Object(Dusterio\\LumenPassport\\Lumen7Application), Array, Object(Closure))
#27 C:\\xampp\\htdocs\\Projects\\pti-ptr-lumen\\ApiGateway\\vendor\\illuminate\\container\\Container.php(611): Illuminate\\Container\\BoundMethod::call(Object(Dusterio\\LumenPassport\\Lumen7Application), Array, Array, NULL)
#28 C:\\xampp\\htdocs\\Projects\\pti-ptr-lumen\\ApiGateway\\vendor\\laravel\\lumen-framework\\src\\Concerns\\RoutesRequests.php(386): Illuminate\\Container\\Container->call(Array, Array)
#29 C:\\xampp\\htdocs\\Projects\\pti-ptr-lumen\\ApiGateway\\vendor\\laravel\\lumen-framework\\src\\Concerns\\RoutesRequests.php(352): Laravel\\Lumen\\Application->callControllerCallable(Array, Array)
#30 C:\\xampp\\htdocs\\Projects\\pti-ptr-lumen\\ApiGateway\\vendor\\laravel\\lumen-framework\\src\\Concerns\\RoutesRequests.php(326): Laravel\\Lumen\\Application->callLumenController(Object(App\\Http\\Controllers\\AccommodationController), 'index', Array)
#31 C:\\xampp\\htdocs\\Projects\\pti-ptr-lumen\\ApiGateway\\vendor\\laravel\\lumen-framework\\src\\Concerns\\RoutesRequests.php(279): Laravel\\Lumen\\Application->callControllerAction(Array)
#32 C:\\xampp\\htdocs\\Projects\\pti-ptr-lumen\\ApiGateway\\vendor\\laravel\\lumen-framework\\src\\Concerns\\RoutesRequests.php(264): Laravel\\Lumen\\Application->callActionOnArrayBasedRoute(Array)
#33 C:\\xampp\\htdocs\\Projects\\pti-ptr-lumen\\ApiGateway\\vendor\\laravel\\lumen-framework\\src\\Concerns\\RoutesRequests.php(166): Laravel\\Lumen\\Application->handleFoundRoute(Array)
#34 C:\\xampp\\htdocs\\Projects\\pti-ptr-lumen\\ApiGateway\\vendor\\laravel\\lumen-framework\\src\\Routing\\Pipeline.php(48): Laravel\\Lumen\\Application->Laravel\\Lumen\\Concerns\\{closure}(Object(Laravel\\Lumen\\Http\\Request))
#35 C:\\xampp\\htdocs\\Projects\\pti-ptr-lumen\\ApiGateway\\vendor\
ordsoftware\\lumen-cors\\src\\CorsMiddleware.php(45): Laravel\\Lumen\\Routing\\Pipeline->Laravel\\Lumen\\Routing\\{closure}(Object(Laravel\\Lumen\\Http\\Request))
#36 C:\\xampp\\htdocs\\Projects\\pti-ptr-lumen\\ApiGateway\\vendor\\illuminate\\pipeline\\Pipeline.php(167): Nord\\Lumen\\Cors\\CorsMiddleware->handle(Object(Laravel\\Lumen\\Http\\Request), Object(Closure))
#37 C:\\xampp\\htdocs\\Projects\\pti-ptr-lumen\\ApiGateway\\vendor\\laravel\\lumen-framework\\src\\Routing\\Pipeline.php(30): Illuminate\\Pipeline\\Pipeline->Illuminate\\Pipeline\\{closure}(Object(Laravel\\Lumen\\Http\\Request))
#38 C:\\xampp\\htdocs\\Projects\\pti-ptr-lumen\\ApiGateway\\vendor\\illuminate\\pipeline\\Pipeline.php(103): Laravel\\Lumen\\Routing\\Pipeline->Laravel\\Lumen\\Routing\\{closure}(Object(Laravel\\Lumen\\Http\\Request))
#39 C:\\xampp\\htdocs\\Projects\\pti-ptr-lumen\\ApiGateway\\vendor\\laravel\\lumen-framework\\src\\Concerns\\RoutesRequests.php(423): Illuminate\\Pipeline\\Pipeline->then(Object(Closure))
#40 C:\\xampp\\htdocs\\Projects\\pti-ptr-lumen\\ApiGateway\\vendor\\laravel\\lumen-framework\\src\\Concerns\\RoutesRequests.php(172): Laravel\\Lumen\\Application->sendThroughPipeline(Array, Object(Closure))
#41 C:\\xampp\\htdocs\\Projects\\pti-ptr-lumen\\ApiGateway\\vendor\\laravel\\lumen-framework\\src\\Concerns\\RoutesRequests.php(109): Laravel\\Lumen\\Application->dispatch(NULL)
#42 C:\\xampp\\htdocs\\Projects\\pti-ptr-lumen\\ApiGateway\\public\\index.php(28): Laravel\\Lumen\\Application->run()
#43 {main}
"} 
